Using worker: worker-linux-4-1.bb.travis-ci.org:travis-linux-8

travis_fold:start:git.1$ git clone --depth=50 --branch=master git://github.com/JJ/hoborg.git JJ/hoborg
Cloning into 'JJ/hoborg'...
remote: Counting objects: 295, done.ote: Compressing objects:   0% (1/179)   ote: Compressing objects:   1% (2/179)   ote: Compressing objects:   2% (4/179)   ote: Compressing objects:   3% (6/179)   ote: Compressing objects:   4% (8/179)   ote: Compressing objects:   5% (9/179)   ote: Compressing objects:   6% (11/179)   ote: Compressing objects:   7% (13/179)   ote: Compressing objects:   8% (15/179)   ote: Compressing objects:   9% (17/179)   ote: Compressing objects:  10% (18/179)   ote: Compressing objects:  11% (20/179)   ote: Compressing objects:  12% (22/179)   ote: Compressing objects:  13% (24/179)   ote: Compressing objects:  14% (26/179)   ote: Compressing objects:  15% (27/179)   ote: Compressing objects:  16% (29/179)   ote: Compressing objects:  17% (31/179)   ote: Compressing objects:  18% (33/179)   ote: Compressing objects:  19% (35/179)   ote: Compressing objects:  20% (36/179)   ote: Compressing objects:  21% (38/179)   ote: Compressing objects:  22% (40/179)   ote: Compressing objects:  23% (42/179)   ote: Compressing objects:  24% (43/179)   ote: Compressing objects:  25% (45/179)   ote: Compressing objects:  26% (47/179)   ote: Compressing objects:  27% (49/179)   ote: Compressing objects:  28% (51/179)   ote: Compressing objects:  29% (52/179)   ote: Compressing objects:  30% (54/179)   ote: Compressing objects:  31% (56/179)   ote: Compressing objects:  32% (58/179)   ote: Compressing objects:  33% (60/179)   ote: Compressing objects:  34% (61/179)   ote: Compressing objects:  35% (63/179)   ote: Compressing objects:  36% (65/179)   ote: Compressing objects:  37% (67/179)   ote: Compressing objects:  38% (69/179)   ote: Compressing objects:  39% (70/179)   ote: Compressing objects:  40% (72/179)   ote: Compressing objects:  41% (74/179)   ote: Compressing objects:  42% (76/179)   ote: Compressing objects:  43% (77/179)   ote: Compressing objects:  44% (79/179)   ote: Compressing objects:  45% (81/179)   ote: Compressing objects:  46% (83/179)   ote: Compressing objects:  47% (85/179)   ote: Compressing objects:  48% (86/179)   ote: Compressing objects:  49% (88/179)   ote: Compressing objects:  50% (90/179)   ote: Compressing objects:  51% (92/179)   ote: Compressing objects:  52% (94/179)   ote: Compressing objects:  53% (95/179)   ote: Compressing objects:  54% (97/179)   ote: Compressing objects:  55% (99/179)   ote: Compressing objects:  56% (101/179)   ote: Compressing objects:  57% (103/179)   ote: Compressing objects:  58% (104/179)   ote: Compressing objects:  59% (106/179)   ote: Compressing objects:  60% (108/179)   ote: Compressing objects:  61% (110/179)   ote: Compressing objects:  62% (111/179)   ote: Compressing objects:  63% (113/179)   ote: Compressing objects:  64% (115/179)   ote: Compressing objects:  65% (117/179)   ote: Compressing objects:  66% (119/179)   ote: Compressing objects:  67% (120/179)   ote: Compressing objects:  68% (122/179)   ote: Compressing objects:  69% (124/179)   ote: Compressing objects:  70% (126/179)   ote: Compressing objects:  71% (128/179)   ote: Compressing objects:  72% (129/179)   ote: Compressing objects:  73% (131/179)   ote: Compressing objects:  74% (133/179)   ote: Compressing objects:  75% (135/179)   ote: Compressing objects:  76% (137/179)   ote: Compressing objects:  77% (138/179)   ote: Compressing objects:  78% (140/179)   ote: Compressing objects:  79% (142/179)   ote: Compressing objects:  80% (144/179)   ote: Compressing objects:  81% (145/179)   ote: Compressing objects:  82% (147/179)   ote: Compressing objects:  83% (149/179)   ote: Compressing objects:  84% (151/179)   ote: Compressing objects:  85% (153/179)   ote: Compressing objects:  86% (154/179)   ote: Compressing objects:  87% (156/179)   ote: Compressing objects:  88% (158/179)   ote: Compressing objects:  89% (160/179)   ote: Compressing objects:  90% (162/179)   ote: Compressing objects:  91% (163/179)   ote: Compressing objects:  92% (165/179)   ote: Compressing objects:  93% (167/179)   ote: Compressing objects:  94% (169/179)   ote: Compressing objects:  95% (171/179)   ote: Compressing objects:  96% (172/179)   ote: Compressing objects:  97% (174/179)   ote: Compressing objects:  98% (176/179)   ote: Compressing objects:  99% (178/179)   ote: Compressing objects: 100% (179/179)   ote: Compressing objects: 100% (179/179), done.ote: Total 295 (delta 189), reused 207 (delta 111)ay be copied only under the terms of either the Artistic License or the
GNU General Public License, which may be found in the Perl 5 source kit.

Complete documentation for Perl, including FAQ lists, should be found on
this system using "man perl" or "perldoc perl".  If you have access to the
Internet, point your browser at http://www.perl.org/, the Perl Home Page.

$ cpanm --version
cpanm (App::cpanminus) version 1.6920 (/home/travis/perl5/perlbrew/bin/cpanm)
perl version 5.016003 (/home/travis/perl5/perlbrew/perls/5.16/bin/perl)

  %Config:
    archname=x86_64-linux
    installsitelib=/home/travis/perl5/perlbrew/perls/5.16/lib/site_perl/5.16.3
    installsitebin=/home/travis/perl5/perlbrew/perls/5.16/bin
    installman1dir=/home/travis/perl5/perlbrew/perls/5.16/man/man1
    installman3dir=/home/travis/perl5/perlbrew/perls/5.16/man/man3
    sitelibexp=/home/travis/perl5/perlbrew/perls/5.16/lib/site_perl/5.16.3
    archlibexp=/home/travis/perl5/perlbrew/perls/5.16/lib/5.16.3/x86_64-linux
    privlibexp=/home/travis/perl5/perlbrew/perls/5.16/lib/5.16.3
  %ENV:
    PERLBREW_BASHRC_VERSION=0.64
    PERLBREW_HOME=/home/travis/.perlbrew
    PERLBREW_MANPATH=/home/travis/perl5/perlbrew/perls/5.16/man
    PERLBREW_PATH=/home/travis/perl5/perlbrew/bin:/home/travis/perl5/perlbrew/perls/5.16/bin
    PERLBREW_PERL=5.16
    PERLBREW_ROOT=/home/travis/perl5/perlbrew
    PERLBREW_VERSION=0.64
  @INC:
    /home/travis/perl5/perlbrew/perls/5.16/lib/site_perl/5.16.3/x86_64-linux
    /home/travis/perl5/perlbrew/perls/5.16/lib/site_perl/5.16.3
    /home/travis/perl5/perlbrew/perls/5.16/lib/5.16.3/x86_64-linux
    /home/travis/perl5/perlbrew/perls/5.16/lib/5.16.3
    .
travis_fold:start:before_install.1$ sudo apt-get install libhunspell-1.3-0 hunspell-en-us libhunspell-dev
Reading package lists... 0%Reading package lists... 0%Reading package lists... 1%Reading package lists... 7%Reading package lists... 7%Reading package lists... 7%Reading package lists... 7%Reading package lists... 25%Reading package lists... 30%Reading package lists... 30%Reading package lists... 30%Reading package lists... 30%Reading package lists... 37%Reading package lists... 37%Reading package lists... 38%Reading package lists... 38%Reading package lists... 51%Reading package lists... 61%Reading package lists... 61%Reading package lists... 61%Reading package lists... 61%Reading package lists... 65%Reading package lists... 65%Reading package lists... 65%Reading package lists... 65%Reading package lists... 65%Reading package lists... 65%Reading package lists... 75%Reading package lists... 79%Reading package lists... 79%Reading package lists... 83%Reading package lists... 83%Reading package lists... 83%Reading package lists... 83%Reading package lists... 84%Reading package lists... 84%Reading package lists... 84%Reading package lists... 84%Reading package lists... 88%Reading package lists... 88%Reading package lists... 88%Reading package lists... 88%Reading package lists... 89%Reading package lists... 89%Reading package lists... 89%Reading package lists... 89%Reading package lists... 91%Reading package lists... 91%Reading package lists... 91%Reading package lists... 91%Reading package lists... 92%Reading package lists... 92%Reading package lists... 92%Reading package lists... 92%Reading package lists... 92%Reading package lists... 92%Reading package lists... 92%Reading package lists... 92%Reading package lists... 92%Reading package lists... 92%Reading package lists... 92%Reading package lists... 92%Reading package lists... 92%Reading package lists... 92%Reading package lists... 92%Reading package lists... 92%Reading package lists... 92%Reading package lists... 92%Reading package lists... 92%Reading package lists... 92%Reading package lists... 92%Reading package lists... 92%Reading package lists... 92%Reading package lists... 92%Reading package lists... 92%Reading package lists... 92%Reading package lists... 92%Reading package lists... 92%Reading package lists... 93%Reading package lists... 94%Reading package lists... 94%Reading package lists... 94%Reading package lists... 94%Reading package lists... 95%Reading package lists... 95%Reading package lists... 95%Reading package lists... 95%Reading package lists... 97%Reading package lists... 97%Reading package lists... 97%Reading package lists... 97%Reading package lists... 97%Reading package lists... 97%Reading package lists... 97%Reading package lists... 97%Reading package lists... 98%Reading package lists... 98%Reading package lists... 98%Reading package lists... 98%Reading package lists... 98%Reading package lists... 98%Reading package lists... 99%Reading package lists... 99%Reading package lists... 99%Reading package lists... 99%Reading package lists... 99%Reading package lists... 99%Reading package lists... 99%Reading package lists... 99%Reading package lists... 99%Reading package lists... 99%Reading package lists... 99%Reading package lists... 99%Reading package lists... 99%Reading package lists... 99%Reading package lists... 99%Reading package lists... 99%Reading package lists... 99%Reading package lists... 99%Reading package lists... 99%Reading package lists... 99%Reading package lists... 99%Reading package lists... 99%Reading package lists... 99%Reading package lists... 99%Reading package lists... 99%Reading package lists... 99%Reading package lists... 99%Reading package lists... 99%Reading package lists... 99%Reading package lists... 99%Reading package lists... Done
Building dependency tree... 0%Building dependency tree... 0%Building dependency tree... 0%Building dependency tree... 50%Building dependency tree... 50%Building dependency tree       
Reading state information... 0%Reading state information... 0%Reading state information... Done
The following extra packages will be installed:
  dictionaries-common
Suggested packages:
  ispell jed-extra hunspell openoffice.org-hunspell openoffice.org-core
The following NEW packages will be installed:
  dictionaries-common hunspell-en-us libhunspell-1.3-0 libhunspell-dev
0 upgraded, 4 newly installed, 0 to remove and 0 not upgraded.
Need to get 848 kB of archives.
After this operation, 2,778 kB of additional disk space will be used.
0% [Working]            0% [Connecting to us.archive.ubuntu.com (2001:67c:1360:4801::15)]                                                                 Get:1 http://us.archive.ubuntu.com/ubuntu/ precise/main libhunspell-1.3-0 amd64 1.3.2-4 [142 kB]
                                                                 2% [1 libhunspell-1.3-0 14.0 kB/142 kB 10%]                                           17% [Waiting for headers]                         Get:2 http://us.archive.ubuntu.com/ubuntu/ precise/main dictionaries-common all 1.12.1ubuntu2 [246 kB]
                         20% [2 dictionaries-common 28.7 kB/246 kB 12%]                                              46% [Waiting for headers]                         Get:3 http://us.archive.ubuntu.com/ubuntu/ precise/main hunspell-en-us all 20070829-4ubuntu3 [248 kB]
                         46% [3 hunspell-en-us 5,063 B/248 kB 2%]                                        75% [Waiting for headers]                         Get:4 http://us.archive.ubuntu.com/ubuntu/ precise/main libhunspell-dev amd64 1.3.2-4 [213 kB]
                         77% [4 libhunspell-dev 18.4 kB/213 kB 9%]                                         100% [Working]              Fetched 848 kB in 1s (511 kB/s)
Preconfiguring packages ...
Selecting previously unselected package libhunspell-1.3-0.
(Reading database ... (Reading database ... 5%(Reading database ... 10%(Reading database ... 15%(Reading database ... 20%(Reading database ... 25%(Reading database ... 30%(Reading database ... 35%(Reading database ... 40%(Reading database ... 45%(Reading database ... 50%(Reading database ... 55%(Reading database ... 60%(Reading database ... 65%(Reading database ... 70%(Reading database ... 75%(Reading database ... 80%(Reading database ... 85%(Reading database ... 90%(Reading database ... 95%(Reading database ... 100%(Reading database ... 58789 files and directories currently installed.)
Unpacking libhunspell-1.3-0 (from .../libhunspell-1.3-0_1.3.2-4_amd64.deb) ...
Selecting previously unselected package dictionaries-common.
Unpacking dictionaries-common (from .../dictionaries-common_1.12.1ubuntu2_all.deb) ...
Adding 'diversion of /usr/share/dict/words to /usr/share/dict/words.pre-dictionaries-common by dictionaries-common'
Selecting previously unselected package hunspell-en-us.
Unpacking hunspell-en-us (from .../hunspell-en-us_20070829-4ubuntu3_all.deb) ...
Selecting previously unselected package libhunspell-dev.
Unpacking libhunspell-dev (from .../libhunspell-dev_1.3.2-4_amd64.deb) ...
Processing triggers for man-db ...
Setting up libhunspell-1.3-0 (1.3.2-4) ...
Setting up dictionaries-common (1.12.1ubuntu2) ...
install/dictionaries-common: Byte-compiling for emacsen flavour emacs23
Wrote /usr/share/emacs23/site-lisp/dictionaries-common/debian-ispell.elc
Wrote /usr/share/emacs23/site-lisp/dictionaries-common/ispell.elc
Wrote /usr/share/emacs23/site-lisp/dictionaries-common/flyspell.elc
Setting up libhunspell-dev (1.3.2-4) ...
Processing triggers for dictionaries-common ...
Setting up hunspell-en-us (20070829-4ubuntu3) ...
Processing triggers for libc-bin ...
ldconfig deferred processing now taking place
travis_fold:end:before_install.1travis_fold:start:before_install.2$ cd Text-Hoborg
travis_fold:end:before_install.2travis_fold:start:install$ cpanm --quiet --installdeps --notest .
Successfully installed Text-Hunspell-2.08
Successfully installed Lingua-EN-Syllable-0.251
Successfully installed Lingua-EN-Fathom-1.15
3 distributions installed
travis_fold:end:install$ perl Makefile.PL && make test
Writing Makefile for Text::Hoborg
Writing MYMETA.yml and MYMETA.json
cp lib/Text/Hoborg.pm blib/lib/Text/Hoborg.pm
PERL_DL_NONLAZY=1 /home/travis/perl5/perlbrew/perls/5.16/bin/perl "-MExtUtils::Command::MM" "-e" "test_harness(0, 'blib/lib', 'blib/arch')" t/*.t
t/00.load.t ......... t/00.load.t ......... 1/? 
#   Failed test 'use Text::Hoborg;'
#   at t/00.load.t line 9.
#     Tried to use 'Text::Hoborg'.
#     Error:  Global symbol "$self" requires explicit package name at /home/travis/build/JJ/hoborg/Text-Hoborg/blib/lib/Text/Hoborg.pm line 42.
# Compilation failed in require at (eval 6) line 2.
# BEGIN failed--compilation aborted at (eval 6) line 2.
Use of uninitialized value $Text::Hoborg::VERSION in concatenation (.) or string at t/00.load.t line 12.
# Testing Text::Hoborg 

#   Failed test 'Checking hoborg_novel in text'
#   at t/00.load.t line 29.

#   Failed test 'Checking fuckin' in text'
#   at t/00.load.t line 29.

#   Failed test 'Checking posession in text'
#   at t/00.load.t line 29.

#   Failed test 'Checking Planazo in text'
#   at t/00.load.t line 29.
t/00.load.t ......... 3192/? t/00.load.t ......... 14607/? Undefined subroutine &Text::Hoborg::appendices called at t/00.load.t line 32.
# Tests were run but no plan was declared and done_testing() was not seen.
                               t/00.load.t ......... Dubious, test returned 255 (wstat 65280, 0xff00)
Failed 5/15767 subtests 
t/01.readability.t .. Global symbol "$self" requires explicit package name at /home/travis/build/JJ/hoborg/Text-Hoborg/blib/lib/Text/Hoborg.pm line 42.
Compilation failed in require at t/01.readability.t line 8.
BEGIN failed--compilation aborted at t/01.readability.t line 8.
                        t/01.readability.t .. Dubious, test returned 255 (wstat 65280, 0xff00)
No subtests run 

Test Summary Report
-------------------
t/00.load.t       (Wstat: 65280 Tests: 15767 Failed: 5)
  Failed tests:  1, 48, 537, 550, 710
  Non-zero exit status: 255
  Parse errors: No plan found in TAP output
t/01.readability.t (Wstat: 65280 Tests: 0 Failed: 0)
  Non-zero exit status: 255
  Parse errors: No plan found in TAP output
Files=2, Tests=15767,  2 wallclock secs ( 1.30 usr  0.04 sys +  1.45 cusr  0.04 csys =  2.83 CPU)
Result: FAIL
Failed 2/2 test programs. 5/15767 subtests failed.
make: *** [test_dynamic] Error 255

The command "make test" exited with 2.

Done. Your build exited with 1.
