Using worker: worker-linux-4-2.bb.travis-ci.org:travis-linux-8

travis_fold:start:git.1$ git clone --depth=50 --branch=master git://github.com/JJ/hoborg.git JJ/hoborg
Cloning into 'JJ/hoborg'...
remote: Counting objects: 267, done.ote: Compressing objects:   0% (1/140)   ote: Compressing objects:   1% (2/140)   ote: Compressing objects:   2% (3/140)   ote: Compressing objects:   3% (5/140)   ote: Compressing objects:   4% (6/140)   ote: Compressing objects:   5% (7/140)   ote: Compressing objects:   6% (9/140)   ote: Compressing objects:   7% (10/140)   ote: Compressing objects:   8% (12/140)   ote: Compressing objects:   9% (13/140)   ote: Compressing objects:  10% (14/140)   ote: Compressing objects:  11% (16/140)   ote: Compressing objects:  12% (17/140)   ote: Compressing objects:  13% (19/140)   ote: Compressing objects:  14% (20/140)   ote: Compressing objects:  15% (21/140)   ote: Compressing objects:  16% (23/140)   ote: Compressing objects:  17% (24/140)   ote: Compressing objects:  18% (26/140)   ote: Compressing objects:  19% (27/140)   ote: Compressing objects:  20% (28/140)   ote: Compressing objects:  21% (30/140)   ote: Compressing objects:  22% (31/140)   ote: Compressing objects:  23% (33/140)   ote: Compressing objects:  24% (34/140)   ote: Compressing objects:  25% (35/140)   ote: Compressing objects:  26% (37/140)   ote: Compressing objects:  27% (38/140)   ote: Compressing objects:  28% (40/140)   ote: Compressing objects:  29% (41/140)   ote: Compressing objects:  30% (42/140)   ote: Compressing objects:  31% (44/140)   ote: Compressing objects:  32% (45/140)   ote: Compressing objects:  33% (47/140)   ote: Compressing objects:  34% (48/140)   ote: Compressing objects:  35% (49/140)   ote: Compressing objects:  36% (51/140)   ote: Compressing objects:  37% (52/140)   ote: Compressing objects:  38% (54/140)   ote: Compressing objects:  39% (55/140)   ote: Compressing objects:  40% (56/140)   ote: Compressing objects:  41% (58/140)   ote: Compressing objects:  42% (59/140)   ote: Compressing objects:  43% (61/140)   ote: Compressing objects:  44% (62/140)   ote: Compressing objects:  45% (63/140)   ote: Compressing objects:  46% (65/140)   ote: Compressing objects:  47% (66/140)   ote: Compressing objects:  48% (68/140)   ote: Compressing objects:  49% (69/140)   ote: Compressing objects:  50% (70/140)   ote: Compressing objects:  51% (72/140)   ote: Compressing objects:  52% (73/140)   ote: Compressing objects:  53% (75/140)   ote: Compressing objects:  54% (76/140)   ote: Compressing objects:  55% (77/140)   ote: Compressing objects:  56% (79/140)   ote: Compressing objects:  57% (80/140)   ote: Compressing objects:  58% (82/140)   ote: Compressing objects:  59% (83/140)   ote: Compressing objects:  60% (84/140)   ote: Compressing objects:  61% (86/140)   ote: Compressing objects:  62% (87/140)   ote: Compressing objects:  63% (89/140)   ote: Compressing objects:  64% (90/140)   ote: Compressing objects:  65% (91/140)   ote: Compressing objects:  66% (93/140)   ote: Compressing objects:  67% (94/140)   ote: Compressing objects:  68% (96/140)   ote: Compressing objects:  69% (97/140)   ote: Compressing objects:  70% (98/140)   ote: Compressing objects:  71% (100/140)   ote: Compressing objects:  72% (101/140)   ote: Compressing objects:  73% (103/140)   ote: Compressing objects:  74% (104/140)   ote: Compressing objects:  75% (105/140)   ote: Compressing objects:  76% (107/140)   ote: Compressing objects:  77% (108/140)   ote: Compressing objects:  78% (110/140)   ote: Compressing objects:  79% (111/140)   ote: Compressing objects:  80% (112/140)   ote: Compressing objects:  81% (114/140)   ote: Compressing objects:  82% (115/140)   ote: Compressing objects:  83% (117/140)   ote: Compressing objects:  84% (118/140)   ote: Compressing objects:  85% (119/140)   ote: Compressing objects:  86% (121/140)   ote: Compressing objects:  87% (122/140)   ote: Compressing objects:  88% (124/140)   ote: Compressing objects:  89% (125/140)   ote: Compressing objects:  90% (126/140)   ote: Compressing objects:  91% (128/140)   ote: Compressing objects:  92% (129/140)   ote: Compressing objects:  93% (131/140)   ote: Compressing objects:  94% (132/140)   ote: Compressing objects:  95% (133/140)   ote: Compressing objects:  96% (135/140)   ote: Compressing objects:  97% (136/140)   ote: Compressing objects:  98% (138/140)   ote: Compressing objects:  99% (139/140)   ote: Compressing objects: 100% (140/140)   ote: Compressing objects: 100% (140/140), done.ote: Total 267 (delta 166), reused 212 (delta 121)ay be copied only under the terms of either the Artistic License or the
GNU General Public License, which may be found in the Perl 5 source kit.

Complete documentation for Perl, including FAQ lists, should be found on
this system using "man perl" or "perldoc perl".  If you have access to the
Internet, point your browser at http://www.perl.org/, the Perl Home Page.

$ cpanm --version
cpanm (App::cpanminus) version 1.6102
travis_fold:start:before_install.1$ sudo apt-get install libhunspell-1.3-0 hunspell-en-us libhunspell-dev
Reading package lists... 0%Reading package lists... 0%Reading package lists... 1%Reading package lists... 7%Reading package lists... 7%Reading package lists... 7%Reading package lists... 7%Reading package lists... 28%Reading package lists... 31%Reading package lists... 31%Reading package lists... 31%Reading package lists... 31%Reading package lists... 38%Reading package lists... 38%Reading package lists... 39%Reading package lists... 39%Reading package lists... 58%Reading package lists... 62%Reading package lists... 62%Reading package lists... 63%Reading package lists... 63%Reading package lists... 66%Reading package lists... 66%Reading package lists... 67%Reading package lists... 67%Reading package lists... 67%Reading package lists... 67%Reading package lists... 81%Reading package lists... 81%Reading package lists... 84%Reading package lists... 84%Reading package lists... 85%Reading package lists... 85%Reading package lists... 86%Reading package lists... 86%Reading package lists... 86%Reading package lists... 86%Reading package lists... 86%Reading package lists... 89%Reading package lists... 89%Reading package lists... 90%Reading package lists... 90%Reading package lists... 91%Reading package lists... 91%Reading package lists... 91%Reading package lists... 91%Reading package lists... 93%Reading package lists... 93%Reading package lists... 93%Reading package lists... 93%Reading package lists... 93%Reading package lists... 93%Reading package lists... 93%Reading package lists... 93%Reading package lists... 93%Reading package lists... 93%Reading package lists... 93%Reading package lists... 93%Reading package lists... 93%Reading package lists... 93%Reading package lists... 93%Reading package lists... 93%Reading package lists... 93%Reading package lists... 93%Reading package lists... 93%Reading package lists... 93%Reading package lists... 93%Reading package lists... 93%Reading package lists... 93%Reading package lists... 93%Reading package lists... 93%Reading package lists... 93%Reading package lists... 93%Reading package lists... 93%Reading package lists... 93%Reading package lists... 93%Reading package lists... 93%Reading package lists... 93%Reading package lists... 95%Reading package lists... 95%Reading package lists... 95%Reading package lists... 95%Reading package lists... 95%Reading package lists... 95%Reading package lists... 95%Reading package lists... 95%Reading package lists... 97%Reading package lists... 97%Reading package lists... 97%Reading package lists... 97%Reading package lists... 97%Reading package lists... 97%Reading package lists... 97%Reading package lists... 97%Reading package lists... 98%Reading package lists... 98%Reading package lists... 98%Reading package lists... 98%Reading package lists... 98%Reading package lists... 98%Reading package lists... 98%Reading package lists... 98%Reading package lists... 98%Reading package lists... 98%Reading package lists... 99%Reading package lists... 99%Reading package lists... 99%Reading package lists... 99%Reading package lists... 99%Reading package lists... 99%Reading package lists... 99%Reading package lists... 99%Reading package lists... 99%Reading package lists... 99%Reading package lists... 99%Reading package lists... 99%Reading package lists... 99%Reading package lists... 99%Reading package lists... 99%Reading package lists... 99%Reading package lists... 99%Reading package lists... 99%Reading package lists... 99%Reading package lists... 99%Reading package lists... 99%Reading package lists... 99%Reading package lists... 99%Reading package lists... 99%Reading package lists... 99%Reading package lists... 99%Reading package lists... Done
Building dependency tree... 0%Building dependency tree... 0%Building dependency tree... 50%Building dependency tree... 50%Building dependency tree       
Reading state information... 0%Reading state information... 0%Reading state information... Done
The following extra packages will be installed:
  dictionaries-common
Suggested packages:
  ispell jed-extra hunspell openoffice.org-hunspell openoffice.org-core
The following NEW packages will be installed:
  dictionaries-common hunspell-en-us libhunspell-1.3-0 libhunspell-dev
0 upgraded, 4 newly installed, 0 to remove and 0 not upgraded.
Need to get 848 kB of archives.
After this operation, 2,778 kB of additional disk space will be used.
0% [Working]            Get:1 http://us.archive.ubuntu.com/ubuntu/ precise/main libhunspell-1.3-0 amd64 1.3.2-4 [142 kB]
            2% [1 libhunspell-1.3-0 14.0 kB/142 kB 10%]                                           17% [Working]             Get:2 http://us.archive.ubuntu.com/ubuntu/ precise/main dictionaries-common all 1.12.1ubuntu2 [246 kB]
             20% [2 dictionaries-common 24.6 kB/246 kB 10%]                                              46% [Waiting for headers]                         Get:3 http://us.archive.ubuntu.com/ubuntu/ precise/main hunspell-en-us all 20070829-4ubuntu3 [248 kB]
                         46% [3 hunspell-en-us 5,063 B/248 kB 2%]                                        75% [Waiting for headers]                         Get:4 http://us.archive.ubuntu.com/ubuntu/ precise/main libhunspell-dev amd64 1.3.2-4 [213 kB]
                         76% [4 libhunspell-dev 7,107 B/213 kB 3%]                                         100% [Working]              Fetched 848 kB in 1s (453 kB/s)
Preconfiguring packages ...
Selecting previously unselected package libhunspell-1.3-0.
(Reading database ... (Reading database ... 5%(Reading database ... 10%(Reading database ... 15%(Reading database ... 20%(Reading database ... 25%(Reading database ... 30%(Reading database ... 35%(Reading database ... 40%(Reading database ... 45%(Reading database ... 50%(Reading database ... 55%(Reading database ... 60%(Reading database ... 65%(Reading database ... 70%(Reading database ... 75%(Reading database ... 80%(Reading database ... 85%(Reading database ... 90%(Reading database ... 95%(Reading database ... 100%(Reading database ... 59321 files and directories currently installed.)
Unpacking libhunspell-1.3-0 (from .../libhunspell-1.3-0_1.3.2-4_amd64.deb) ...
Selecting previously unselected package dictionaries-common.
Unpacking dictionaries-common (from .../dictionaries-common_1.12.1ubuntu2_all.deb) ...
Adding 'diversion of /usr/share/dict/words to /usr/share/dict/words.pre-dictionaries-common by dictionaries-common'
Selecting previously unselected package hunspell-en-us.
Unpacking hunspell-en-us (from .../hunspell-en-us_20070829-4ubuntu3_all.deb) ...
Selecting previously unselected package libhunspell-dev.
Unpacking libhunspell-dev (from .../libhunspell-dev_1.3.2-4_amd64.deb) ...
Processing triggers for man-db ...
Setting up libhunspell-1.3-0 (1.3.2-4) ...
Setting up dictionaries-common (1.12.1ubuntu2) ...
install/dictionaries-common: Byte-compiling for emacsen flavour emacs23
Wrote /usr/share/emacs23/site-lisp/dictionaries-common/debian-ispell.elc
Wrote /usr/share/emacs23/site-lisp/dictionaries-common/ispell.elc
Wrote /usr/share/emacs23/site-lisp/dictionaries-common/flyspell.elc
Setting up libhunspell-dev (1.3.2-4) ...
Processing triggers for dictionaries-common ...
Setting up hunspell-en-us (20070829-4ubuntu3) ...
Processing triggers for libc-bin ...
ldconfig deferred processing now taking place
travis_fold:end:before_install.1travis_fold:start:before_install.2$ cd Text-Hoborg
travis_fold:end:before_install.2travis_fold:start:install$ cpanm --quiet --installdeps --notest .
Successfully installed Text-Hunspell-2.08
Successfully installed Lingua-EN-Syllable-0.251
Successfully installed Lingua-EN-Fathom-1.15
3 distributions installed
travis_fold:end:install$ perl Makefile.PL && make test
Writing Makefile for Text::Hoborg
Writing MYMETA.yml and MYMETA.json
cp lib/Text/Hoborg.pm blib/lib/Text/Hoborg.pm
PERL_DL_NONLAZY=1 /home/travis/perl5/perlbrew/perls/5.16/bin/perl "-MExtUtils::Command::MM" "-e" "test_harness(0, 'blib/lib', 'blib/arch')" t/*.t
t/00.load.t ......... t/00.load.t ......... 1/? # Testing Text::Hoborg 0.0.3

#   Failed test 'Checking yay'
#   at t/00.load.t line 29.
t/00.load.t ......... 6644/? 
#   Failed test 'Checking yer'
#   at t/00.load.t line 29.

#   Failed test 'Checking Yay'
#   at t/00.load.t line 29.
# Looks like you failed 3 tests of 12046.
                               t/00.load.t ......... Dubious, test returned 3 (wstat 768, 0x300)
Failed 3/12046 subtests 
t/01.readability.t .. # Testing Text::Hoborg 0.0.3
# Fog = 8.71822692797549
# Kincaid = 6.69619890163969
# Flesch = 73.490046465317
t/01.readability.t .. 1/?                            t/01.readability.t .. ok

Test Summary Report
-------------------
t/00.load.t       (Wstat: 768 Tests: 12046 Failed: 3)
  Failed tests:  6254, 7671, 7684
  Non-zero exit status: 3
Files=2, Tests=12052,  2 wallclock secs ( 1.32 usr  0.04 sys +  2.41 cusr  0.05 csys =  3.82 CPU)
Result: FAIL
Failed 1/2 test programs. 3/12052 subtests failed.
make: *** [test_dynamic] Error 255

The command "make test" exited with 2.

Done. Your build exited with 1.
