Using worker: worker-linux-6-2.bb.travis-ci.org:travis-linux-13

travis_fold:start:git.1$ git clone --depth=50 --branch=master git://github.com/JJ/hoborg.git JJ/hoborg
Cloning into 'JJ/hoborg'...
remote: Counting objects: 266, done.ote: Compressing objects:   0% (1/156)   ote: Compressing objects:   1% (2/156)   ote: Compressing objects:   2% (4/156)   ote: Compressing objects:   3% (5/156)   ote: Compressing objects:   4% (7/156)   ote: Compressing objects:   5% (8/156)   ote: Compressing objects:   6% (10/156)   ote: Compressing objects:   7% (11/156)   ote: Compressing objects:   8% (13/156)   ote: Compressing objects:   9% (15/156)   ote: Compressing objects:  10% (16/156)   ote: Compressing objects:  11% (18/156)   ote: Compressing objects:  12% (19/156)   ote: Compressing objects:  13% (21/156)   ote: Compressing objects:  14% (22/156)   ote: Compressing objects:  15% (24/156)   ote: Compressing objects:  16% (25/156)   ote: Compressing objects:  17% (27/156)   ote: Compressing objects:  18% (29/156)   ote: Compressing objects:  19% (30/156)   ote: Compressing objects:  20% (32/156)   ote: Compressing objects:  21% (33/156)   ote: Compressing objects:  22% (35/156)   ote: Compressing objects:  23% (36/156)   ote: Compressing objects:  24% (38/156)   ote: Compressing objects:  25% (39/156)   ote: Compressing objects:  26% (41/156)   ote: Compressing objects:  27% (43/156)   ote: Compressing objects:  28% (44/156)   ote: Compressing objects:  29% (46/156)   ote: Compressing objects:  30% (47/156)   ote: Compressing objects:  31% (49/156)   ote: Compressing objects:  32% (50/156)   ote: Compressing objects:  33% (52/156)   ote: Compressing objects:  34% (54/156)   ote: Compressing objects:  35% (55/156)   ote: Compressing objects:  36% (57/156)   ote: Compressing objects:  37% (58/156)   ote: Compressing objects:  38% (60/156)   ote: Compressing objects:  39% (61/156)   ote: Compressing objects:  40% (63/156)   ote: Compressing objects:  41% (64/156)   ote: Compressing objects:  42% (66/156)   ote: Compressing objects:  43% (68/156)   ote: Compressing objects:  44% (69/156)   ote: Compressing objects:  45% (71/156)   ote: Compressing objects:  46% (72/156)   ote: Compressing objects:  47% (74/156)   ote: Compressing objects:  48% (75/156)   ote: Compressing objects:  49% (77/156)   ote: Compressing objects:  50% (78/156)   ote: Compressing objects:  51% (80/156)   ote: Compressing objects:  52% (82/156)   ote: Compressing objects:  53% (83/156)   ote: Compressing objects:  54% (85/156)   ote: Compressing objects:  55% (86/156)   ote: Compressing objects:  56% (88/156)   ote: Compressing objects:  57% (89/156)   ote: Compressing objects:  58% (91/156)   ote: Compressing objects:  59% (93/156)   ote: Compressing objects:  60% (94/156)   ote: Compressing objects:  61% (96/156)   ote: Compressing objects:  62% (97/156)   ote: Compressing objects:  63% (99/156)   ote: Compressing objects:  64% (100/156)   ote: Compressing objects:  65% (102/156)   ote: Compressing objects:  66% (103/156)   ote: Compressing objects:  67% (105/156)   ote: Compressing objects:  68% (107/156)   ote: Compressing objects:  69% (108/156)   ote: Compressing objects:  70% (110/156)   ote: Compressing objects:  71% (111/156)   ote: Compressing objects:  72% (113/156)   ote: Compressing objects:  73% (114/156)   ote: Compressing objects:  74% (116/156)   ote: Compressing objects:  75% (117/156)   ote: Compressing objects:  76% (119/156)   ote: Compressing objects:  77% (121/156)   ote: Compressing objects:  78% (122/156)   ote: Compressing objects:  79% (124/156)   ote: Compressing objects:  80% (125/156)   ote: Compressing objects:  81% (127/156)   ote: Compressing objects:  82% (128/156)   ote: Compressing objects:  83% (130/156)   ote: Compressing objects:  84% (132/156)   ote: Compressing objects:  85% (133/156)   ote: Compressing objects:  86% (135/156)   ote: Compressing objects:  87% (136/156)   ote: Compressing objects:  88% (138/156)   ote: Compressing objects:  89% (139/156)   ote: Compressing objects:  90% (141/156)   ote: Compressing objects:  91% (142/156)   ote: Compressing objects:  92% (144/156)   ote: Compressing objects:  93% (146/156)   ote: Compressing objects:  94% (147/156)   ote: Compressing objects:  95% (149/156)   ote: Compressing objects:  96% (150/156)   ote: Compressing objects:  97% (152/156)   ote: Compressing objects:  98% (153/156)   ote: Compressing objects:  99% (155/156)   ote: Compressing objects: 100% (156/156)   ote: Compressing objects: 100% (156/156), done.ote: Total 266 (delta 167), reused 194 (delta 104)ay be copied only under the terms of either the Artistic License or the
GNU General Public License, which may be found in the Perl 5 source kit.

Complete documentation for Perl, including FAQ lists, should be found on
this system using "man perl" or "perldoc perl".  If you have access to the
Internet, point your browser at http://www.perl.org/, the Perl Home Page.

$ cpanm --version
cpanm (App::cpanminus) version 1.6102
travis_fold:start:before_install.1$ sudo apt-get install libhunspell-1.3-0 hunspell-en-us libhunspell-dev
Reading package lists... 0%Reading package lists... 0%Reading package lists... 1%Reading package lists... 7%Reading package lists... 7%Reading package lists... 7%Reading package lists... 7%Reading package lists... 25%Reading package lists... 31%Reading package lists... 31%Reading package lists... 31%Reading package lists... 31%Reading package lists... 38%Reading package lists... 38%Reading package lists... 39%Reading package lists... 39%Reading package lists... 55%Reading package lists... 62%Reading package lists... 62%Reading package lists... 63%Reading package lists... 63%Reading package lists... 66%Reading package lists... 66%Reading package lists... 67%Reading package lists... 67%Reading package lists... 67%Reading package lists... 67%Reading package lists... 81%Reading package lists... 81%Reading package lists... 84%Reading package lists... 84%Reading package lists... 85%Reading package lists... 85%Reading package lists... 86%Reading package lists... 86%Reading package lists... 86%Reading package lists... 86%Reading package lists... 86%Reading package lists... 89%Reading package lists... 89%Reading package lists... 90%Reading package lists... 90%Reading package lists... 91%Reading package lists... 91%Reading package lists... 91%Reading package lists... 91%Reading package lists... 93%Reading package lists... 93%Reading package lists... 93%Reading package lists... 93%Reading package lists... 93%Reading package lists... 93%Reading package lists... 93%Reading package lists... 93%Reading package lists... 93%Reading package lists... 93%Reading package lists... 93%Reading package lists... 93%Reading package lists... 93%Reading package lists... 93%Reading package lists... 93%Reading package lists... 93%Reading package lists... 93%Reading package lists... 93%Reading package lists... 93%Reading package lists... 93%Reading package lists... 93%Reading package lists... 93%Reading package lists... 93%Reading package lists... 93%Reading package lists... 93%Reading package lists... 93%Reading package lists... 93%Reading package lists... 93%Reading package lists... 93%Reading package lists... 93%Reading package lists... 93%Reading package lists... 93%Reading package lists... 95%Reading package lists... 95%Reading package lists... 95%Reading package lists... 95%Reading package lists... 95%Reading package lists... 95%Reading package lists... 95%Reading package lists... 95%Reading package lists... 97%Reading package lists... 97%Reading package lists... 97%Reading package lists... 97%Reading package lists... 97%Reading package lists... 97%Reading package lists... 97%Reading package lists... 97%Reading package lists... 98%Reading package lists... 98%Reading package lists... 98%Reading package lists... 98%Reading package lists... 98%Reading package lists... 98%Reading package lists... 98%Reading package lists... 98%Reading package lists... 98%Reading package lists... 98%Reading package lists... 99%Reading package lists... 99%Reading package lists... 99%Reading package lists... 99%Reading package lists... 99%Reading package lists... 99%Reading package lists... 99%Reading package lists... 99%Reading package lists... 99%Reading package lists... 99%Reading package lists... 99%Reading package lists... 99%Reading package lists... 99%Reading package lists... 99%Reading package lists... 99%Reading package lists... 99%Reading package lists... 99%Reading package lists... 99%Reading package lists... 99%Reading package lists... 99%Reading package lists... 99%Reading package lists... 99%Reading package lists... 99%Reading package lists... 99%Reading package lists... 99%Reading package lists... 99%Reading package lists... Done
Building dependency tree... 0%Building dependency tree... 0%Building dependency tree... 50%Building dependency tree... 50%Building dependency tree       
Reading state information... 0%Reading state information... 0%Reading state information... Done
The following extra packages will be installed:
  dictionaries-common
Suggested packages:
  ispell jed-extra hunspell openoffice.org-hunspell openoffice.org-core
The following NEW packages will be installed:
  dictionaries-common hunspell-en-us libhunspell-1.3-0 libhunspell-dev
0 upgraded, 4 newly installed, 0 to remove and 0 not upgraded.
Need to get 848 kB of archives.
After this operation, 2,778 kB of additional disk space will be used.
0% [Working]            Get:1 http://us.archive.ubuntu.com/ubuntu/ precise/main libhunspell-1.3-0 amd64 1.3.2-4 [142 kB]
            2% [1 libhunspell-1.3-0 14.0 kB/142 kB 10%]                                           17% [Working]             Get:2 http://us.archive.ubuntu.com/ubuntu/ precise/main dictionaries-common all 1.12.1ubuntu2 [246 kB]
             17% [2 dictionaries-common 477 B/246 kB 0%]                                           46% [Working]             Get:3 http://us.archive.ubuntu.com/ubuntu/ precise/main hunspell-en-us all 20070829-4ubuntu3 [248 kB]
             46% [3 hunspell-en-us 0 B/248 kB 0%]                                    75% [Working]             Get:4 http://us.archive.ubuntu.com/ubuntu/ precise/main libhunspell-dev amd64 1.3.2-4 [213 kB]
             77% [4 libhunspell-dev 18.4 kB/213 kB 9%]                                         100% [Working]              Fetched 848 kB in 0s (849 kB/s)
Preconfiguring packages ...
Selecting previously unselected package libhunspell-1.3-0.
(Reading database ... (Reading database ... 5%(Reading database ... 10%(Reading database ... 15%(Reading database ... 20%(Reading database ... 25%(Reading database ... 30%(Reading database ... 35%(Reading database ... 40%(Reading database ... 45%(Reading database ... 50%(Reading database ... 55%(Reading database ... 60%(Reading database ... 65%(Reading database ... 70%(Reading database ... 75%(Reading database ... 80%(Reading database ... 85%(Reading database ... 90%(Reading database ... 95%(Reading database ... 100%(Reading database ... 59321 files and directories currently installed.)
Unpacking libhunspell-1.3-0 (from .../libhunspell-1.3-0_1.3.2-4_amd64.deb) ...
Selecting previously unselected package dictionaries-common.
Unpacking dictionaries-common (from .../dictionaries-common_1.12.1ubuntu2_all.deb) ...
Adding 'diversion of /usr/share/dict/words to /usr/share/dict/words.pre-dictionaries-common by dictionaries-common'
Selecting previously unselected package hunspell-en-us.
Unpacking hunspell-en-us (from .../hunspell-en-us_20070829-4ubuntu3_all.deb) ...
Selecting previously unselected package libhunspell-dev.
Unpacking libhunspell-dev (from .../libhunspell-dev_1.3.2-4_amd64.deb) ...
Processing triggers for man-db ...
Setting up libhunspell-1.3-0 (1.3.2-4) ...
Setting up dictionaries-common (1.12.1ubuntu2) ...
install/dictionaries-common: Byte-compiling for emacsen flavour emacs23
Wrote /usr/share/emacs23/site-lisp/dictionaries-common/debian-ispell.elc
Wrote /usr/share/emacs23/site-lisp/dictionaries-common/ispell.elc
Wrote /usr/share/emacs23/site-lisp/dictionaries-common/flyspell.elc
Setting up libhunspell-dev (1.3.2-4) ...
Processing triggers for dictionaries-common ...
Setting up hunspell-en-us (20070829-4ubuntu3) ...
Processing triggers for libc-bin ...
ldconfig deferred processing now taking place
travis_fold:end:before_install.1travis_fold:start:before_install.2$ cd Text-Hoborg
travis_fold:end:before_install.2travis_fold:start:install$ cpanm --quiet --installdeps --notest .
Successfully installed Text-Hunspell-2.08
Successfully installed Lingua-EN-Syllable-0.251
Successfully installed Lingua-EN-Fathom-1.15
3 distributions installed
travis_fold:end:install$ perl Makefile.PL && make test
Writing Makefile for Text::Hoborg
Writing MYMETA.yml and MYMETA.json
cp lib/Text/Hoborg.pm blib/lib/Text/Hoborg.pm
PERL_DL_NONLAZY=1 /home/travis/perl5/perlbrew/perls/5.16/bin/perl "-MExtUtils::Command::MM" "-e" "test_harness(0, 'blib/lib', 'blib/arch')" t/*.t
t/00.load.t ......... t/00.load.t ......... 1/? # Testing Text::Hoborg 0.0.3
t/00.load.t ......... 9556/? 
#   Failed test 'Checking tnat'
#   at t/00.load.t line 29.

#   Failed test 'Checking Rufus''
#   at t/00.load.t line 29.

#   Failed test 'Checking dilligence'
#   at t/00.load.t line 29.

#   Failed test 'Checking dissapeared'
#   at t/00.load.t line 29.
# Looks like you failed 4 tests of 11378.
                               t/00.load.t ......... Dubious, test returned 4 (wstat 1024, 0x400)
Failed 4/11378 subtests 
t/01.readability.t .. # Testing Text::Hoborg 0.0.3
# Fog = 8.71292205404185
# Kincaid = 6.69798375321786
# Flesch = 73.3058179828794
t/01.readability.t .. 1/?                            t/01.readability.t .. ok

Test Summary Report
-------------------
t/00.load.t       (Wstat: 1024 Tests: 11378 Failed: 4)
  Failed tests:  10919, 11045, 11069, 11134
  Non-zero exit status: 4
Files=2, Tests=11384,  2 wallclock secs ( 0.97 usr  0.04 sys +  1.89 cusr  0.05 csys =  2.95 CPU)
Result: FAIL
Failed 1/2 test programs. 4/11384 subtests failed.
make: *** [test_dynamic] Error 255

The command "make test" exited with 2.

Done. Your build exited with 1.
