Using worker: worker-linux-2-2.bb.travis-ci.org:travis-linux-12

travis_fold:start:git.1$ git clone --depth=50 --branch=master git://github.com/JJ/hoborg.git JJ/hoborg
Cloning into 'JJ/hoborg'...
remote: Counting objects: 271, done.ote: Compressing objects:   0% (1/197)   ote: Compressing objects:   1% (2/197)   ote: Compressing objects:   2% (4/197)   ote: Compressing objects:   3% (6/197)   ote: Compressing objects:   4% (8/197)   ote: Compressing objects:   5% (10/197)   ote: Compressing objects:   6% (12/197)   ote: Compressing objects:   7% (14/197)   ote: Compressing objects:   8% (16/197)   ote: Compressing objects:   9% (18/197)   ote: Compressing objects:  10% (20/197)   ote: Compressing objects:  11% (22/197)   ote: Compressing objects:  12% (24/197)   ote: Compressing objects:  13% (26/197)   ote: Compressing objects:  14% (28/197)   ote: Compressing objects:  15% (30/197)   ote: Compressing objects:  16% (32/197)   ote: Compressing objects:  17% (34/197)   ote: Compressing objects:  18% (36/197)   ote: Compressing objects:  19% (38/197)   ote: Compressing objects:  20% (40/197)   ote: Compressing objects:  21% (42/197)   ote: Compressing objects:  22% (44/197)   ote: Compressing objects:  23% (46/197)   ote: Compressing objects:  24% (48/197)   ote: Compressing objects:  25% (50/197)   ote: Compressing objects:  26% (52/197)   ote: Compressing objects:  27% (54/197)   ote: Compressing objects:  28% (56/197)   ote: Compressing objects:  29% (58/197)   ote: Compressing objects:  30% (60/197)   ote: Compressing objects:  31% (62/197)   ote: Compressing objects:  32% (64/197)   ote: Compressing objects:  33% (66/197)   ote: Compressing objects:  34% (67/197)   ote: Compressing objects:  35% (69/197)   ote: Compressing objects:  36% (71/197)   ote: Compressing objects:  37% (73/197)   ote: Compressing objects:  38% (75/197)   ote: Compressing objects:  39% (77/197)   ote: Compressing objects:  40% (79/197)   ote: Compressing objects:  41% (81/197)   ote: Compressing objects:  42% (83/197)   ote: Compressing objects:  43% (85/197)   ote: Compressing objects:  44% (87/197)   ote: Compressing objects:  45% (89/197)   ote: Compressing objects:  46% (91/197)   ote: Compressing objects:  47% (93/197)   ote: Compressing objects:  48% (95/197)   ote: Compressing objects:  49% (97/197)   ote: Compressing objects:  50% (99/197)   ote: Compressing objects:  51% (101/197)   ote: Compressing objects:  52% (103/197)   ote: Compressing objects:  53% (105/197)   ote: Compressing objects:  54% (107/197)   ote: Compressing objects:  55% (109/197)   ote: Compressing objects:  56% (111/197)   ote: Compressing objects:  57% (113/197)   ote: Compressing objects:  58% (115/197)   ote: Compressing objects:  59% (117/197)   ote: Compressing objects:  60% (119/197)   ote: Compressing objects:  61% (121/197)   ote: Compressing objects:  62% (123/197)   ote: Compressing objects:  63% (125/197)   ote: Compressing objects:  64% (127/197)   ote: Compressing objects:  65% (129/197)   ote: Compressing objects:  66% (131/197)   ote: Compressing objects:  67% (132/197)   ote: Compressing objects:  68% (134/197)   ote: Compressing objects:  69% (136/197)   ote: Compressing objects:  70% (138/197)   ote: Compressing objects:  71% (140/197)   ote: Compressing objects:  72% (142/197)   ote: Compressing objects:  73% (144/197)   ote: Compressing objects:  74% (146/197)   ote: Compressing objects:  75% (148/197)   ote: Compressing objects:  76% (150/197)   ote: Compressing objects:  77% (152/197)   ote: Compressing objects:  78% (154/197)   ote: Compressing objects:  79% (156/197)   ote: Compressing objects:  80% (158/197)   ote: Compressing objects:  81% (160/197)   ote: Compressing objects:  82% (162/197)   ote: Compressing objects:  83% (164/197)   ote: Compressing objects:  84% (166/197)   ote: Compressing objects:  85% (168/197)   ote: Compressing objects:  86% (170/197)   ote: Compressing objects:  87% (172/197)   ote: Compressing objects:  88% (174/197)   ote: Compressing objects:  89% (176/197)   ote: Compressing objects:  90% (178/197)   ote: Compressing objects:  91% (180/197)   ote: Compressing objects:  92% (182/197)   ote: Compressing objects:  93% (184/197)   ote: Compressing objects:  94% (186/197)   ote: Compressing objects:  95% (188/197)   ote: Compressing objects:  96% (190/197)   ote: Compressing objects:  97% (192/197)   ote: Compressing objects:  98% (194/197)   ote: Compressing objects:  99% (196/197)   ote: Compressing objects: 100% (197/197)   ote: Compressing objects: 100% (197/197), done.ote: Total 271 (delta 176), reused 157 (delta 71)ay be copied only under the terms of either the Artistic License or the
GNU General Public License, which may be found in the Perl 5 source kit.

Complete documentation for Perl, including FAQ lists, should be found on
this system using "man perl" or "perldoc perl".  If you have access to the
Internet, point your browser at http://www.perl.org/, the Perl Home Page.

$ cpanm --version
cpanm (App::cpanminus) version 1.6922 (/home/travis/perl5/perlbrew/bin/cpanm)
perl version 5.016003 (/home/travis/perl5/perlbrew/perls/5.16/bin/perl)

  %Config:
    archname=x86_64-linux
    installsitelib=/home/travis/perl5/perlbrew/perls/5.16/lib/site_perl/5.16.3
    installsitebin=/home/travis/perl5/perlbrew/perls/5.16/bin
    installman1dir=/home/travis/perl5/perlbrew/perls/5.16/man/man1
    installman3dir=/home/travis/perl5/perlbrew/perls/5.16/man/man3
    sitelibexp=/home/travis/perl5/perlbrew/perls/5.16/lib/site_perl/5.16.3
    archlibexp=/home/travis/perl5/perlbrew/perls/5.16/lib/5.16.3/x86_64-linux
    privlibexp=/home/travis/perl5/perlbrew/perls/5.16/lib/5.16.3
  %ENV:
    PERLBREW_BASHRC_VERSION=0.64
    PERLBREW_HOME=/home/travis/.perlbrew
    PERLBREW_MANPATH=/home/travis/perl5/perlbrew/perls/5.16/man
    PERLBREW_PATH=/home/travis/perl5/perlbrew/bin:/home/travis/perl5/perlbrew/perls/5.16/bin
    PERLBREW_PERL=5.16
    PERLBREW_ROOT=/home/travis/perl5/perlbrew
    PERLBREW_VERSION=0.64
  @INC:
    /home/travis/perl5/perlbrew/perls/5.16/lib/site_perl/5.16.3/x86_64-linux
    /home/travis/perl5/perlbrew/perls/5.16/lib/site_perl/5.16.3
    /home/travis/perl5/perlbrew/perls/5.16/lib/5.16.3/x86_64-linux
    /home/travis/perl5/perlbrew/perls/5.16/lib/5.16.3
    .
travis_fold:start:before_install.1$ sudo apt-get install libhunspell-1.3-0 hunspell-en-us libhunspell-dev
Reading package lists... 0%Reading package lists... 0%Reading package lists... 1%Reading package lists... 7%Reading package lists... 7%Reading package lists... 7%Reading package lists... 7%Reading package lists... 16%Reading package lists... 30%Reading package lists... 30%Reading package lists... 30%Reading package lists... 30%Reading package lists... 35%Reading package lists... 37%Reading package lists... 37%Reading package lists... 38%Reading package lists... 38%Reading package lists... 40%Reading package lists... 51%Reading package lists... 61%Reading package lists... 61%Reading package lists... 61%Reading package lists... 61%Reading package lists... 65%Reading package lists... 65%Reading package lists... 65%Reading package lists... 65%Reading package lists... 65%Reading package lists... 65%Reading package lists... 66%Reading package lists... 79%Reading package lists... 79%Reading package lists... 81%Reading package lists... 83%Reading package lists... 83%Reading package lists... 83%Reading package lists... 83%Reading package lists... 84%Reading package lists... 84%Reading package lists... 84%Reading package lists... 84%Reading package lists... 88%Reading package lists... 88%Reading package lists... 88%Reading package lists... 88%Reading package lists... 89%Reading package lists... 89%Reading package lists... 89%Reading package lists... 89%Reading package lists... 91%Reading package lists... 91%Reading package lists... 91%Reading package lists... 91%Reading package lists... 91%Reading package lists... 91%Reading package lists... 91%Reading package lists... 92%Reading package lists... 92%Reading package lists... 92%Reading package lists... 92%Reading package lists... 92%Reading package lists... 92%Reading package lists... 92%Reading package lists... 92%Reading package lists... 92%Reading package lists... 92%Reading package lists... 92%Reading package lists... 92%Reading package lists... 92%Reading package lists... 92%Reading package lists... 92%Reading package lists... 92%Reading package lists... 92%Reading package lists... 92%Reading package lists... 92%Reading package lists... 92%Reading package lists... 92%Reading package lists... 92%Reading package lists... 92%Reading package lists... 92%Reading package lists... 92%Reading package lists... 92%Reading package lists... 94%Reading package lists... 94%Reading package lists... 94%Reading package lists... 94%Reading package lists... 95%Reading package lists... 95%Reading package lists... 95%Reading package lists... 95%Reading package lists... 97%Reading package lists... 97%Reading package lists... 97%Reading package lists... 97%Reading package lists... 97%Reading package lists... 97%Reading package lists... 97%Reading package lists... 97%Reading package lists... 98%Reading package lists... 98%Reading package lists... 98%Reading package lists... 98%Reading package lists... 98%Reading package lists... 98%Reading package lists... 99%Reading package lists... 99%Reading package lists... 99%Reading package lists... 99%Reading package lists... 99%Reading package lists... 99%Reading package lists... 99%Reading package lists... 99%Reading package lists... 99%Reading package lists... 99%Reading package lists... 99%Reading package lists... 99%Reading package lists... 99%Reading package lists... 99%Reading package lists... 99%Reading package lists... 99%Reading package lists... 99%Reading package lists... 99%Reading package lists... 99%Reading package lists... 99%Reading package lists... 99%Reading package lists... 99%Reading package lists... 99%Reading package lists... 99%Reading package lists... 99%Reading package lists... 99%Reading package lists... 99%Reading package lists... 99%Reading package lists... 99%Reading package lists... 99%Reading package lists... Done
Building dependency tree... 0%Building dependency tree... 0%Building dependency tree... 0%Building dependency tree... 50%Building dependency tree... 50%Building dependency tree       
Reading state information... 0%Reading state information... 0%Reading state information... Done
The following extra packages will be installed:
  dictionaries-common
Suggested packages:
  ispell jed-extra hunspell openoffice.org-hunspell openoffice.org-core
The following NEW packages will be installed:
  dictionaries-common hunspell-en-us libhunspell-1.3-0 libhunspell-dev
0 upgraded, 4 newly installed, 0 to remove and 0 not upgraded.
Need to get 848 kB of archives.
After this operation, 2,778 kB of additional disk space will be used.
0% [Working]            0% [Connecting to us.archive.ubuntu.com (2001:67c:1562::15)]                                                            Get:1 http://us.archive.ubuntu.com/ubuntu/ precise/main libhunspell-1.3-0 amd64 1.3.2-4 [142 kB]
                                                            0% [1 libhunspell-1.3-0 1,119 B/142 kB 1%]                                          2% [1 libhunspell-1.3-0 18.3 kB/142 kB 13%]9% [1 libhunspell-1.3-0 73.9 kB/142 kB 52%]15% [1 libhunspell-1.3-0 127 kB/142 kB 89%]                                           Get:2 http://us.archive.ubuntu.com/ubuntu/ precise/main dictionaries-common all 1.12.1ubuntu2 [246 kB]
                                           17% [2 dictionaries-common 1,905 B/246 kB 1%]                                             20% [2 dictionaries-common 29.0 kB/246 kB 12%]20% [2 dictionaries-common 30.5 kB/246 kB 12%]23% [2 dictionaries-common 57.6 kB/246 kB 23%]24% [2 dictionaries-common 63.3 kB/246 kB 26%]28% [2 dictionaries-common 96.2 kB/246 kB 39%]                                              31% [2 dictionaries-common 118 kB/246 kB 48%]33% [2 dictionaries-common 142 kB/246 kB 58%]                                             38% [2 dictionaries-common 182 kB/246 kB 74%]                     50.2 kB/s 10s41% [2 dictionaries-common 208 kB/246 kB 85%]                      50.2 kB/s 9s44% [2 dictionaries-common 233 kB/246 kB 95%]                      50.2 kB/s 9s46% [Waiting for headers]                                          50.2 kB/s 9s                                                                               Get:3 http://us.archive.ubuntu.com/ubuntu/ precise/main hunspell-en-us all 20070829-4ubuntu3 [248 kB]
46% [3 hunspell-en-us 5,063 B/248 kB 2%]                           50.2 kB/s 9s48% [3 hunspell-en-us 23.1 kB/248 kB 9%]                           50.2 kB/s 8s51% [3 hunspell-en-us 43.1 kB/248 kB 17%]                          50.2 kB/s 8s54% [3 hunspell-en-us 70.2 kB/248 kB 28%]                          50.2 kB/s 7s57% [3 hunspell-en-us 93.1 kB/248 kB 37%]                          50.2 kB/s 7s61% [3 hunspell-en-us 127 kB/248 kB 51%]                           50.2 kB/s 6s63% [3 hunspell-en-us 150 kB/248 kB 60%]                           50.2 kB/s 6s66% [3 hunspell-en-us 170 kB/248 kB 68%]                           50.2 kB/s 5s70% [3 hunspell-en-us 204 kB/248 kB 82%]                           50.2 kB/s 5s71% [3 hunspell-en-us 212 kB/248 kB 85%]                           50.2 kB/s 4s73% [3 hunspell-en-us 233 kB/248 kB 94%]                           47.2 kB/s 4s75% [Working]                                                      47.2 kB/s 4s                                                                               Get:4 http://us.archive.ubuntu.com/ubuntu/ precise/main libhunspell-dev amd64 1.3.2-4 [213 kB]
75% [4 libhunspell-dev 2,823 B/213 kB 1%]                          47.2 kB/s 4s80% [4 libhunspell-dev 41.4 kB/213 kB 19%]                         47.2 kB/s 3s84% [4 libhunspell-dev 75.7 kB/213 kB 36%]                         47.2 kB/s 2s85% [4 libhunspell-dev 85.6 kB/213 kB 40%]                         47.2 kB/s 2s87% [4 libhunspell-dev 99.9 kB/213 kB 47%]                         47.2 kB/s 2s89% [4 libhunspell-dev 123 kB/213 kB 58%]                          47.2 kB/s 1s92% [4 libhunspell-dev 148 kB/213 kB 70%]                          47.2 kB/s 1s94% [4 libhunspell-dev 160 kB/213 kB 75%]                          47.2 kB/s 1s94% [4 libhunspell-dev 160 kB/213 kB 75%]                          47.2 kB/s 1s100% [4 libhunspell-dev 210 kB/213 kB 99%]                         47.2 kB/s 0s100% [4 libhunspell-dev 210 kB/213 kB 99%]                         47.2 kB/s 0s100% [Working]                                                     47.2 kB/s 0s                                                                               Fetched 848 kB in 18s (46.0 kB/s)
Preconfiguring packages ...
Selecting previously unselected package libhunspell-1.3-0.
(Reading database ... (Reading database ... 5%(Reading database ... 10%(Reading database ... 15%(Reading database ... 20%(Reading database ... 25%(Reading database ... 30%(Reading database ... 35%(Reading database ... 40%(Reading database ... 45%(Reading database ... 50%(Reading database ... 55%(Reading database ... 60%(Reading database ... 65%(Reading database ... 70%(Reading database ... 75%(Reading database ... 80%(Reading database ... 85%(Reading database ... 90%(Reading database ... 95%(Reading database ... 100%(Reading database ... 59021 files and directories currently installed.)
Unpacking libhunspell-1.3-0 (from .../libhunspell-1.3-0_1.3.2-4_amd64.deb) ...
Selecting previously unselected package dictionaries-common.
Unpacking dictionaries-common (from .../dictionaries-common_1.12.1ubuntu2_all.deb) ...
Adding 'diversion of /usr/share/dict/words to /usr/share/dict/words.pre-dictionaries-common by dictionaries-common'
Selecting previously unselected package hunspell-en-us.
Unpacking hunspell-en-us (from .../hunspell-en-us_20070829-4ubuntu3_all.deb) ...
Selecting previously unselected package libhunspell-dev.
Unpacking libhunspell-dev (from .../libhunspell-dev_1.3.2-4_amd64.deb) ...
Processing triggers for man-db ...
Setting up libhunspell-1.3-0 (1.3.2-4) ...
Setting up dictionaries-common (1.12.1ubuntu2) ...
install/dictionaries-common: Byte-compiling for emacsen flavour emacs23
Wrote /usr/share/emacs23/site-lisp/dictionaries-common/debian-ispell.elc
Wrote /usr/share/emacs23/site-lisp/dictionaries-common/ispell.elc
Wrote /usr/share/emacs23/site-lisp/dictionaries-common/flyspell.elc
Setting up libhunspell-dev (1.3.2-4) ...
Processing triggers for dictionaries-common ...
Setting up hunspell-en-us (20070829-4ubuntu3) ...
Processing triggers for libc-bin ...
ldconfig deferred processing now taking place
travis_fold:end:before_install.1travis_fold:start:before_install.2$ cd Text-Hoborg
travis_fold:end:before_install.2travis_fold:start:install$ cpanm --quiet --installdeps --notest .
Successfully installed Text-Hunspell-2.08
Successfully installed Lingua-EN-Syllable-0.251
Successfully installed Lingua-EN-Fathom-1.15
3 distributions installed
travis_fold:end:install$ perl Makefile.PL && make test
Writing Makefile for Text::Hoborg
Writing MYMETA.yml and MYMETA.json
cp lib/Text/Hoborg.pm blib/lib/Text/Hoborg.pm
PERL_DL_NONLAZY=1 /home/travis/perl5/perlbrew/perls/5.16/bin/perl "-MExtUtils::Command::MM" "-e" "test_harness(0, 'blib/lib', 'blib/arch')" t/*.t
t/00.load.t ......... t/00.load.t ......... 1/? # Testing Text::Hoborg 0.0.4
t/00.load.t ......... 2/? t/00.load.t ......... 9880/? t/00.load.t ......... 19809/? 
#   Failed test 'Checking shangaied in text'
#   at t/00.load.t line 29.

#   Failed test 'Checking ocassion in text'
#   at t/00.load.t line 29.

#   Failed test 'Checking yessir in text'
#   at t/00.load.t line 29.
# Looks like you failed 3 tests of 26951.
                               t/00.load.t ......... Dubious, test returned 3 (wstat 768, 0x300)
Failed 3/26951 subtests 
t/01.readability.t .. # Testing Text::Hoborg 0.0.4
# Fog = 9.01967379339486
# Kincaid = 6.93334595621794
# Flesch = 73.2475176869459
t/01.readability.t .. 1/?                            t/01.readability.t .. ok

Test Summary Report
-------------------
t/00.load.t       (Wstat: 768 Tests: 26951 Failed: 3)
  Failed tests:  25815, 26179, 26216
  Non-zero exit status: 3
Files=2, Tests=26957,  5 wallclock secs ( 2.52 usr  0.11 sys +  4.93 cusr  0.07 csys =  7.63 CPU)
Result: FAIL
Failed 1/2 test programs. 3/26957 subtests failed.
make: *** [test_dynamic] Error 255

The command "make test" exited with 2.

Done. Your build exited with 1.
