Using worker: worker-linux-2-1.bb.travis-ci.org:travis-linux-10

travis_fold:start:git.1$ git clone --depth=50 --branch=master git://github.com/JJ/hoborg.git JJ/hoborg
Cloning into 'JJ/hoborg'...
remote: Counting objects: 264, done.ote: Compressing objects:   0% (1/153)   ote: Compressing objects:   1% (2/153)   ote: Compressing objects:   2% (4/153)   ote: Compressing objects:   3% (5/153)   ote: Compressing objects:   4% (7/153)   ote: Compressing objects:   5% (8/153)   ote: Compressing objects:   6% (10/153)   ote: Compressing objects:   7% (11/153)   ote: Compressing objects:   8% (13/153)   ote: Compressing objects:   9% (14/153)   ote: Compressing objects:  10% (16/153)   ote: Compressing objects:  11% (17/153)   ote: Compressing objects:  12% (19/153)   ote: Compressing objects:  13% (20/153)   ote: Compressing objects:  14% (22/153)   ote: Compressing objects:  15% (23/153)   ote: Compressing objects:  16% (25/153)   ote: Compressing objects:  17% (27/153)   ote: Compressing objects:  18% (28/153)   ote: Compressing objects:  19% (30/153)   ote: Compressing objects:  20% (31/153)   ote: Compressing objects:  21% (33/153)   ote: Compressing objects:  22% (34/153)   ote: Compressing objects:  23% (36/153)   ote: Compressing objects:  24% (37/153)   ote: Compressing objects:  25% (39/153)   ote: Compressing objects:  26% (40/153)   ote: Compressing objects:  27% (42/153)   ote: Compressing objects:  28% (43/153)   ote: Compressing objects:  29% (45/153)   ote: Compressing objects:  30% (46/153)   ote: Compressing objects:  31% (48/153)   ote: Compressing objects:  32% (49/153)   ote: Compressing objects:  33% (51/153)   ote: Compressing objects:  34% (53/153)   ote: Compressing objects:  35% (54/153)   ote: Compressing objects:  36% (56/153)   ote: Compressing objects:  37% (57/153)   ote: Compressing objects:  38% (59/153)   ote: Compressing objects:  39% (60/153)   ote: Compressing objects:  40% (62/153)   ote: Compressing objects:  41% (63/153)   ote: Compressing objects:  42% (65/153)   ote: Compressing objects:  43% (66/153)   ote: Compressing objects:  44% (68/153)   ote: Compressing objects:  45% (69/153)   ote: Compressing objects:  46% (71/153)   ote: Compressing objects:  47% (72/153)   ote: Compressing objects:  48% (74/153)   ote: Compressing objects:  49% (75/153)   ote: Compressing objects:  50% (77/153)   ote: Compressing objects:  51% (79/153)   ote: Compressing objects:  52% (80/153)   ote: Compressing objects:  53% (82/153)   ote: Compressing objects:  54% (83/153)   ote: Compressing objects:  55% (85/153)   ote: Compressing objects:  56% (86/153)   ote: Compressing objects:  57% (88/153)   ote: Compressing objects:  58% (89/153)   ote: Compressing objects:  59% (91/153)   ote: Compressing objects:  60% (92/153)   ote: Compressing objects:  61% (94/153)   ote: Compressing objects:  62% (95/153)   ote: Compressing objects:  63% (97/153)   ote: Compressing objects:  64% (98/153)   ote: Compressing objects:  65% (100/153)   ote: Compressing objects:  66% (101/153)   ote: Compressing objects:  67% (103/153)   ote: Compressing objects:  68% (105/153)   ote: Compressing objects:  69% (106/153)   ote: Compressing objects:  70% (108/153)   ote: Compressing objects:  71% (109/153)   ote: Compressing objects:  72% (111/153)   ote: Compressing objects:  73% (112/153)   ote: Compressing objects:  74% (114/153)   ote: Compressing objects:  75% (115/153)   ote: Compressing objects:  76% (117/153)   ote: Compressing objects:  77% (118/153)   ote: Compressing objects:  78% (120/153)   ote: Compressing objects:  79% (121/153)   ote: Compressing objects:  80% (123/153)   ote: Compressing objects:  81% (124/153)   ote: Compressing objects:  82% (126/153)   ote: Compressing objects:  83% (127/153)   ote: Compressing objects:  84% (129/153)   ote: Compressing objects:  85% (131/153)   ote: Compressing objects:  86% (132/153)   ote: Compressing objects:  87% (134/153)   ote: Compressing objects:  88% (135/153)   ote: Compressing objects:  89% (137/153)   ote: Compressing objects:  90% (138/153)   ote: Compressing objects:  91% (140/153)   ote: Compressing objects:  92% (141/153)   ote: Compressing objects:  93% (143/153)   ote: Compressing objects:  94% (144/153)   ote: Compressing objects:  95% (146/153)   ote: Compressing objects:  96% (147/153)   ote: Compressing objects:  97% (149/153)   ote: Compressing objects:  98% (150/153)   ote: Compressing objects:  99% (152/153)   ote: Compressing objects: 100% (153/153)   ote: Compressing objects: 100% (153/153), done.ote: Total 264 (delta 166), reused 195 (delta 106)ay be copied only under the terms of either the Artistic License or the
GNU General Public License, which may be found in the Perl 5 source kit.

Complete documentation for Perl, including FAQ lists, should be found on
this system using "man perl" or "perldoc perl".  If you have access to the
Internet, point your browser at http://www.perl.org/, the Perl Home Page.

$ cpanm --version
cpanm (App::cpanminus) version 1.6102
travis_fold:start:before_install.1$ sudo apt-get install libhunspell-1.3-0 hunspell-en-us libhunspell-dev
Reading package lists... 0%Reading package lists... 0%Reading package lists... 1%Reading package lists... 7%Reading package lists... 7%Reading package lists... 7%Reading package lists... 7%Reading package lists... 29%Reading package lists... 31%Reading package lists... 31%Reading package lists... 31%Reading package lists... 31%Reading package lists... 38%Reading package lists... 38%Reading package lists... 39%Reading package lists... 39%Reading package lists... 62%Reading package lists... 62%Reading package lists... 63%Reading package lists... 63%Reading package lists... 64%Reading package lists... 66%Reading package lists... 66%Reading package lists... 67%Reading package lists... 67%Reading package lists... 67%Reading package lists... 67%Reading package lists... 81%Reading package lists... 81%Reading package lists... 84%Reading package lists... 84%Reading package lists... 85%Reading package lists... 85%Reading package lists... 86%Reading package lists... 86%Reading package lists... 86%Reading package lists... 86%Reading package lists... 89%Reading package lists... 89%Reading package lists... 90%Reading package lists... 90%Reading package lists... 91%Reading package lists... 91%Reading package lists... 91%Reading package lists... 91%Reading package lists... 92%Reading package lists... 93%Reading package lists... 93%Reading package lists... 93%Reading package lists... 93%Reading package lists... 93%Reading package lists... 93%Reading package lists... 93%Reading package lists... 93%Reading package lists... 93%Reading package lists... 93%Reading package lists... 93%Reading package lists... 93%Reading package lists... 93%Reading package lists... 93%Reading package lists... 93%Reading package lists... 93%Reading package lists... 93%Reading package lists... 93%Reading package lists... 93%Reading package lists... 93%Reading package lists... 93%Reading package lists... 93%Reading package lists... 93%Reading package lists... 93%Reading package lists... 93%Reading package lists... 93%Reading package lists... 93%Reading package lists... 93%Reading package lists... 93%Reading package lists... 93%Reading package lists... 93%Reading package lists... 93%Reading package lists... 95%Reading package lists... 95%Reading package lists... 95%Reading package lists... 95%Reading package lists... 95%Reading package lists... 95%Reading package lists... 95%Reading package lists... 95%Reading package lists... 97%Reading package lists... 97%Reading package lists... 97%Reading package lists... 97%Reading package lists... 97%Reading package lists... 97%Reading package lists... 97%Reading package lists... 97%Reading package lists... 98%Reading package lists... 98%Reading package lists... 98%Reading package lists... 98%Reading package lists... 98%Reading package lists... 98%Reading package lists... 98%Reading package lists... 98%Reading package lists... 98%Reading package lists... 98%Reading package lists... 99%Reading package lists... 99%Reading package lists... 99%Reading package lists... 99%Reading package lists... 99%Reading package lists... 99%Reading package lists... 99%Reading package lists... 99%Reading package lists... 99%Reading package lists... 99%Reading package lists... 99%Reading package lists... 99%Reading package lists... 99%Reading package lists... 99%Reading package lists... 99%Reading package lists... 99%Reading package lists... 99%Reading package lists... 99%Reading package lists... 99%Reading package lists... 99%Reading package lists... 99%Reading package lists... 99%Reading package lists... 99%Reading package lists... 99%Reading package lists... 99%Reading package lists... 99%Reading package lists... Done
Building dependency tree... 0%Building dependency tree... 0%Building dependency tree... 50%Building dependency tree... 50%Building dependency tree... 99%Building dependency tree       
Reading state information... 0%Reading state information... 0%Reading state information... Done
The following extra packages will be installed:
  dictionaries-common
Suggested packages:
  ispell jed-extra hunspell openoffice.org-hunspell openoffice.org-core
The following NEW packages will be installed:
  dictionaries-common hunspell-en-us libhunspell-1.3-0 libhunspell-dev
0 upgraded, 4 newly installed, 0 to remove and 0 not upgraded.
Need to get 848 kB of archives.
After this operation, 2,778 kB of additional disk space will be used.
0% [Working]            Get:1 http://us.archive.ubuntu.com/ubuntu/ precise/main libhunspell-1.3-0 amd64 1.3.2-4 [142 kB]
            2% [1 libhunspell-1.3-0 14.0 kB/142 kB 10%]                                           17% [Working]             Get:2 http://us.archive.ubuntu.com/ubuntu/ precise/main dictionaries-common all 1.12.1ubuntu2 [246 kB]
             18% [2 dictionaries-common 8,192 B/246 kB 3%]                                             46% [Working]             Get:3 http://us.archive.ubuntu.com/ubuntu/ precise/main hunspell-en-us all 20070829-4ubuntu3 [248 kB]
             46% [3 hunspell-en-us 5,063 B/248 kB 2%]                                        75% [Working]             Get:4 http://us.archive.ubuntu.com/ubuntu/ precise/main libhunspell-dev amd64 1.3.2-4 [213 kB]
             76% [4 libhunspell-dev 12.8 kB/213 kB 6%]                                         100% [Working]              Fetched 848 kB in 1s (822 kB/s)
Preconfiguring packages ...
Selecting previously unselected package libhunspell-1.3-0.
(Reading database ... (Reading database ... 5%(Reading database ... 10%(Reading database ... 15%(Reading database ... 20%(Reading database ... 25%(Reading database ... 30%(Reading database ... 35%(Reading database ... 40%(Reading database ... 45%(Reading database ... 50%(Reading database ... 55%(Reading database ... 60%(Reading database ... 65%(Reading database ... 70%(Reading database ... 75%(Reading database ... 80%(Reading database ... 85%(Reading database ... 90%(Reading database ... 95%(Reading database ... 100%(Reading database ... 59321 files and directories currently installed.)
Unpacking libhunspell-1.3-0 (from .../libhunspell-1.3-0_1.3.2-4_amd64.deb) ...
Selecting previously unselected package dictionaries-common.
Unpacking dictionaries-common (from .../dictionaries-common_1.12.1ubuntu2_all.deb) ...
Adding 'diversion of /usr/share/dict/words to /usr/share/dict/words.pre-dictionaries-common by dictionaries-common'
Selecting previously unselected package hunspell-en-us.
Unpacking hunspell-en-us (from .../hunspell-en-us_20070829-4ubuntu3_all.deb) ...
Selecting previously unselected package libhunspell-dev.
Unpacking libhunspell-dev (from .../libhunspell-dev_1.3.2-4_amd64.deb) ...
Processing triggers for man-db ...
Setting up libhunspell-1.3-0 (1.3.2-4) ...
Setting up dictionaries-common (1.12.1ubuntu2) ...
install/dictionaries-common: Byte-compiling for emacsen flavour emacs23
Wrote /usr/share/emacs23/site-lisp/dictionaries-common/debian-ispell.elc
Wrote /usr/share/emacs23/site-lisp/dictionaries-common/ispell.elc
Wrote /usr/share/emacs23/site-lisp/dictionaries-common/flyspell.elc
Setting up libhunspell-dev (1.3.2-4) ...
Processing triggers for dictionaries-common ...
Setting up hunspell-en-us (20070829-4ubuntu3) ...
Processing triggers for libc-bin ...
ldconfig deferred processing now taking place
travis_fold:end:before_install.1travis_fold:start:before_install.2$ cd Text-Hoborg
travis_fold:end:before_install.2travis_fold:start:install$ cpanm --quiet --installdeps --notest .
Successfully installed Text-Hunspell-2.08
Successfully installed Lingua-EN-Syllable-0.251
Successfully installed Lingua-EN-Fathom-1.15
3 distributions installed
travis_fold:end:install$ perl Makefile.PL && make test
Writing Makefile for Text::Hoborg
Writing MYMETA.yml and MYMETA.json
cp lib/Text/Hoborg.pm blib/lib/Text/Hoborg.pm
PERL_DL_NONLAZY=1 /home/travis/perl5/perlbrew/perls/5.16/bin/perl "-MExtUtils::Command::MM" "-e" "test_harness(0, 'blib/lib', 'blib/arch')" t/*.t
t/00.load.t ......... t/00.load.t ......... 1/? # Testing Text::Hoborg 0.0.3
t/00.load.t ......... 2827/? 
#   Failed test 'Checking hadnt''
#   at t/00.load.t line 29.

#   Failed test 'Checking adviced'
#   at t/00.load.t line 29.
# Looks like you failed 2 tests of 12318.
                               t/00.load.t ......... Dubious, test returned 2 (wstat 512, 0x200)
Failed 2/12318 subtests 
t/01.readability.t .. # Testing Text::Hoborg 0.0.3
# Fog = 8.74563237567539
# Kincaid = 6.72782246534225
# Flesch = 73.3696374961882
t/01.readability.t .. 1/?                            t/01.readability.t .. ok

Test Summary Report
-------------------
t/00.load.t       (Wstat: 512 Tests: 12318 Failed: 2)
  Failed tests:  8297, 8331
  Non-zero exit status: 2
Files=2, Tests=12324,  2 wallclock secs ( 1.06 usr  0.08 sys +  2.18 cusr  0.04 csys =  3.36 CPU)
Result: FAIL
Failed 1/2 test programs. 2/12324 subtests failed.
make: *** [test_dynamic] Error 255

The command "make test" exited with 2.

Done. Your build exited with 1.
