Using worker: worker-linux-6-1.bb.travis-ci.org:travis-linux-13

travis_fold:start:git.1$ git clone --depth=50 --branch=master git://github.com/JJ/hoborg.git JJ/hoborg
Cloning into 'JJ/hoborg'...
remote: Counting objects: 270, done.ote: Compressing objects:   0% (1/173)   ote: Compressing objects:   1% (2/173)   ote: Compressing objects:   2% (4/173)   ote: Compressing objects:   3% (6/173)   ote: Compressing objects:   4% (7/173)   ote: Compressing objects:   5% (9/173)   ote: Compressing objects:   6% (11/173)   ote: Compressing objects:   7% (13/173)   ote: Compressing objects:   8% (14/173)   ote: Compressing objects:   9% (16/173)   ote: Compressing objects:  10% (18/173)   ote: Compressing objects:  11% (20/173)   ote: Compressing objects:  12% (21/173)   ote: Compressing objects:  13% (23/173)   ote: Compressing objects:  14% (25/173)   ote: Compressing objects:  15% (26/173)   ote: Compressing objects:  16% (28/173)   ote: Compressing objects:  17% (30/173)   ote: Compressing objects:  18% (32/173)   ote: Compressing objects:  19% (33/173)   ote: Compressing objects:  20% (35/173)   ote: Compressing objects:  21% (37/173)   ote: Compressing objects:  22% (39/173)   ote: Compressing objects:  23% (40/173)   ote: Compressing objects:  24% (42/173)   ote: Compressing objects:  25% (44/173)   ote: Compressing objects:  26% (45/173)   ote: Compressing objects:  27% (47/173)   ote: Compressing objects:  28% (49/173)   ote: Compressing objects:  29% (51/173)   ote: Compressing objects:  30% (52/173)   ote: Compressing objects:  31% (54/173)   ote: Compressing objects:  32% (56/173)   ote: Compressing objects:  33% (58/173)   ote: Compressing objects:  34% (59/173)   ote: Compressing objects:  35% (61/173)   ote: Compressing objects:  36% (63/173)   ote: Compressing objects:  37% (65/173)   ote: Compressing objects:  38% (66/173)   ote: Compressing objects:  39% (68/173)   ote: Compressing objects:  40% (70/173)   ote: Compressing objects:  41% (71/173)   ote: Compressing objects:  42% (73/173)   ote: Compressing objects:  43% (75/173)   ote: Compressing objects:  44% (77/173)   ote: Compressing objects:  45% (78/173)   ote: Compressing objects:  46% (80/173)   ote: Compressing objects:  47% (82/173)   ote: Compressing objects:  48% (84/173)   ote: Compressing objects:  49% (85/173)   ote: Compressing objects:  50% (87/173)   ote: Compressing objects:  51% (89/173)   ote: Compressing objects:  52% (90/173)   ote: Compressing objects:  53% (92/173)   ote: Compressing objects:  54% (94/173)   ote: Compressing objects:  55% (96/173)   ote: Compressing objects:  56% (97/173)   ote: Compressing objects:  57% (99/173)   ote: Compressing objects:  58% (101/173)   ote: Compressing objects:  59% (103/173)   ote: Compressing objects:  60% (104/173)   ote: Compressing objects:  61% (106/173)   ote: Compressing objects:  62% (108/173)   ote: Compressing objects:  63% (109/173)   ote: Compressing objects:  64% (111/173)   ote: Compressing objects:  65% (113/173)   ote: Compressing objects:  66% (115/173)   ote: Compressing objects:  67% (116/173)   ote: Compressing objects:  68% (118/173)   ote: Compressing objects:  69% (120/173)   ote: Compressing objects:  70% (122/173)   ote: Compressing objects:  71% (123/173)   ote: Compressing objects:  72% (125/173)   ote: Compressing objects:  73% (127/173)   ote: Compressing objects:  74% (129/173)   ote: Compressing objects:  75% (130/173)   ote: Compressing objects:  76% (132/173)   ote: Compressing objects:  77% (134/173)   ote: Compressing objects:  78% (135/173)   ote: Compressing objects:  79% (137/173)   ote: Compressing objects:  80% (139/173)   ote: Compressing objects:  81% (141/173)   ote: Compressing objects:  82% (142/173)   ote: Compressing objects:  83% (144/173)   ote: Compressing objects:  84% (146/173)   ote: Compressing objects:  85% (148/173)   ote: Compressing objects:  86% (149/173)   ote: Compressing objects:  87% (151/173)   ote: Compressing objects:  88% (153/173)   ote: Compressing objects:  89% (154/173)   ote: Compressing objects:  90% (156/173)   ote: Compressing objects:  91% (158/173)   ote: Compressing objects:  92% (160/173)   ote: Compressing objects:  93% (161/173)   ote: Compressing objects:  94% (163/173)   ote: Compressing objects:  95% (165/173)   ote: Compressing objects:  96% (167/173)   ote: Compressing objects:  97% (168/173)   ote: Compressing objects:  98% (170/173)   ote: Compressing objects:  99% (172/173)   ote: Compressing objects: 100% (173/173)   ote: Compressing objects: 100% (173/173), done.ote: Total 270 (delta 171), reused 180 (delta 90)ay be copied only under the terms of either the Artistic License or the
GNU General Public License, which may be found in the Perl 5 source kit.

Complete documentation for Perl, including FAQ lists, should be found on
this system using "man perl" or "perldoc perl".  If you have access to the
Internet, point your browser at http://www.perl.org/, the Perl Home Page.

$ cpanm --version
cpanm (App::cpanminus) version 1.6922 (/home/travis/perl5/perlbrew/bin/cpanm)
perl version 5.016003 (/home/travis/perl5/perlbrew/perls/5.16/bin/perl)

  %Config:
    archname=x86_64-linux
    installsitelib=/home/travis/perl5/perlbrew/perls/5.16/lib/site_perl/5.16.3
    installsitebin=/home/travis/perl5/perlbrew/perls/5.16/bin
    installman1dir=/home/travis/perl5/perlbrew/perls/5.16/man/man1
    installman3dir=/home/travis/perl5/perlbrew/perls/5.16/man/man3
    sitelibexp=/home/travis/perl5/perlbrew/perls/5.16/lib/site_perl/5.16.3
    archlibexp=/home/travis/perl5/perlbrew/perls/5.16/lib/5.16.3/x86_64-linux
    privlibexp=/home/travis/perl5/perlbrew/perls/5.16/lib/5.16.3
  %ENV:
    PERLBREW_BASHRC_VERSION=0.64
    PERLBREW_HOME=/home/travis/.perlbrew
    PERLBREW_MANPATH=/home/travis/perl5/perlbrew/perls/5.16/man
    PERLBREW_PATH=/home/travis/perl5/perlbrew/bin:/home/travis/perl5/perlbrew/perls/5.16/bin
    PERLBREW_PERL=5.16
    PERLBREW_ROOT=/home/travis/perl5/perlbrew
    PERLBREW_VERSION=0.64
  @INC:
    /home/travis/perl5/perlbrew/perls/5.16/lib/site_perl/5.16.3/x86_64-linux
    /home/travis/perl5/perlbrew/perls/5.16/lib/site_perl/5.16.3
    /home/travis/perl5/perlbrew/perls/5.16/lib/5.16.3/x86_64-linux
    /home/travis/perl5/perlbrew/perls/5.16/lib/5.16.3
    .
travis_fold:start:before_install.1$ sudo apt-get install libhunspell-1.3-0 hunspell-en-us libhunspell-dev
Reading package lists... 0%Reading package lists... 0%Reading package lists... 1%Reading package lists... 7%Reading package lists... 7%Reading package lists... 7%Reading package lists... 7%Reading package lists... 17%Reading package lists... 25%Reading package lists... 30%Reading package lists... 30%Reading package lists... 30%Reading package lists... 30%Reading package lists... 31%Reading package lists... 37%Reading package lists... 37%Reading package lists... 38%Reading package lists... 38%Reading package lists... 52%Reading package lists... 61%Reading package lists... 61%Reading package lists... 61%Reading package lists... 61%Reading package lists... 63%Reading package lists... 65%Reading package lists... 65%Reading package lists... 65%Reading package lists... 65%Reading package lists... 65%Reading package lists... 65%Reading package lists... 78%Reading package lists... 79%Reading package lists... 79%Reading package lists... 83%Reading package lists... 83%Reading package lists... 83%Reading package lists... 83%Reading package lists... 84%Reading package lists... 84%Reading package lists... 84%Reading package lists... 84%Reading package lists... 88%Reading package lists... 88%Reading package lists... 88%Reading package lists... 88%Reading package lists... 89%Reading package lists... 89%Reading package lists... 89%Reading package lists... 89%Reading package lists... 91%Reading package lists... 91%Reading package lists... 91%Reading package lists... 91%Reading package lists... 91%Reading package lists... 91%Reading package lists... 92%Reading package lists... 92%Reading package lists... 92%Reading package lists... 92%Reading package lists... 92%Reading package lists... 92%Reading package lists... 92%Reading package lists... 92%Reading package lists... 92%Reading package lists... 92%Reading package lists... 92%Reading package lists... 92%Reading package lists... 92%Reading package lists... 92%Reading package lists... 92%Reading package lists... 92%Reading package lists... 92%Reading package lists... 92%Reading package lists... 92%Reading package lists... 92%Reading package lists... 92%Reading package lists... 92%Reading package lists... 92%Reading package lists... 92%Reading package lists... 92%Reading package lists... 92%Reading package lists... 94%Reading package lists... 94%Reading package lists... 94%Reading package lists... 94%Reading package lists... 94%Reading package lists... 95%Reading package lists... 95%Reading package lists... 95%Reading package lists... 95%Reading package lists... 97%Reading package lists... 97%Reading package lists... 97%Reading package lists... 97%Reading package lists... 97%Reading package lists... 97%Reading package lists... 97%Reading package lists... 97%Reading package lists... 98%Reading package lists... 98%Reading package lists... 98%Reading package lists... 98%Reading package lists... 98%Reading package lists... 98%Reading package lists... 99%Reading package lists... 99%Reading package lists... 99%Reading package lists... 99%Reading package lists... 99%Reading package lists... 99%Reading package lists... 99%Reading package lists... 99%Reading package lists... 99%Reading package lists... 99%Reading package lists... 99%Reading package lists... 99%Reading package lists... 99%Reading package lists... 99%Reading package lists... 99%Reading package lists... 99%Reading package lists... 99%Reading package lists... 99%Reading package lists... 99%Reading package lists... 99%Reading package lists... 99%Reading package lists... 99%Reading package lists... 99%Reading package lists... 99%Reading package lists... 99%Reading package lists... 99%Reading package lists... 99%Reading package lists... 99%Reading package lists... 99%Reading package lists... 99%Reading package lists... Done
Building dependency tree... 0%Building dependency tree... 0%Building dependency tree... 0%Building dependency tree... 50%Building dependency tree... 50%Building dependency tree... 53%Building dependency tree... 57%Building dependency tree... 68%Building dependency tree       
Reading state information... 0%Reading state information... 0%Reading state information... Done
The following extra packages will be installed:
  dictionaries-common
Suggested packages:
  ispell jed-extra hunspell openoffice.org-hunspell openoffice.org-core
The following NEW packages will be installed:
  dictionaries-common hunspell-en-us libhunspell-1.3-0 libhunspell-dev
0 upgraded, 4 newly installed, 0 to remove and 0 not upgraded.
Need to get 848 kB of archives.
After this operation, 2,778 kB of additional disk space will be used.
0% [Working]            0% [Connecting to us.archive.ubuntu.com (2001:67c:1562::13)]0% [Connecting to us.archive.ubuntu.com (2001:67c:1562::13)]                                                            Get:1 http://us.archive.ubuntu.com/ubuntu/ precise/main libhunspell-1.3-0 amd64 1.3.2-4 [142 kB]
                                                            2% [1 libhunspell-1.3-0 14.0 kB/142 kB 10%]12% [1 libhunspell-1.3-0 104 kB/142 kB 73%]                                           Get:2 http://us.archive.ubuntu.com/ubuntu/ precise/main dictionaries-common all 1.12.1ubuntu2 [246 kB]
17% [2 dictionaries-common 477 B/246 kB 0%]                                           29% [2 dictionaries-common 103 kB/246 kB 42%]37% [2 dictionaries-common 169 kB/246 kB 69%]43% [2 dictionaries-common 223 kB/246 kB 91%]45% [2 dictionaries-common 236 kB/246 kB 96%]                                             46% [Working]             Get:3 http://us.archive.ubuntu.com/ubuntu/ precise/main hunspell-en-us all 20070829-4ubuntu3 [248 kB]
             46% [3 hunspell-en-us 4,547 B/248 kB 2%]48% [3 hunspell-en-us 21.7 kB/248 kB 9%]                                        49% [3 hunspell-en-us 31.7 kB/248 kB 13%]53% [3 hunspell-en-us 58.8 kB/248 kB 24%]                                         55% [3 hunspell-en-us 80.2 kB/248 kB 32%]                          77.4 kB/s 4s59% [3 hunspell-en-us 115 kB/248 kB 46%]                           77.4 kB/s 4s64% [3 hunspell-en-us 157 kB/248 kB 63%]                           77.4 kB/s 3s68% [3 hunspell-en-us 192 kB/248 kB 77%]                           77.4 kB/s 3s70% [3 hunspell-en-us 207 kB/248 kB 83%]                           77.4 kB/s 3s71% [3 hunspell-en-us 212 kB/248 kB 85%]                           77.4 kB/s 3s73% [3 hunspell-en-us 230 kB/248 kB 93%]                           77.4 kB/s 2s75% [Working]                                                      77.4 kB/s 2s                                                                               Get:4 http://us.archive.ubuntu.com/ubuntu/ precise/main libhunspell-dev amd64 1.3.2-4 [213 kB]
77% [4 libhunspell-dev 18.4 kB/213 kB 9%]                          77.4 kB/s 2s83% [4 libhunspell-dev 68.5 kB/213 kB 32%]                         77.4 kB/s 1s87% [4 libhunspell-dev 101 kB/213 kB 48%]                          77.4 kB/s 1s92% [4 libhunspell-dev 144 kB/213 kB 68%]                          77.4 kB/s 0s95% [4 libhunspell-dev 171 kB/213 kB 81%]                          77.4 kB/s 0s99% [4 libhunspell-dev 201 kB/213 kB 95%]                          57.6 kB/s 0s100% [Working]                                                     57.6 kB/s 0s                                                                               Fetched 848 kB in 12s (67.3 kB/s)
Preconfiguring packages ...
Selecting previously unselected package libhunspell-1.3-0.
(Reading database ... (Reading database ... 5%(Reading database ... 10%(Reading database ... 15%(Reading database ... 20%(Reading database ... 25%(Reading database ... 30%(Reading database ... 35%(Reading database ... 40%(Reading database ... 45%(Reading database ... 50%(Reading database ... 55%(Reading database ... 60%(Reading database ... 65%(Reading database ... 70%(Reading database ... 75%(Reading database ... 80%(Reading database ... 85%(Reading database ... 90%(Reading database ... 95%(Reading database ... 100%(Reading database ... 59021 files and directories currently installed.)
Unpacking libhunspell-1.3-0 (from .../libhunspell-1.3-0_1.3.2-4_amd64.deb) ...
Selecting previously unselected package dictionaries-common.
Unpacking dictionaries-common (from .../dictionaries-common_1.12.1ubuntu2_all.deb) ...
Adding 'diversion of /usr/share/dict/words to /usr/share/dict/words.pre-dictionaries-common by dictionaries-common'
Selecting previously unselected package hunspell-en-us.
Unpacking hunspell-en-us (from .../hunspell-en-us_20070829-4ubuntu3_all.deb) ...
Selecting previously unselected package libhunspell-dev.
Unpacking libhunspell-dev (from .../libhunspell-dev_1.3.2-4_amd64.deb) ...
Processing triggers for man-db ...
Setting up libhunspell-1.3-0 (1.3.2-4) ...
Setting up dictionaries-common (1.12.1ubuntu2) ...
install/dictionaries-common: Byte-compiling for emacsen flavour emacs23
Wrote /usr/share/emacs23/site-lisp/dictionaries-common/debian-ispell.elc
Wrote /usr/share/emacs23/site-lisp/dictionaries-common/ispell.elc
Wrote /usr/share/emacs23/site-lisp/dictionaries-common/flyspell.elc
Setting up libhunspell-dev (1.3.2-4) ...
Processing triggers for dictionaries-common ...
Setting up hunspell-en-us (20070829-4ubuntu3) ...
Processing triggers for libc-bin ...
ldconfig deferred processing now taking place
travis_fold:end:before_install.1travis_fold:start:before_install.2$ cd Text-Hoborg
travis_fold:end:before_install.2travis_fold:start:install$ cpanm --quiet --installdeps --notest .
! Failed to fetch distribution Text-Hunspell-2.08
Successfully installed Lingua-EN-Syllable-0.251
Successfully installed Lingua-EN-Fathom-1.15
! Installing the dependencies failed: Module 'Text::Hunspell' is not installed
! Bailing out the installation for Text-Hoborg-v0.0.4.
2 distributions installed

The command "cpanm --quiet --installdeps --notest ." failed. Retrying, 2 of 3.

Successfully installed Text-Hunspell-2.08
1 distribution installed
travis_fold:end:install$ perl Makefile.PL && make test
Writing Makefile for Text::Hoborg
Writing MYMETA.yml and MYMETA.json
cp lib/Text/Hoborg.pm blib/lib/Text/Hoborg.pm
PERL_DL_NONLAZY=1 /home/travis/perl5/perlbrew/perls/5.16/bin/perl "-MExtUtils::Command::MM" "-e" "test_harness(0, 'blib/lib', 'blib/arch')" t/*.t
t/00.load.t ......... t/00.load.t ......... 1/? # Testing Text::Hoborg 0.0.4
t/00.load.t ......... 1332/? t/00.load.t ......... 9310/? t/00.load.t ......... 17328/?                                t/00.load.t ......... ok
t/01.readability.t .. # Testing Text::Hoborg 0.0.4
# Fog = 8.79501780433339
# Kincaid = 6.78316815287586
# Flesch = 73.7364716865834
t/01.readability.t .. 1/?                            t/01.readability.t .. ok
All tests successful.
Files=2, Tests=20384,  5 wallclock secs ( 2.46 usr  0.06 sys +  4.62 cusr  0.06 csys =  7.20 CPU)
Result: PASS

The command "make test" exited with 0.

Done. Your build exited with 0.
