Using worker: worker-linux-2-1.bb.travis-ci.org:travis-linux-8

travis_fold:start:git.1$ git clone --depth=50 --branch=master git://github.com/JJ/hoborg.git JJ/hoborg
Cloning into 'JJ/hoborg'...
remote: Counting objects: 157, done.ote: Compressing objects:   1% (1/93)   ote: Compressing objects:   2% (2/93)   ote: Compressing objects:   3% (3/93)   ote: Compressing objects:   4% (4/93)   ote: Compressing objects:   5% (5/93)   ote: Compressing objects:   6% (6/93)   ote: Compressing objects:   7% (7/93)   ote: Compressing objects:   8% (8/93)   ote: Compressing objects:   9% (9/93)   ote: Compressing objects:  10% (10/93)   ote: Compressing objects:  11% (11/93)   ote: Compressing objects:  12% (12/93)   ote: Compressing objects:  13% (13/93)   ote: Compressing objects:  15% (14/93)   ote: Compressing objects:  16% (15/93)   ote: Compressing objects:  17% (16/93)   ote: Compressing objects:  18% (17/93)   ote: Compressing objects:  19% (18/93)   ote: Compressing objects:  20% (19/93)   ote: Compressing objects:  21% (20/93)   ote: Compressing objects:  22% (21/93)   ote: Compressing objects:  23% (22/93)   ote: Compressing objects:  24% (23/93)   ote: Compressing objects:  25% (24/93)   ote: Compressing objects:  26% (25/93)   ote: Compressing objects:  27% (26/93)   ote: Compressing objects:  29% (27/93)   ote: Compressing objects:  30% (28/93)   ote: Compressing objects:  31% (29/93)   ote: Compressing objects:  32% (30/93)   ote: Compressing objects:  33% (31/93)   ote: Compressing objects:  34% (32/93)   ote: Compressing objects:  35% (33/93)   ote: Compressing objects:  36% (34/93)   ote: Compressing objects:  37% (35/93)   ote: Compressing objects:  38% (36/93)   ote: Compressing objects:  39% (37/93)   ote: Compressing objects:  40% (38/93)   ote: Compressing objects:  41% (39/93)   ote: Compressing objects:  43% (40/93)   ote: Compressing objects:  44% (41/93)   ote: Compressing objects:  45% (42/93)   ote: Compressing objects:  46% (43/93)   ote: Compressing objects:  47% (44/93)   ote: Compressing objects:  48% (45/93)   ote: Compressing objects:  49% (46/93)   ote: Compressing objects:  50% (47/93)   ote: Compressing objects:  51% (48/93)   ote: Compressing objects:  52% (49/93)   ote: Compressing objects:  53% (50/93)   ote: Compressing objects:  54% (51/93)   ote: Compressing objects:  55% (52/93)   ote: Compressing objects:  56% (53/93)   ote: Compressing objects:  58% (54/93)   ote: Compressing objects:  59% (55/93)   ote: Compressing objects:  60% (56/93)   ote: Compressing objects:  61% (57/93)   ote: Compressing objects:  62% (58/93)   ote: Compressing objects:  63% (59/93)   ote: Compressing objects:  64% (60/93)   ote: Compressing objects:  65% (61/93)   ote: Compressing objects:  66% (62/93)   ote: Compressing objects:  67% (63/93)   ote: Compressing objects:  68% (64/93)   ote: Compressing objects:  69% (65/93)   ote: Compressing objects:  70% (66/93)   ote: Compressing objects:  72% (67/93)   ote: Compressing objects:  73% (68/93)   ote: Compressing objects:  74% (69/93)   ote: Compressing objects:  75% (70/93)   ote: Compressing objects:  76% (71/93)   ote: Compressing objects:  77% (72/93)   ote: Compressing objects:  78% (73/93)   ote: Compressing objects:  79% (74/93)   ote: Compressing objects:  80% (75/93)   ote: Compressing objects:  81% (76/93)   ote: Compressing objects:  82% (77/93)   ote: Compressing objects:  83% (78/93)   ote: Compressing objects:  84% (79/93)   ote: Compressing objects:  86% (80/93)   ote: Compressing objects:  87% (81/93)   ote: Compressing objects:  88% (82/93)   ote: Compressing objects:  89% (83/93)   ote: Compressing objects:  90% (84/93)   ote: Compressing objects:  91% (85/93)   ote: Compressing objects:  92% (86/93)   ote: Compressing objects:  93% (87/93)   ote: Compressing objects:  94% (88/93)   ote: Compressing objects:  95% (89/93)   ote: Compressing objects:  96% (90/93)   ote: Compressing objects:  97% (91/93)   ote: Compressing objects:  98% (92/93)   ote: Compressing objects: 100% (93/93)   ote: Compressing objects: 100% (93/93), done.ote: Total 157 (delta 76), reused 135 (delta 58)ay be copied only under the terms of either the Artistic License or the
GNU General Public License, which may be found in the Perl 5 source kit.

Complete documentation for Perl, including FAQ lists, should be found on
this system using "man perl" or "perldoc perl".  If you have access to the
Internet, point your browser at http://www.perl.org/, the Perl Home Page.

$ cpanm --version
cpanm (App::cpanminus) version 1.6102
travis_fold:start:before_install.1$ sudo apt-get install libhunspell-1.3-0 hunspell-en-us libhunspell-dev
Reading package lists... 0%Reading package lists... 0%Reading package lists... 1%Reading package lists... 7%Reading package lists... 7%Reading package lists... 7%Reading package lists... 7%Reading package lists... 29%Reading package lists... 31%Reading package lists... 31%Reading package lists... 31%Reading package lists... 31%Reading package lists... 38%Reading package lists... 38%Reading package lists... 39%Reading package lists... 39%Reading package lists... 61%Reading package lists... 62%Reading package lists... 62%Reading package lists... 63%Reading package lists... 63%Reading package lists... 66%Reading package lists... 66%Reading package lists... 67%Reading package lists... 67%Reading package lists... 67%Reading package lists... 67%Reading package lists... 81%Reading package lists... 81%Reading package lists... 84%Reading package lists... 84%Reading package lists... 85%Reading package lists... 85%Reading package lists... 86%Reading package lists... 86%Reading package lists... 86%Reading package lists... 86%Reading package lists... 89%Reading package lists... 89%Reading package lists... 90%Reading package lists... 90%Reading package lists... 90%Reading package lists... 91%Reading package lists... 91%Reading package lists... 91%Reading package lists... 91%Reading package lists... 93%Reading package lists... 93%Reading package lists... 93%Reading package lists... 93%Reading package lists... 93%Reading package lists... 93%Reading package lists... 93%Reading package lists... 93%Reading package lists... 93%Reading package lists... 93%Reading package lists... 93%Reading package lists... 93%Reading package lists... 93%Reading package lists... 93%Reading package lists... 93%Reading package lists... 93%Reading package lists... 93%Reading package lists... 93%Reading package lists... 93%Reading package lists... 93%Reading package lists... 93%Reading package lists... 93%Reading package lists... 93%Reading package lists... 93%Reading package lists... 93%Reading package lists... 93%Reading package lists... 93%Reading package lists... 93%Reading package lists... 93%Reading package lists... 93%Reading package lists... 93%Reading package lists... 93%Reading package lists... 95%Reading package lists... 95%Reading package lists... 95%Reading package lists... 95%Reading package lists... 95%Reading package lists... 95%Reading package lists... 95%Reading package lists... 95%Reading package lists... 97%Reading package lists... 97%Reading package lists... 97%Reading package lists... 97%Reading package lists... 97%Reading package lists... 97%Reading package lists... 97%Reading package lists... 97%Reading package lists... 98%Reading package lists... 98%Reading package lists... 98%Reading package lists... 98%Reading package lists... 98%Reading package lists... 98%Reading package lists... 98%Reading package lists... 98%Reading package lists... 98%Reading package lists... 98%Reading package lists... 99%Reading package lists... 99%Reading package lists... 99%Reading package lists... 99%Reading package lists... 99%Reading package lists... 99%Reading package lists... 99%Reading package lists... 99%Reading package lists... 99%Reading package lists... 99%Reading package lists... 99%Reading package lists... 99%Reading package lists... 99%Reading package lists... 99%Reading package lists... 99%Reading package lists... 99%Reading package lists... 99%Reading package lists... 99%Reading package lists... 99%Reading package lists... 99%Reading package lists... 99%Reading package lists... 99%Reading package lists... 99%Reading package lists... 99%Reading package lists... 99%Reading package lists... 99%Reading package lists... Done
Building dependency tree... 0%Building dependency tree... 0%Building dependency tree... 50%Building dependency tree... 50%Building dependency tree       
Reading state information... 0%Reading state information... 0%Reading state information... Done
The following extra packages will be installed:
  dictionaries-common
Suggested packages:
  ispell jed-extra hunspell openoffice.org-hunspell openoffice.org-core
The following NEW packages will be installed:
  dictionaries-common hunspell-en-us libhunspell-1.3-0 libhunspell-dev
0 upgraded, 4 newly installed, 0 to remove and 0 not upgraded.
Need to get 848 kB of archives.
After this operation, 2,778 kB of additional disk space will be used.
0% [Working]            Get:1 http://us.archive.ubuntu.com/ubuntu/ precise/main libhunspell-1.3-0 amd64 1.3.2-4 [142 kB]
            0% [1 libhunspell-1.3-0 3,975 B/142 kB 3%]                                          17% [Working]             Get:2 http://us.archive.ubuntu.com/ubuntu/ precise/main dictionaries-common all 1.12.1ubuntu2 [246 kB]
             17% [2 dictionaries-common 1,905 B/246 kB 1%]                                             46% [Working]             Get:3 http://us.archive.ubuntu.com/ubuntu/ precise/main hunspell-en-us all 20070829-4ubuntu3 [248 kB]
             46% [3 hunspell-en-us 1,691 B/248 kB 1%]                                        75% [Working]             Get:4 http://us.archive.ubuntu.com/ubuntu/ precise/main libhunspell-dev amd64 1.3.2-4 [213 kB]
             75% [4 libhunspell-dev 2,823 B/213 kB 1%]                                         100% [Working]              Fetched 848 kB in 1s (829 kB/s)
Preconfiguring packages ...
Selecting previously unselected package libhunspell-1.3-0.
(Reading database ... (Reading database ... 5%(Reading database ... 10%(Reading database ... 15%(Reading database ... 20%(Reading database ... 25%(Reading database ... 30%(Reading database ... 35%(Reading database ... 40%(Reading database ... 45%(Reading database ... 50%(Reading database ... 55%(Reading database ... 60%(Reading database ... 65%(Reading database ... 70%(Reading database ... 75%(Reading database ... 80%(Reading database ... 85%(Reading database ... 90%(Reading database ... 95%(Reading database ... 100%(Reading database ... 59321 files and directories currently installed.)
Unpacking libhunspell-1.3-0 (from .../libhunspell-1.3-0_1.3.2-4_amd64.deb) ...
Selecting previously unselected package dictionaries-common.
Unpacking dictionaries-common (from .../dictionaries-common_1.12.1ubuntu2_all.deb) ...
Adding 'diversion of /usr/share/dict/words to /usr/share/dict/words.pre-dictionaries-common by dictionaries-common'
Selecting previously unselected package hunspell-en-us.
Unpacking hunspell-en-us (from .../hunspell-en-us_20070829-4ubuntu3_all.deb) ...
Selecting previously unselected package libhunspell-dev.
Unpacking libhunspell-dev (from .../libhunspell-dev_1.3.2-4_amd64.deb) ...
Processing triggers for man-db ...
Setting up libhunspell-1.3-0 (1.3.2-4) ...
Setting up dictionaries-common (1.12.1ubuntu2) ...
install/dictionaries-common: Byte-compiling for emacsen flavour emacs23
Wrote /usr/share/emacs23/site-lisp/dictionaries-common/debian-ispell.elc
Wrote /usr/share/emacs23/site-lisp/dictionaries-common/ispell.elc
Wrote /usr/share/emacs23/site-lisp/dictionaries-common/flyspell.elc
Setting up libhunspell-dev (1.3.2-4) ...
Processing triggers for dictionaries-common ...
Setting up hunspell-en-us (20070829-4ubuntu3) ...
Processing triggers for libc-bin ...
ldconfig deferred processing now taking place
travis_fold:end:before_install.1travis_fold:start:before_install.2$ cpanm Text::Hunspell
--> Working on Text::Hunspell
Fetching http://cpan.mirrors.travis-ci.org/authors/id/C/CO/COSIMO/Text-Hunspell-2.08.tar.gz ... OK
Configuring Text-Hunspell-2.08 ... OK
Building and testing Text-Hunspell-2.08 ... OK
Successfully installed Text-Hunspell-2.08
1 distribution installed
travis_fold:end:before_install.2travis_fold:start:before_install.3$ cpanm File::Slurp
You have File::Slurp (9999.19)
travis_fold:end:before_install.3travis_fold:start:install$ cpanm --quiet --installdeps --notest .
! Configuring . failed. See /home/travis/.cpanm/build.log for details.

The command "cpanm --quiet --installdeps --notest ." failed. Retrying, 2 of 3.

! Configuring . failed. See /home/travis/.cpanm/build.log for details.

The command "cpanm --quiet --installdeps --notest ." failed. Retrying, 3 of 3.

! Configuring . failed. See /home/travis/.cpanm/build.log for details.

The command "cpanm --quiet --installdeps --notest ." failed and exited with 1 during install.

Your build has been stopped.
