Using worker: worker-linux-3-2.bb.travis-ci.org:travis-linux-2

travis_fold:start:git.1$ git clone --depth=50 --branch=master git://github.com/JJ/hoborg.git JJ/hoborg
Cloning into 'JJ/hoborg'...
remote: Counting objects: 267, done.ote: Compressing objects:   0% (1/149)   ote: Compressing objects:   1% (2/149)   ote: Compressing objects:   2% (3/149)   ote: Compressing objects:   3% (5/149)   ote: Compressing objects:   4% (6/149)   ote: Compressing objects:   5% (8/149)   ote: Compressing objects:   6% (9/149)   ote: Compressing objects:   7% (11/149)   ote: Compressing objects:   8% (12/149)   ote: Compressing objects:   9% (14/149)   ote: Compressing objects:  10% (15/149)   ote: Compressing objects:  11% (17/149)   ote: Compressing objects:  12% (18/149)   ote: Compressing objects:  13% (20/149)   ote: Compressing objects:  14% (21/149)   ote: Compressing objects:  15% (23/149)   ote: Compressing objects:  16% (24/149)   ote: Compressing objects:  17% (26/149)   ote: Compressing objects:  18% (27/149)   ote: Compressing objects:  19% (29/149)   ote: Compressing objects:  20% (30/149)   ote: Compressing objects:  21% (32/149)   ote: Compressing objects:  22% (33/149)   ote: Compressing objects:  23% (35/149)   ote: Compressing objects:  24% (36/149)   ote: Compressing objects:  25% (38/149)   ote: Compressing objects:  26% (39/149)   ote: Compressing objects:  27% (41/149)   ote: Compressing objects:  28% (42/149)   ote: Compressing objects:  29% (44/149)   ote: Compressing objects:  30% (45/149)   ote: Compressing objects:  31% (47/149)   ote: Compressing objects:  32% (48/149)   ote: Compressing objects:  33% (50/149)   ote: Compressing objects:  34% (51/149)   ote: Compressing objects:  35% (53/149)   ote: Compressing objects:  36% (54/149)   ote: Compressing objects:  37% (56/149)   ote: Compressing objects:  38% (57/149)   ote: Compressing objects:  39% (59/149)   ote: Compressing objects:  40% (60/149)   ote: Compressing objects:  41% (62/149)   ote: Compressing objects:  42% (63/149)   ote: Compressing objects:  43% (65/149)   ote: Compressing objects:  44% (66/149)   ote: Compressing objects:  45% (68/149)   ote: Compressing objects:  46% (69/149)   ote: Compressing objects:  47% (71/149)   ote: Compressing objects:  48% (72/149)   ote: Compressing objects:  49% (74/149)   ote: Compressing objects:  50% (75/149)   ote: Compressing objects:  51% (76/149)   ote: Compressing objects:  52% (78/149)   ote: Compressing objects:  53% (79/149)   ote: Compressing objects:  54% (81/149)   ote: Compressing objects:  55% (82/149)   ote: Compressing objects:  56% (84/149)   ote: Compressing objects:  57% (85/149)   ote: Compressing objects:  58% (87/149)   ote: Compressing objects:  59% (88/149)   ote: Compressing objects:  60% (90/149)   ote: Compressing objects:  61% (91/149)   ote: Compressing objects:  62% (93/149)   ote: Compressing objects:  63% (94/149)   ote: Compressing objects:  64% (96/149)   ote: Compressing objects:  65% (97/149)   ote: Compressing objects:  66% (99/149)   ote: Compressing objects:  67% (100/149)   ote: Compressing objects:  68% (102/149)   ote: Compressing objects:  69% (103/149)   ote: Compressing objects:  70% (105/149)   ote: Compressing objects:  71% (106/149)   ote: Compressing objects:  72% (108/149)   ote: Compressing objects:  73% (109/149)   ote: Compressing objects:  74% (111/149)   ote: Compressing objects:  75% (112/149)   ote: Compressing objects:  76% (114/149)   ote: Compressing objects:  77% (115/149)   ote: Compressing objects:  78% (117/149)   ote: Compressing objects:  79% (118/149)   ote: Compressing objects:  80% (120/149)   ote: Compressing objects:  81% (121/149)   ote: Compressing objects:  82% (123/149)   ote: Compressing objects:  83% (124/149)   ote: Compressing objects:  84% (126/149)   ote: Compressing objects:  85% (127/149)   ote: Compressing objects:  86% (129/149)   ote: Compressing objects:  87% (130/149)   ote: Compressing objects:  88% (132/149)   ote: Compressing objects:  89% (133/149)   ote: Compressing objects:  90% (135/149)   ote: Compressing objects:  91% (136/149)   ote: Compressing objects:  92% (138/149)   ote: Compressing objects:  93% (139/149)   ote: Compressing objects:  94% (141/149)   ote: Compressing objects:  95% (142/149)   ote: Compressing objects:  96% (144/149)   ote: Compressing objects:  97% (145/149)   ote: Compressing objects:  98% (147/149)   ote: Compressing objects:  99% (148/149)   ote: Compressing objects: 100% (149/149)   ote: Compressing objects: 100% (149/149), done.ote: Total 267 (delta 169), reused 203 (delta 113)ay be copied only under the terms of either the Artistic License or the
GNU General Public License, which may be found in the Perl 5 source kit.

Complete documentation for Perl, including FAQ lists, should be found on
this system using "man perl" or "perldoc perl".  If you have access to the
Internet, point your browser at http://www.perl.org/, the Perl Home Page.

$ cpanm --version
cpanm (App::cpanminus) version 1.6102
travis_fold:start:before_install.1$ sudo apt-get install libhunspell-1.3-0 hunspell-en-us libhunspell-dev
Reading package lists... 0%Reading package lists... 0%Reading package lists... 1%Reading package lists... 7%Reading package lists... 7%Reading package lists... 7%Reading package lists... 7%Reading package lists... 26%Reading package lists... 31%Reading package lists... 31%Reading package lists... 31%Reading package lists... 31%Reading package lists... 38%Reading package lists... 38%Reading package lists... 39%Reading package lists... 39%Reading package lists... 53%Reading package lists... 62%Reading package lists... 62%Reading package lists... 63%Reading package lists... 63%Reading package lists... 66%Reading package lists... 66%Reading package lists... 67%Reading package lists... 67%Reading package lists... 67%Reading package lists... 67%Reading package lists... 78%Reading package lists... 81%Reading package lists... 81%Reading package lists... 84%Reading package lists... 84%Reading package lists... 85%Reading package lists... 85%Reading package lists... 86%Reading package lists... 86%Reading package lists... 86%Reading package lists... 86%Reading package lists... 89%Reading package lists... 89%Reading package lists... 90%Reading package lists... 90%Reading package lists... 91%Reading package lists... 91%Reading package lists... 91%Reading package lists... 91%Reading package lists... 93%Reading package lists... 93%Reading package lists... 93%Reading package lists... 93%Reading package lists... 93%Reading package lists... 93%Reading package lists... 93%Reading package lists... 93%Reading package lists... 93%Reading package lists... 93%Reading package lists... 93%Reading package lists... 93%Reading package lists... 93%Reading package lists... 93%Reading package lists... 93%Reading package lists... 93%Reading package lists... 93%Reading package lists... 93%Reading package lists... 93%Reading package lists... 93%Reading package lists... 93%Reading package lists... 93%Reading package lists... 93%Reading package lists... 93%Reading package lists... 93%Reading package lists... 93%Reading package lists... 93%Reading package lists... 93%Reading package lists... 93%Reading package lists... 93%Reading package lists... 93%Reading package lists... 93%Reading package lists... 95%Reading package lists... 95%Reading package lists... 95%Reading package lists... 95%Reading package lists... 95%Reading package lists... 95%Reading package lists... 95%Reading package lists... 95%Reading package lists... 95%Reading package lists... 97%Reading package lists... 97%Reading package lists... 97%Reading package lists... 97%Reading package lists... 97%Reading package lists... 97%Reading package lists... 97%Reading package lists... 97%Reading package lists... 98%Reading package lists... 98%Reading package lists... 98%Reading package lists... 98%Reading package lists... 98%Reading package lists... 98%Reading package lists... 98%Reading package lists... 98%Reading package lists... 98%Reading package lists... 98%Reading package lists... 99%Reading package lists... 99%Reading package lists... 99%Reading package lists... 99%Reading package lists... 99%Reading package lists... 99%Reading package lists... 99%Reading package lists... 99%Reading package lists... 99%Reading package lists... 99%Reading package lists... 99%Reading package lists... 99%Reading package lists... 99%Reading package lists... 99%Reading package lists... 99%Reading package lists... 99%Reading package lists... 99%Reading package lists... 99%Reading package lists... 99%Reading package lists... 99%Reading package lists... 99%Reading package lists... 99%Reading package lists... 99%Reading package lists... 99%Reading package lists... 99%Reading package lists... 99%Reading package lists... Done
Building dependency tree... 0%Building dependency tree... 0%Building dependency tree... 0%Building dependency tree... 50%Building dependency tree... 50%Building dependency tree       
Reading state information... 0%Reading state information... 0%Reading state information... Done
The following extra packages will be installed:
  dictionaries-common
Suggested packages:
  ispell jed-extra hunspell openoffice.org-hunspell openoffice.org-core
The following NEW packages will be installed:
  dictionaries-common hunspell-en-us libhunspell-1.3-0 libhunspell-dev
0 upgraded, 4 newly installed, 0 to remove and 0 not upgraded.
Need to get 848 kB of archives.
After this operation, 2,778 kB of additional disk space will be used.
0% [Working]            Get:1 http://us.archive.ubuntu.com/ubuntu/ precise/main libhunspell-1.3-0 amd64 1.3.2-4 [142 kB]
            2% [1 libhunspell-1.3-0 14.0 kB/142 kB 10%]                                           17% [Waiting for headers]                         Get:2 http://us.archive.ubuntu.com/ubuntu/ precise/main dictionaries-common all 1.12.1ubuntu2 [246 kB]
                         17% [2 dictionaries-common 477 B/246 kB 0%]                                           46% [Working]             Get:3 http://us.archive.ubuntu.com/ubuntu/ precise/main hunspell-en-us all 20070829-4ubuntu3 [248 kB]
             46% [3 hunspell-en-us 5,063 B/248 kB 2%]                                        75% [Working]             Get:4 http://us.archive.ubuntu.com/ubuntu/ precise/main libhunspell-dev amd64 1.3.2-4 [213 kB]
             77% [4 libhunspell-dev 18.4 kB/213 kB 9%]                                         100% [Working]              Fetched 848 kB in 0s (849 kB/s)
Preconfiguring packages ...
Selecting previously unselected package libhunspell-1.3-0.
(Reading database ... (Reading database ... 5%(Reading database ... 10%(Reading database ... 15%(Reading database ... 20%(Reading database ... 25%(Reading database ... 30%(Reading database ... 35%(Reading database ... 40%(Reading database ... 45%(Reading database ... 50%(Reading database ... 55%(Reading database ... 60%(Reading database ... 65%(Reading database ... 70%(Reading database ... 75%(Reading database ... 80%(Reading database ... 85%(Reading database ... 90%(Reading database ... 95%(Reading database ... 100%(Reading database ... 59321 files and directories currently installed.)
Unpacking libhunspell-1.3-0 (from .../libhunspell-1.3-0_1.3.2-4_amd64.deb) ...
Selecting previously unselected package dictionaries-common.
Unpacking dictionaries-common (from .../dictionaries-common_1.12.1ubuntu2_all.deb) ...
Adding 'diversion of /usr/share/dict/words to /usr/share/dict/words.pre-dictionaries-common by dictionaries-common'
Selecting previously unselected package hunspell-en-us.
Unpacking hunspell-en-us (from .../hunspell-en-us_20070829-4ubuntu3_all.deb) ...
Selecting previously unselected package libhunspell-dev.
Unpacking libhunspell-dev (from .../libhunspell-dev_1.3.2-4_amd64.deb) ...
Processing triggers for man-db ...
Setting up libhunspell-1.3-0 (1.3.2-4) ...
Setting up dictionaries-common (1.12.1ubuntu2) ...
install/dictionaries-common: Byte-compiling for emacsen flavour emacs23
Wrote /usr/share/emacs23/site-lisp/dictionaries-common/debian-ispell.elc
Wrote /usr/share/emacs23/site-lisp/dictionaries-common/ispell.elc
Wrote /usr/share/emacs23/site-lisp/dictionaries-common/flyspell.elc
Setting up libhunspell-dev (1.3.2-4) ...
Processing triggers for dictionaries-common ...
Setting up hunspell-en-us (20070829-4ubuntu3) ...
Processing triggers for libc-bin ...
ldconfig deferred processing now taking place
travis_fold:end:before_install.1travis_fold:start:before_install.2$ cd Text-Hoborg
travis_fold:end:before_install.2travis_fold:start:install$ cpanm --quiet --installdeps --notest .
Successfully installed Text-Hunspell-2.08
Successfully installed Lingua-EN-Syllable-0.251
Successfully installed Lingua-EN-Fathom-1.15
3 distributions installed
travis_fold:end:install$ perl Makefile.PL && make test
Writing Makefile for Text::Hoborg
Writing MYMETA.yml and MYMETA.json
cp lib/Text/Hoborg.pm blib/lib/Text/Hoborg.pm
PERL_DL_NONLAZY=1 /home/travis/perl5/perlbrew/perls/5.16/bin/perl "-MExtUtils::Command::MM" "-e" "test_harness(0, 'blib/lib', 'blib/arch')" t/*.t
t/00.load.t ......... t/00.load.t ......... 1/? # Testing Text::Hoborg 0.0.3
t/00.load.t ......... 2244/? 
#   Failed test 'Checking separarating'
#   at t/00.load.t line 29.

#   Failed test 'Checking happend'
#   at t/00.load.t line 29.
t/00.load.t ......... 12298/? 
#   Failed test 'Checking StackExchange'
#   at t/00.load.t line 29.
# Looks like you failed 3 tests of 13451.
                               t/00.load.t ......... Dubious, test returned 3 (wstat 768, 0x300)
Failed 3/13451 subtests 
t/01.readability.t .. # Testing Text::Hoborg 0.0.3
# Fog = 8.90027607061687
# Kincaid = 6.89042929665647
# Flesch = 72.9314530226005
t/01.readability.t .. 1/?                            t/01.readability.t .. ok

Test Summary Report
-------------------
t/00.load.t       (Wstat: 768 Tests: 13451 Failed: 3)
  Failed tests:  9108, 9287, 13433
  Non-zero exit status: 3
Files=2, Tests=13457,  3 wallclock secs ( 1.25 usr  0.05 sys +  2.49 cusr  0.05 csys =  3.84 CPU)
Result: FAIL
Failed 1/2 test programs. 3/13457 subtests failed.
make: *** [test_dynamic] Error 255

The command "make test" exited with 2.

Done. Your build exited with 1.
