Using worker: worker-linux-4-2.bb.travis-ci.org:travis-linux-3

travis_fold:start:git.1$ git clone --depth=50 --branch=master git://github.com/JJ/hoborg.git JJ/hoborg
Cloning into 'JJ/hoborg'...
remote: Counting objects: 245, done.ote: Compressing objects:   0% (1/148)   ote: Compressing objects:   1% (2/148)   ote: Compressing objects:   2% (3/148)   ote: Compressing objects:   3% (5/148)   ote: Compressing objects:   4% (6/148)   ote: Compressing objects:   5% (8/148)   ote: Compressing objects:   6% (9/148)   ote: Compressing objects:   7% (11/148)   ote: Compressing objects:   8% (12/148)   ote: Compressing objects:   9% (14/148)   ote: Compressing objects:  10% (15/148)   ote: Compressing objects:  11% (17/148)   ote: Compressing objects:  12% (18/148)   ote: Compressing objects:  13% (20/148)   ote: Compressing objects:  14% (21/148)   ote: Compressing objects:  15% (23/148)   ote: Compressing objects:  16% (24/148)   ote: Compressing objects:  17% (26/148)   ote: Compressing objects:  18% (27/148)   ote: Compressing objects:  19% (29/148)   ote: Compressing objects:  20% (30/148)   ote: Compressing objects:  21% (32/148)   ote: Compressing objects:  22% (33/148)   ote: Compressing objects:  23% (35/148)   ote: Compressing objects:  24% (36/148)   ote: Compressing objects:  25% (37/148)   ote: Compressing objects:  26% (39/148)   ote: Compressing objects:  27% (40/148)   ote: Compressing objects:  28% (42/148)   ote: Compressing objects:  29% (43/148)   ote: Compressing objects:  30% (45/148)   ote: Compressing objects:  31% (46/148)   ote: Compressing objects:  32% (48/148)   ote: Compressing objects:  33% (49/148)   ote: Compressing objects:  34% (51/148)   ote: Compressing objects:  35% (52/148)   ote: Compressing objects:  36% (54/148)   ote: Compressing objects:  37% (55/148)   ote: Compressing objects:  38% (57/148)   ote: Compressing objects:  39% (58/148)   ote: Compressing objects:  40% (60/148)   ote: Compressing objects:  41% (61/148)   ote: Compressing objects:  42% (63/148)   ote: Compressing objects:  43% (64/148)   ote: Compressing objects:  44% (66/148)   ote: Compressing objects:  45% (67/148)   ote: Compressing objects:  46% (69/148)   ote: Compressing objects:  47% (70/148)   ote: Compressing objects:  48% (72/148)   ote: Compressing objects:  49% (73/148)   ote: Compressing objects:  50% (74/148)   ote: Compressing objects:  51% (76/148)   ote: Compressing objects:  52% (77/148)   ote: Compressing objects:  53% (79/148)   ote: Compressing objects:  54% (80/148)   ote: Compressing objects:  55% (82/148)   ote: Compressing objects:  56% (83/148)   ote: Compressing objects:  57% (85/148)   ote: Compressing objects:  58% (86/148)   ote: Compressing objects:  59% (88/148)   ote: Compressing objects:  60% (89/148)   ote: Compressing objects:  61% (91/148)   ote: Compressing objects:  62% (92/148)   ote: Compressing objects:  63% (94/148)   ote: Compressing objects:  64% (95/148)   ote: Compressing objects:  65% (97/148)   ote: Compressing objects:  66% (98/148)   ote: Compressing objects:  67% (100/148)   ote: Compressing objects:  68% (101/148)   ote: Compressing objects:  69% (103/148)   ote: Compressing objects:  70% (104/148)   ote: Compressing objects:  71% (106/148)   ote: Compressing objects:  72% (107/148)   ote: Compressing objects:  73% (109/148)   ote: Compressing objects:  74% (110/148)   ote: Compressing objects:  75% (111/148)   ote: Compressing objects:  76% (113/148)   ote: Compressing objects:  77% (114/148)   ote: Compressing objects:  78% (116/148)   ote: Compressing objects:  79% (117/148)   ote: Compressing objects:  80% (119/148)   ote: Compressing objects:  81% (120/148)   ote: Compressing objects:  82% (122/148)   ote: Compressing objects:  83% (123/148)   ote: Compressing objects:  84% (125/148)   ote: Compressing objects:  85% (126/148)   ote: Compressing objects:  86% (128/148)   ote: Compressing objects:  87% (129/148)   ote: Compressing objects:  88% (131/148)   ote: Compressing objects:  89% (132/148)   ote: Compressing objects:  90% (134/148)   ote: Compressing objects:  91% (135/148)   ote: Compressing objects:  92% (137/148)   ote: Compressing objects:  93% (138/148)   ote: Compressing objects:  94% (140/148)   ote: Compressing objects:  95% (141/148)   ote: Compressing objects:  96% (143/148)   ote: Compressing objects:  97% (144/148)   ote: Compressing objects:  98% (146/148)   ote: Compressing objects:  99% (147/148)   ote: Compressing objects: 100% (148/148)   ote: Compressing objects: 100% (148/148), done.ote: Total 245 (delta 146), reused 185 (delta 94)ay be copied only under the terms of either the Artistic License or the
GNU General Public License, which may be found in the Perl 5 source kit.

Complete documentation for Perl, including FAQ lists, should be found on
this system using "man perl" or "perldoc perl".  If you have access to the
Internet, point your browser at http://www.perl.org/, the Perl Home Page.

$ cpanm --version
cpanm (App::cpanminus) version 1.6102
travis_fold:start:before_install.1$ sudo apt-get install libhunspell-1.3-0 hunspell-en-us libhunspell-dev
Reading package lists... 0%Reading package lists... 0%Reading package lists... 1%Reading package lists... 7%Reading package lists... 7%Reading package lists... 7%Reading package lists... 7%Reading package lists... 21%Reading package lists... 31%Reading package lists... 31%Reading package lists... 31%Reading package lists... 31%Reading package lists... 38%Reading package lists... 38%Reading package lists... 39%Reading package lists... 39%Reading package lists... 41%Reading package lists... 62%Reading package lists... 62%Reading package lists... 63%Reading package lists... 63%Reading package lists... 65%Reading package lists... 66%Reading package lists... 66%Reading package lists... 67%Reading package lists... 67%Reading package lists... 67%Reading package lists... 67%Reading package lists... 81%Reading package lists... 81%Reading package lists... 84%Reading package lists... 84%Reading package lists... 84%Reading package lists... 85%Reading package lists... 85%Reading package lists... 86%Reading package lists... 86%Reading package lists... 86%Reading package lists... 86%Reading package lists... 89%Reading package lists... 89%Reading package lists... 90%Reading package lists... 90%Reading package lists... 91%Reading package lists... 91%Reading package lists... 91%Reading package lists... 91%Reading package lists... 93%Reading package lists... 93%Reading package lists... 93%Reading package lists... 93%Reading package lists... 93%Reading package lists... 93%Reading package lists... 93%Reading package lists... 93%Reading package lists... 93%Reading package lists... 93%Reading package lists... 93%Reading package lists... 93%Reading package lists... 93%Reading package lists... 93%Reading package lists... 93%Reading package lists... 93%Reading package lists... 93%Reading package lists... 93%Reading package lists... 93%Reading package lists... 93%Reading package lists... 93%Reading package lists... 93%Reading package lists... 93%Reading package lists... 93%Reading package lists... 93%Reading package lists... 93%Reading package lists... 93%Reading package lists... 93%Reading package lists... 93%Reading package lists... 93%Reading package lists... 93%Reading package lists... 93%Reading package lists... 95%Reading package lists... 95%Reading package lists... 95%Reading package lists... 95%Reading package lists... 95%Reading package lists... 95%Reading package lists... 95%Reading package lists... 95%Reading package lists... 97%Reading package lists... 97%Reading package lists... 97%Reading package lists... 97%Reading package lists... 97%Reading package lists... 97%Reading package lists... 97%Reading package lists... 97%Reading package lists... 98%Reading package lists... 98%Reading package lists... 98%Reading package lists... 98%Reading package lists... 98%Reading package lists... 98%Reading package lists... 98%Reading package lists... 98%Reading package lists... 98%Reading package lists... 98%Reading package lists... 99%Reading package lists... 99%Reading package lists... 99%Reading package lists... 99%Reading package lists... 99%Reading package lists... 99%Reading package lists... 99%Reading package lists... 99%Reading package lists... 99%Reading package lists... 99%Reading package lists... 99%Reading package lists... 99%Reading package lists... 99%Reading package lists... 99%Reading package lists... 99%Reading package lists... 99%Reading package lists... 99%Reading package lists... 99%Reading package lists... 99%Reading package lists... 99%Reading package lists... 99%Reading package lists... 99%Reading package lists... 99%Reading package lists... 99%Reading package lists... 99%Reading package lists... 99%Reading package lists... Done
Building dependency tree... 0%Building dependency tree... 0%Building dependency tree... 0%Building dependency tree... 50%Building dependency tree... 50%Building dependency tree       
Reading state information... 0%Reading state information... 0%Reading state information... Done
The following extra packages will be installed:
  dictionaries-common
Suggested packages:
  ispell jed-extra hunspell openoffice.org-hunspell openoffice.org-core
The following NEW packages will be installed:
  dictionaries-common hunspell-en-us libhunspell-1.3-0 libhunspell-dev
0 upgraded, 4 newly installed, 0 to remove and 0 not upgraded.
Need to get 848 kB of archives.
After this operation, 2,778 kB of additional disk space will be used.
0% [Working]            Get:1 http://us.archive.ubuntu.com/ubuntu/ precise/main libhunspell-1.3-0 amd64 1.3.2-4 [142 kB]
            2% [1 libhunspell-1.3-0 14.2 kB/142 kB 10%]                                           17% [Working]             Get:2 http://us.archive.ubuntu.com/ubuntu/ precise/main dictionaries-common all 1.12.1ubuntu2 [246 kB]
             17% [2 dictionaries-common 2,477 B/246 kB 1%]                                             46% [Working]             Get:3 http://us.archive.ubuntu.com/ubuntu/ precise/main hunspell-en-us all 20070829-4ubuntu3 [248 kB]
             46% [3 hunspell-en-us 5,063 B/248 kB 2%]                                        75% [Working]             Get:4 http://us.archive.ubuntu.com/ubuntu/ precise/main libhunspell-dev amd64 1.3.2-4 [213 kB]
             77% [4 libhunspell-dev 18.4 kB/213 kB 9%]                                         100% [Working]              Fetched 848 kB in 0s (2,424 kB/s)
Preconfiguring packages ...
Selecting previously unselected package libhunspell-1.3-0.
(Reading database ... (Reading database ... 5%(Reading database ... 10%(Reading database ... 15%(Reading database ... 20%(Reading database ... 25%(Reading database ... 30%(Reading database ... 35%(Reading database ... 40%(Reading database ... 45%(Reading database ... 50%(Reading database ... 55%(Reading database ... 60%(Reading database ... 65%(Reading database ... 70%(Reading database ... 75%(Reading database ... 80%(Reading database ... 85%(Reading database ... 90%(Reading database ... 95%(Reading database ... 100%(Reading database ... 59321 files and directories currently installed.)
Unpacking libhunspell-1.3-0 (from .../libhunspell-1.3-0_1.3.2-4_amd64.deb) ...
Selecting previously unselected package dictionaries-common.
Unpacking dictionaries-common (from .../dictionaries-common_1.12.1ubuntu2_all.deb) ...
Adding 'diversion of /usr/share/dict/words to /usr/share/dict/words.pre-dictionaries-common by dictionaries-common'
Selecting previously unselected package hunspell-en-us.
Unpacking hunspell-en-us (from .../hunspell-en-us_20070829-4ubuntu3_all.deb) ...
Selecting previously unselected package libhunspell-dev.
Unpacking libhunspell-dev (from .../libhunspell-dev_1.3.2-4_amd64.deb) ...
Processing triggers for man-db ...
Setting up libhunspell-1.3-0 (1.3.2-4) ...
Setting up dictionaries-common (1.12.1ubuntu2) ...
install/dictionaries-common: Byte-compiling for emacsen flavour emacs23
Wrote /usr/share/emacs23/site-lisp/dictionaries-common/debian-ispell.elc
Wrote /usr/share/emacs23/site-lisp/dictionaries-common/ispell.elc
Wrote /usr/share/emacs23/site-lisp/dictionaries-common/flyspell.elc
Setting up libhunspell-dev (1.3.2-4) ...
Processing triggers for dictionaries-common ...
Setting up hunspell-en-us (20070829-4ubuntu3) ...
Processing triggers for libc-bin ...
ldconfig deferred processing now taking place
travis_fold:end:before_install.1travis_fold:start:before_install.2$ cd Text-Hoborg
travis_fold:end:before_install.2travis_fold:start:install$ cpanm --quiet --installdeps --notest .
Successfully installed Text-Hunspell-2.08
Successfully installed Lingua-EN-Syllable-0.251
Successfully installed Lingua-EN-Fathom-1.15
3 distributions installed
travis_fold:end:install$ perl Makefile.PL && make test
Writing Makefile for Text::Hoborg
Writing MYMETA.yml and MYMETA.json
cp lib/Text/Hoborg.pm blib/lib/Text/Hoborg.pm
PERL_DL_NONLAZY=1 /home/travis/perl5/perlbrew/perls/5.16/bin/perl "-MExtUtils::Command::MM" "-e" "test_harness(0, 'blib/lib', 'blib/arch')" t/*.t
t/00.load.t ......... t/00.load.t ......... 1/? # Testing Text::Hoborg 0.0.3
                              t/00.load.t ......... ok
t/01.readability.t .. "my" variable $text masks earlier declaration in same scope at t/01.readability.t line 15.
# Testing Text::Hoborg 0.0.3
t/01.readability.t .. 1/?                            t/01.readability.t .. ok
All tests successful.
Files=2, Tests=5509,  1 wallclock secs ( 0.66 usr  0.02 sys +  1.30 cusr  0.03 csys =  2.01 CPU)
Result: PASS

The command "make test" exited with 0.

Done. Your build exited with 0.
