Using worker: worker-linux-2-1.bb.travis-ci.org:travis-linux-11

travis_fold:start:git.1$ git clone --depth=50 --branch=master git://github.com/JJ/hoborg.git JJ/hoborg
Cloning into 'JJ/hoborg'...
remote: Counting objects: 270, done.ote: Compressing objects:   0% (1/163)   ote: Compressing objects:   1% (2/163)   ote: Compressing objects:   2% (4/163)   ote: Compressing objects:   3% (5/163)   ote: Compressing objects:   4% (7/163)   ote: Compressing objects:   5% (9/163)   ote: Compressing objects:   6% (10/163)   ote: Compressing objects:   7% (12/163)   ote: Compressing objects:   8% (14/163)   ote: Compressing objects:   9% (15/163)   ote: Compressing objects:  10% (17/163)   ote: Compressing objects:  11% (18/163)   ote: Compressing objects:  12% (20/163)   ote: Compressing objects:  13% (22/163)   ote: Compressing objects:  14% (23/163)   ote: Compressing objects:  15% (25/163)   ote: Compressing objects:  16% (27/163)   ote: Compressing objects:  17% (28/163)   ote: Compressing objects:  18% (30/163)   ote: Compressing objects:  19% (31/163)   ote: Compressing objects:  20% (33/163)   ote: Compressing objects:  21% (35/163)   ote: Compressing objects:  22% (36/163)   ote: Compressing objects:  23% (38/163)   ote: Compressing objects:  24% (40/163)   ote: Compressing objects:  25% (41/163)   ote: Compressing objects:  26% (43/163)   ote: Compressing objects:  27% (45/163)   ote: Compressing objects:  28% (46/163)   ote: Compressing objects:  29% (48/163)   ote: Compressing objects:  30% (49/163)   ote: Compressing objects:  31% (51/163)   ote: Compressing objects:  32% (53/163)   ote: Compressing objects:  33% (54/163)   ote: Compressing objects:  34% (56/163)   ote: Compressing objects:  35% (58/163)   ote: Compressing objects:  36% (59/163)   ote: Compressing objects:  37% (61/163)   ote: Compressing objects:  38% (62/163)   ote: Compressing objects:  39% (64/163)   ote: Compressing objects:  40% (66/163)   ote: Compressing objects:  41% (67/163)   ote: Compressing objects:  42% (69/163)   ote: Compressing objects:  43% (71/163)   ote: Compressing objects:  44% (72/163)   ote: Compressing objects:  45% (74/163)   ote: Compressing objects:  46% (75/163)   ote: Compressing objects:  47% (77/163)   ote: Compressing objects:  48% (79/163)   ote: Compressing objects:  49% (80/163)   ote: Compressing objects:  50% (82/163)   ote: Compressing objects:  51% (84/163)   ote: Compressing objects:  52% (85/163)   ote: Compressing objects:  53% (87/163)   ote: Compressing objects:  54% (89/163)   ote: Compressing objects:  55% (90/163)   ote: Compressing objects:  56% (92/163)   ote: Compressing objects:  57% (93/163)   ote: Compressing objects:  58% (95/163)   ote: Compressing objects:  59% (97/163)   ote: Compressing objects:  60% (98/163)   ote: Compressing objects:  61% (100/163)   ote: Compressing objects:  62% (102/163)   ote: Compressing objects:  63% (103/163)   ote: Compressing objects:  64% (105/163)   ote: Compressing objects:  65% (106/163)   ote: Compressing objects:  66% (108/163)   ote: Compressing objects:  67% (110/163)   ote: Compressing objects:  68% (111/163)   ote: Compressing objects:  69% (113/163)   ote: Compressing objects:  70% (115/163)   ote: Compressing objects:  71% (116/163)   ote: Compressing objects:  72% (118/163)   ote: Compressing objects:  73% (119/163)   ote: Compressing objects:  74% (121/163)   ote: Compressing objects:  75% (123/163)   ote: Compressing objects:  76% (124/163)   ote: Compressing objects:  77% (126/163)   ote: Compressing objects:  78% (128/163)   ote: Compressing objects:  79% (129/163)   ote: Compressing objects:  80% (131/163)   ote: Compressing objects:  81% (133/163)   ote: Compressing objects:  82% (134/163)   ote: Compressing objects:  83% (136/163)   ote: Compressing objects:  84% (137/163)   ote: Compressing objects:  85% (139/163)   ote: Compressing objects:  86% (141/163)   ote: Compressing objects:  87% (142/163)   ote: Compressing objects:  88% (144/163)   ote: Compressing objects:  89% (146/163)   ote: Compressing objects:  90% (147/163)   ote: Compressing objects:  91% (149/163)   ote: Compressing objects:  92% (150/163)   ote: Compressing objects:  93% (152/163)   ote: Compressing objects:  94% (154/163)   ote: Compressing objects:  95% (155/163)   ote: Compressing objects:  96% (157/163)   ote: Compressing objects:  97% (159/163)   ote: Compressing objects:  98% (160/163)   ote: Compressing objects:  99% (162/163)   ote: Compressing objects: 100% (163/163)   ote: Compressing objects: 100% (163/163), done.ote: Total 270 (delta 170), reused 191 (delta 100)ay be copied only under the terms of either the Artistic License or the
GNU General Public License, which may be found in the Perl 5 source kit.

Complete documentation for Perl, including FAQ lists, should be found on
this system using "man perl" or "perldoc perl".  If you have access to the
Internet, point your browser at http://www.perl.org/, the Perl Home Page.

$ cpanm --version
cpanm (App::cpanminus) version 1.6922 (/home/travis/perl5/perlbrew/bin/cpanm)
perl version 5.016003 (/home/travis/perl5/perlbrew/perls/5.16/bin/perl)

  %Config:
    archname=x86_64-linux
    installsitelib=/home/travis/perl5/perlbrew/perls/5.16/lib/site_perl/5.16.3
    installsitebin=/home/travis/perl5/perlbrew/perls/5.16/bin
    installman1dir=/home/travis/perl5/perlbrew/perls/5.16/man/man1
    installman3dir=/home/travis/perl5/perlbrew/perls/5.16/man/man3
    sitelibexp=/home/travis/perl5/perlbrew/perls/5.16/lib/site_perl/5.16.3
    archlibexp=/home/travis/perl5/perlbrew/perls/5.16/lib/5.16.3/x86_64-linux
    privlibexp=/home/travis/perl5/perlbrew/perls/5.16/lib/5.16.3
  %ENV:
    PERLBREW_BASHRC_VERSION=0.64
    PERLBREW_HOME=/home/travis/.perlbrew
    PERLBREW_MANPATH=/home/travis/perl5/perlbrew/perls/5.16/man
    PERLBREW_PATH=/home/travis/perl5/perlbrew/bin:/home/travis/perl5/perlbrew/perls/5.16/bin
    PERLBREW_PERL=5.16
    PERLBREW_ROOT=/home/travis/perl5/perlbrew
    PERLBREW_VERSION=0.64
  @INC:
    /home/travis/perl5/perlbrew/perls/5.16/lib/site_perl/5.16.3/x86_64-linux
    /home/travis/perl5/perlbrew/perls/5.16/lib/site_perl/5.16.3
    /home/travis/perl5/perlbrew/perls/5.16/lib/5.16.3/x86_64-linux
    /home/travis/perl5/perlbrew/perls/5.16/lib/5.16.3
    .
travis_fold:start:before_install.1$ sudo apt-get install libhunspell-1.3-0 hunspell-en-us libhunspell-dev
Reading package lists... 0%Reading package lists... 0%Reading package lists... 1%Reading package lists... 7%Reading package lists... 7%Reading package lists... 7%Reading package lists... 7%Reading package lists... 22%Reading package lists... 30%Reading package lists... 30%Reading package lists... 30%Reading package lists... 30%Reading package lists... 37%Reading package lists... 37%Reading package lists... 38%Reading package lists... 38%Reading package lists... 42%Reading package lists... 61%Reading package lists... 61%Reading package lists... 61%Reading package lists... 61%Reading package lists... 63%Reading package lists... 65%Reading package lists... 65%Reading package lists... 65%Reading package lists... 65%Reading package lists... 65%Reading package lists... 65%Reading package lists... 79%Reading package lists... 79%Reading package lists... 82%Reading package lists... 83%Reading package lists... 83%Reading package lists... 83%Reading package lists... 83%Reading package lists... 84%Reading package lists... 84%Reading package lists... 84%Reading package lists... 84%Reading package lists... 88%Reading package lists... 88%Reading package lists... 88%Reading package lists... 88%Reading package lists... 89%Reading package lists... 89%Reading package lists... 89%Reading package lists... 89%Reading package lists... 91%Reading package lists... 91%Reading package lists... 91%Reading package lists... 91%Reading package lists... 91%Reading package lists... 91%Reading package lists... 92%Reading package lists... 92%Reading package lists... 92%Reading package lists... 92%Reading package lists... 92%Reading package lists... 92%Reading package lists... 92%Reading package lists... 92%Reading package lists... 92%Reading package lists... 92%Reading package lists... 92%Reading package lists... 92%Reading package lists... 92%Reading package lists... 92%Reading package lists... 92%Reading package lists... 92%Reading package lists... 92%Reading package lists... 92%Reading package lists... 92%Reading package lists... 92%Reading package lists... 92%Reading package lists... 92%Reading package lists... 92%Reading package lists... 92%Reading package lists... 92%Reading package lists... 92%Reading package lists... 94%Reading package lists... 94%Reading package lists... 94%Reading package lists... 94%Reading package lists... 95%Reading package lists... 95%Reading package lists... 95%Reading package lists... 95%Reading package lists... 97%Reading package lists... 97%Reading package lists... 97%Reading package lists... 97%Reading package lists... 97%Reading package lists... 97%Reading package lists... 97%Reading package lists... 97%Reading package lists... 98%Reading package lists... 98%Reading package lists... 98%Reading package lists... 98%Reading package lists... 98%Reading package lists... 98%Reading package lists... 99%Reading package lists... 99%Reading package lists... 99%Reading package lists... 99%Reading package lists... 99%Reading package lists... 99%Reading package lists... 99%Reading package lists... 99%Reading package lists... 99%Reading package lists... 99%Reading package lists... 99%Reading package lists... 99%Reading package lists... 99%Reading package lists... 99%Reading package lists... 99%Reading package lists... 99%Reading package lists... 99%Reading package lists... 99%Reading package lists... 99%Reading package lists... 99%Reading package lists... 99%Reading package lists... 99%Reading package lists... 99%Reading package lists... 99%Reading package lists... 99%Reading package lists... 99%Reading package lists... 99%Reading package lists... 99%Reading package lists... 99%Reading package lists... 99%Reading package lists... Done
Building dependency tree... 0%Building dependency tree... 0%Building dependency tree... 0%Building dependency tree... 50%Building dependency tree... 50%Building dependency tree       
Reading state information... 0%Reading state information... 0%Reading state information... Done
The following extra packages will be installed:
  dictionaries-common
Suggested packages:
  ispell jed-extra hunspell openoffice.org-hunspell openoffice.org-core
The following NEW packages will be installed:
  dictionaries-common hunspell-en-us libhunspell-1.3-0 libhunspell-dev
0 upgraded, 4 newly installed, 0 to remove and 0 not upgraded.
Need to get 848 kB of archives.
After this operation, 2,778 kB of additional disk space will be used.
0% [Working]            Get:1 http://us.archive.ubuntu.com/ubuntu/ precise/main libhunspell-1.3-0 amd64 1.3.2-4 [142 kB]
            0% [1 libhunspell-1.3-0 2,547 B/142 kB 2%]                                          9% [1 libhunspell-1.3-0 73.9 kB/142 kB 52%]                                           17% [Working]             Get:2 http://us.archive.ubuntu.com/ubuntu/ precise/main dictionaries-common all 1.12.1ubuntu2 [246 kB]
             17% [2 dictionaries-common 477 B/246 kB 0%]                                           25% [2 dictionaries-common 71.9 kB/246 kB 29%]                                              31% [2 dictionaries-common 119 kB/246 kB 48%]35% [2 dictionaries-common 155 kB/246 kB 63%]37% [2 dictionaries-common 173 kB/246 kB 71%]37% [2 dictionaries-common 176 kB/246 kB 72%]40% [2 dictionaries-common 196 kB/246 kB 80%]42% [2 dictionaries-common 212 kB/246 kB 86%]44% [2 dictionaries-common 229 kB/246 kB 93%]45% [2 dictionaries-common 243 kB/246 kB 99%]                                             46% [Waiting for headers]                         Get:3 http://us.archive.ubuntu.com/ubuntu/ precise/main hunspell-en-us all 20070829-4ubuntu3 [248 kB]
                         46% [3 hunspell-en-us 3,119 B/248 kB 1%]                                        47% [3 hunspell-en-us 13.1 kB/248 kB 5%]                           65.5 kB/s 6s48% [3 hunspell-en-us 20.3 kB/248 kB 8%]                           65.5 kB/s 6s48% [3 hunspell-en-us 20.3 kB/248 kB 8%]                           65.5 kB/s 6s48% [3 hunspell-en-us 23.1 kB/248 kB 9%]                           65.5 kB/s 6s50% [3 hunspell-en-us 36.0 kB/248 kB 14%]                          65.5 kB/s 6s50% [3 hunspell-en-us 38.8 kB/248 kB 16%]                          65.5 kB/s 6s51% [3 hunspell-en-us 44.5 kB/248 kB 18%]                          65.5 kB/s 6s53% [3 hunspell-en-us 58.8 kB/248 kB 24%]                          65.5 kB/s 6s55% [3 hunspell-en-us 78.8 kB/248 kB 32%]                          65.5 kB/s 5s56% [3 hunspell-en-us 91.7 kB/248 kB 37%]                          65.5 kB/s 5s58% [3 hunspell-en-us 109 kB/248 kB 44%]                           65.5 kB/s 5s61% [3 hunspell-en-us 132 kB/248 kB 53%]                           65.5 kB/s 5s62% [3 hunspell-en-us 142 kB/248 kB 57%]                          21.4 kB/s 14s63% [3 hunspell-en-us 150 kB/248 kB 60%]                          21.4 kB/s 14s64% [3 hunspell-en-us 159 kB/248 kB 64%]                          21.4 kB/s 14s67% [3 hunspell-en-us 183 kB/248 kB 74%]                          21.4 kB/s 13s67% [3 hunspell-en-us 183 kB/248 kB 74%]                          21.4 kB/s 13s68% [3 hunspell-en-us 189 kB/248 kB 76%]                          21.4 kB/s 12s70% [3 hunspell-en-us 207 kB/248 kB 83%]                          21.4 kB/s 11s73% [3 hunspell-en-us 230 kB/248 kB 93%]                          21.4 kB/s 10s74% [3 hunspell-en-us 243 kB/248 kB 98%]                          21.4 kB/s 10s75% [Working]                                                      21.4 kB/s 9s                                                                               Get:4 http://us.archive.ubuntu.com/ubuntu/ precise/main libhunspell-dev amd64 1.3.2-4 [213 kB]
75% [4 libhunspell-dev 2,823 B/213 kB 1%]                          21.4 kB/s 9s77% [4 libhunspell-dev 18.5 kB/213 kB 9%]                          21.4 kB/s 9s77% [4 libhunspell-dev 20.0 kB/213 kB 9%]                          21.4 kB/s 9s78% [4 libhunspell-dev 27.1 kB/213 kB 13%]                         21.4 kB/s 8s81% [4 libhunspell-dev 55.7 kB/213 kB 26%]                         26.9 kB/s 5s82% [4 libhunspell-dev 61.4 kB/213 kB 29%]                         26.9 kB/s 5s85% [4 libhunspell-dev 85.6 kB/213 kB 40%]                         26.9 kB/s 4s87% [4 libhunspell-dev 106 kB/213 kB 50%]                          26.9 kB/s 3s89% [4 libhunspell-dev 120 kB/213 kB 56%]                          26.9 kB/s 3s92% [4 libhunspell-dev 143 kB/213 kB 67%]                          26.9 kB/s 2s95% [4 libhunspell-dev 167 kB/213 kB 79%]                          26.9 kB/s 1s95% [4 libhunspell-dev 168 kB/213 kB 79%]                          26.9 kB/s 1s99% [4 libhunspell-dev 203 kB/213 kB 95%]                          26.9 kB/s 0s100% [Working]                                                     26.9 kB/s 0s                                                                               Fetched 848 kB in 22s (38.1 kB/s)
Preconfiguring packages ...
Selecting previously unselected package libhunspell-1.3-0.
(Reading database ... (Reading database ... 5%(Reading database ... 10%(Reading database ... 15%(Reading database ... 20%(Reading database ... 25%(Reading database ... 30%(Reading database ... 35%(Reading database ... 40%(Reading database ... 45%(Reading database ... 50%(Reading database ... 55%(Reading database ... 60%(Reading database ... 65%(Reading database ... 70%(Reading database ... 75%(Reading database ... 80%(Reading database ... 85%(Reading database ... 90%(Reading database ... 95%(Reading database ... 100%(Reading database ... 59021 files and directories currently installed.)
Unpacking libhunspell-1.3-0 (from .../libhunspell-1.3-0_1.3.2-4_amd64.deb) ...
Selecting previously unselected package dictionaries-common.
Unpacking dictionaries-common (from .../dictionaries-common_1.12.1ubuntu2_all.deb) ...
Adding 'diversion of /usr/share/dict/words to /usr/share/dict/words.pre-dictionaries-common by dictionaries-common'
Selecting previously unselected package hunspell-en-us.
Unpacking hunspell-en-us (from .../hunspell-en-us_20070829-4ubuntu3_all.deb) ...
Selecting previously unselected package libhunspell-dev.
Unpacking libhunspell-dev (from .../libhunspell-dev_1.3.2-4_amd64.deb) ...
Processing triggers for man-db ...
Setting up libhunspell-1.3-0 (1.3.2-4) ...
Setting up dictionaries-common (1.12.1ubuntu2) ...
install/dictionaries-common: Byte-compiling for emacsen flavour emacs23
Wrote /usr/share/emacs23/site-lisp/dictionaries-common/debian-ispell.elc
Wrote /usr/share/emacs23/site-lisp/dictionaries-common/ispell.elc
Wrote /usr/share/emacs23/site-lisp/dictionaries-common/flyspell.elc
Setting up libhunspell-dev (1.3.2-4) ...
Processing triggers for dictionaries-common ...
Setting up hunspell-en-us (20070829-4ubuntu3) ...
Processing triggers for libc-bin ...
ldconfig deferred processing now taking place
travis_fold:end:before_install.1travis_fold:start:before_install.2$ cd Text-Hoborg
travis_fold:end:before_install.2travis_fold:start:install$ cpanm --quiet --installdeps --notest .
Successfully installed Text-Hunspell-2.08
Successfully installed Lingua-EN-Syllable-0.251
Successfully installed Lingua-EN-Fathom-1.15
3 distributions installed
travis_fold:end:install$ perl Makefile.PL && make test
Writing Makefile for Text::Hoborg
Writing MYMETA.yml and MYMETA.json
cp lib/Text/Hoborg.pm blib/lib/Text/Hoborg.pm
PERL_DL_NONLAZY=1 /home/travis/perl5/perlbrew/perls/5.16/bin/perl "-MExtUtils::Command::MM" "-e" "test_harness(0, 'blib/lib', 'blib/arch')" t/*.t
t/00.load.t ......... t/00.load.t ......... 1/? # Testing Text::Hoborg 0.0.4
t/00.load.t ......... 2644/? 
#   Failed test 'Checking dring in text'
#   at t/00.load.t line 29.
t/00.load.t ......... 11565/? # Looks like you failed 1 test of 20326.
                               t/00.load.t ......... Dubious, test returned 1 (wstat 256, 0x100)
Failed 1/20326 subtests 
t/01.readability.t .. # Testing Text::Hoborg 0.0.4
# Fog = 8.8074423153141
# Kincaid = 6.79886755641672
# Flesch = 73.657434997578
t/01.readability.t .. 1/?                            t/01.readability.t .. ok

Test Summary Report
-------------------
t/00.load.t       (Wstat: 256 Tests: 20326 Failed: 1)
  Failed test:  6537
  Non-zero exit status: 1
Files=2, Tests=20332,  4 wallclock secs ( 1.85 usr  0.10 sys +  3.79 cusr  0.11 csys =  5.85 CPU)
Result: FAIL
Failed 1/2 test programs. 1/20332 subtests failed.
make: *** [test_dynamic] Error 255

The command "make test" exited with 2.

Done. Your build exited with 1.
