Using worker: worker-linux-5-1.bb.travis-ci.org:travis-linux-15

travis_fold:start:git.1$ git clone --depth=50 --branch=master git://github.com/JJ/hoborg.git JJ/hoborg
Cloning into 'JJ/hoborg'...
remote: Counting objects: 293, done.ote: Compressing objects:   0% (1/145)   ote: Compressing objects:   1% (2/145)   ote: Compressing objects:   2% (3/145)   ote: Compressing objects:   3% (5/145)   ote: Compressing objects:   4% (6/145)   ote: Compressing objects:   5% (8/145)   ote: Compressing objects:   6% (9/145)   ote: Compressing objects:   7% (11/145)   ote: Compressing objects:   8% (12/145)   ote: Compressing objects:   9% (14/145)   ote: Compressing objects:  10% (15/145)   ote: Compressing objects:  11% (16/145)   ote: Compressing objects:  12% (18/145)   ote: Compressing objects:  13% (19/145)   ote: Compressing objects:  14% (21/145)   ote: Compressing objects:  15% (22/145)   ote: Compressing objects:  16% (24/145)   ote: Compressing objects:  17% (25/145)   ote: Compressing objects:  18% (27/145)   ote: Compressing objects:  19% (28/145)   ote: Compressing objects:  20% (29/145)   ote: Compressing objects:  21% (31/145)   ote: Compressing objects:  22% (32/145)   ote: Compressing objects:  23% (34/145)   ote: Compressing objects:  24% (35/145)   ote: Compressing objects:  25% (37/145)   ote: Compressing objects:  26% (38/145)   ote: Compressing objects:  27% (40/145)   ote: Compressing objects:  28% (41/145)   ote: Compressing objects:  29% (43/145)   ote: Compressing objects:  30% (44/145)   ote: Compressing objects:  31% (45/145)   ote: Compressing objects:  32% (47/145)   ote: Compressing objects:  33% (48/145)   ote: Compressing objects:  34% (50/145)   ote: Compressing objects:  35% (51/145)   ote: Compressing objects:  36% (53/145)   ote: Compressing objects:  37% (54/145)   ote: Compressing objects:  38% (56/145)   ote: Compressing objects:  39% (57/145)   ote: Compressing objects:  40% (58/145)   ote: Compressing objects:  41% (60/145)   ote: Compressing objects:  42% (61/145)   ote: Compressing objects:  43% (63/145)   ote: Compressing objects:  44% (64/145)   ote: Compressing objects:  45% (66/145)   ote: Compressing objects:  46% (67/145)   ote: Compressing objects:  47% (69/145)   ote: Compressing objects:  48% (70/145)   ote: Compressing objects:  49% (72/145)   ote: Compressing objects:  50% (73/145)   ote: Compressing objects:  51% (74/145)   ote: Compressing objects:  52% (76/145)   ote: Compressing objects:  53% (77/145)   ote: Compressing objects:  54% (79/145)   ote: Compressing objects:  55% (80/145)   ote: Compressing objects:  56% (82/145)   ote: Compressing objects:  57% (83/145)   ote: Compressing objects:  58% (85/145)   ote: Compressing objects:  59% (86/145)   ote: Compressing objects:  60% (87/145)   ote: Compressing objects:  61% (89/145)   ote: Compressing objects:  62% (90/145)   ote: Compressing objects:  63% (92/145)   ote: Compressing objects:  64% (93/145)   ote: Compressing objects:  65% (95/145)   ote: Compressing objects:  66% (96/145)   ote: Compressing objects:  67% (98/145)   ote: Compressing objects:  68% (99/145)   ote: Compressing objects:  69% (101/145)   ote: Compressing objects:  70% (102/145)   ote: Compressing objects:  71% (103/145)   ote: Compressing objects:  72% (105/145)   ote: Compressing objects:  73% (106/145)   ote: Compressing objects:  74% (108/145)   ote: Compressing objects:  75% (109/145)   ote: Compressing objects:  76% (111/145)   ote: Compressing objects:  77% (112/145)   ote: Compressing objects:  78% (114/145)   ote: Compressing objects:  79% (115/145)   ote: Compressing objects:  80% (116/145)   ote: Compressing objects:  81% (118/145)   ote: Compressing objects:  82% (119/145)   ote: Compressing objects:  83% (121/145)   ote: Compressing objects:  84% (122/145)   ote: Compressing objects:  85% (124/145)   ote: Compressing objects:  86% (125/145)   ote: Compressing objects:  87% (127/145)   ote: Compressing objects:  88% (128/145)   ote: Compressing objects:  89% (130/145)   ote: Compressing objects:  90% (131/145)   ote: Compressing objects:  91% (132/145)   ote: Compressing objects:  92% (134/145)   ote: Compressing objects:  93% (135/145)   ote: Compressing objects:  94% (137/145)   ote: Compressing objects:  95% (138/145)   ote: Compressing objects:  96% (140/145)   ote: Compressing objects:  97% (141/145)   ote: Compressing objects:  98% (143/145)   ote: Compressing objects:  99% (144/145)   ote: Compressing objects: 100% (145/145)   ote: Compressing objects: 100% (145/145), done.ote: Total 293 (delta 186), reused 241 (delta 143)ay be copied only under the terms of either the Artistic License or the
GNU General Public License, which may be found in the Perl 5 source kit.

Complete documentation for Perl, including FAQ lists, should be found on
this system using "man perl" or "perldoc perl".  If you have access to the
Internet, point your browser at http://www.perl.org/, the Perl Home Page.

$ cpanm --version
cpanm (App::cpanminus) version 1.6920 (/home/travis/perl5/perlbrew/bin/cpanm)
perl version 5.016003 (/home/travis/perl5/perlbrew/perls/5.16/bin/perl)

  %Config:
    archname=x86_64-linux
    installsitelib=/home/travis/perl5/perlbrew/perls/5.16/lib/site_perl/5.16.3
    installsitebin=/home/travis/perl5/perlbrew/perls/5.16/bin
    installman1dir=/home/travis/perl5/perlbrew/perls/5.16/man/man1
    installman3dir=/home/travis/perl5/perlbrew/perls/5.16/man/man3
    sitelibexp=/home/travis/perl5/perlbrew/perls/5.16/lib/site_perl/5.16.3
    archlibexp=/home/travis/perl5/perlbrew/perls/5.16/lib/5.16.3/x86_64-linux
    privlibexp=/home/travis/perl5/perlbrew/perls/5.16/lib/5.16.3
  %ENV:
    PERLBREW_BASHRC_VERSION=0.64
    PERLBREW_HOME=/home/travis/.perlbrew
    PERLBREW_MANPATH=/home/travis/perl5/perlbrew/perls/5.16/man
    PERLBREW_PATH=/home/travis/perl5/perlbrew/bin:/home/travis/perl5/perlbrew/perls/5.16/bin
    PERLBREW_PERL=5.16
    PERLBREW_ROOT=/home/travis/perl5/perlbrew
    PERLBREW_VERSION=0.64
  @INC:
    /home/travis/perl5/perlbrew/perls/5.16/lib/site_perl/5.16.3/x86_64-linux
    /home/travis/perl5/perlbrew/perls/5.16/lib/site_perl/5.16.3
    /home/travis/perl5/perlbrew/perls/5.16/lib/5.16.3/x86_64-linux
    /home/travis/perl5/perlbrew/perls/5.16/lib/5.16.3
    .
travis_fold:start:before_install.1$ sudo apt-get install libhunspell-1.3-0 hunspell-en-us libhunspell-dev
Reading package lists... 0%Reading package lists... 0%Reading package lists... 1%Reading package lists... 7%Reading package lists... 7%Reading package lists... 7%Reading package lists... 7%Reading package lists... 29%Reading package lists... 30%Reading package lists... 30%Reading package lists... 30%Reading package lists... 30%Reading package lists... 37%Reading package lists... 37%Reading package lists... 38%Reading package lists... 38%Reading package lists... 61%Reading package lists... 61%Reading package lists... 61%Reading package lists... 61%Reading package lists... 61%Reading package lists... 65%Reading package lists... 65%Reading package lists... 65%Reading package lists... 65%Reading package lists... 65%Reading package lists... 65%Reading package lists... 79%Reading package lists... 79%Reading package lists... 83%Reading package lists... 83%Reading package lists... 83%Reading package lists... 83%Reading package lists... 84%Reading package lists... 84%Reading package lists... 84%Reading package lists... 84%Reading package lists... 88%Reading package lists... 88%Reading package lists... 88%Reading package lists... 88%Reading package lists... 89%Reading package lists... 89%Reading package lists... 89%Reading package lists... 89%Reading package lists... 89%Reading package lists... 91%Reading package lists... 91%Reading package lists... 91%Reading package lists... 91%Reading package lists... 92%Reading package lists... 92%Reading package lists... 92%Reading package lists... 92%Reading package lists... 92%Reading package lists... 92%Reading package lists... 92%Reading package lists... 92%Reading package lists... 92%Reading package lists... 92%Reading package lists... 92%Reading package lists... 92%Reading package lists... 92%Reading package lists... 92%Reading package lists... 92%Reading package lists... 92%Reading package lists... 92%Reading package lists... 92%Reading package lists... 92%Reading package lists... 92%Reading package lists... 92%Reading package lists... 92%Reading package lists... 92%Reading package lists... 92%Reading package lists... 92%Reading package lists... 92%Reading package lists... 92%Reading package lists... 92%Reading package lists... 94%Reading package lists... 94%Reading package lists... 94%Reading package lists... 94%Reading package lists... 95%Reading package lists... 95%Reading package lists... 95%Reading package lists... 95%Reading package lists... 97%Reading package lists... 97%Reading package lists... 97%Reading package lists... 97%Reading package lists... 97%Reading package lists... 97%Reading package lists... 97%Reading package lists... 97%Reading package lists... 98%Reading package lists... 98%Reading package lists... 98%Reading package lists... 98%Reading package lists... 98%Reading package lists... 98%Reading package lists... 99%Reading package lists... 99%Reading package lists... 99%Reading package lists... 99%Reading package lists... 99%Reading package lists... 99%Reading package lists... 99%Reading package lists... 99%Reading package lists... 99%Reading package lists... 99%Reading package lists... 99%Reading package lists... 99%Reading package lists... 99%Reading package lists... 99%Reading package lists... 99%Reading package lists... 99%Reading package lists... 99%Reading package lists... 99%Reading package lists... 99%Reading package lists... 99%Reading package lists... 99%Reading package lists... 99%Reading package lists... 99%Reading package lists... 99%Reading package lists... 99%Reading package lists... 99%Reading package lists... 99%Reading package lists... 99%Reading package lists... 99%Reading package lists... 99%Reading package lists... Done
Building dependency tree... 0%Building dependency tree... 0%Building dependency tree... 50%Building dependency tree... 50%Building dependency tree       
Reading state information... 0%Reading state information... 0%Reading state information... Done
The following extra packages will be installed:
  dictionaries-common
Suggested packages:
  ispell jed-extra hunspell openoffice.org-hunspell openoffice.org-core
The following NEW packages will be installed:
  dictionaries-common hunspell-en-us libhunspell-1.3-0 libhunspell-dev
0 upgraded, 4 newly installed, 0 to remove and 0 not upgraded.
Need to get 848 kB of archives.
After this operation, 2,778 kB of additional disk space will be used.
0% [Working]            Get:1 http://us.archive.ubuntu.com/ubuntu/ precise/main libhunspell-1.3-0 amd64 1.3.2-4 [142 kB]
            2% [1 libhunspell-1.3-0 14.0 kB/142 kB 10%]                                           17% [Waiting for headers]                         Get:2 http://us.archive.ubuntu.com/ubuntu/ precise/main dictionaries-common all 1.12.1ubuntu2 [246 kB]
                         18% [2 dictionaries-common 7,617 B/246 kB 3%]                                             46% [Waiting for headers]                         Get:3 http://us.archive.ubuntu.com/ubuntu/ precise/main hunspell-en-us all 20070829-4ubuntu3 [248 kB]
                         46% [3 hunspell-en-us 5,063 B/248 kB 2%]                                        75% [Waiting for headers]                         Get:4 http://us.archive.ubuntu.com/ubuntu/ precise/main libhunspell-dev amd64 1.3.2-4 [213 kB]
                         77% [4 libhunspell-dev 18.4 kB/213 kB 9%]                                         100% [Working]              Fetched 848 kB in 0s (852 kB/s)
Preconfiguring packages ...
Selecting previously unselected package libhunspell-1.3-0.
(Reading database ... (Reading database ... 5%(Reading database ... 10%(Reading database ... 15%(Reading database ... 20%(Reading database ... 25%(Reading database ... 30%(Reading database ... 35%(Reading database ... 40%(Reading database ... 45%(Reading database ... 50%(Reading database ... 55%(Reading database ... 60%(Reading database ... 65%(Reading database ... 70%(Reading database ... 75%(Reading database ... 80%(Reading database ... 85%(Reading database ... 90%(Reading database ... 95%(Reading database ... 100%(Reading database ... 58789 files and directories currently installed.)
Unpacking libhunspell-1.3-0 (from .../libhunspell-1.3-0_1.3.2-4_amd64.deb) ...
Selecting previously unselected package dictionaries-common.
Unpacking dictionaries-common (from .../dictionaries-common_1.12.1ubuntu2_all.deb) ...
Adding 'diversion of /usr/share/dict/words to /usr/share/dict/words.pre-dictionaries-common by dictionaries-common'
Selecting previously unselected package hunspell-en-us.
Unpacking hunspell-en-us (from .../hunspell-en-us_20070829-4ubuntu3_all.deb) ...
Selecting previously unselected package libhunspell-dev.
Unpacking libhunspell-dev (from .../libhunspell-dev_1.3.2-4_amd64.deb) ...
Processing triggers for man-db ...
Setting up libhunspell-1.3-0 (1.3.2-4) ...
Setting up dictionaries-common (1.12.1ubuntu2) ...
install/dictionaries-common: Byte-compiling for emacsen flavour emacs23
Wrote /usr/share/emacs23/site-lisp/dictionaries-common/debian-ispell.elc
Wrote /usr/share/emacs23/site-lisp/dictionaries-common/ispell.elc
Wrote /usr/share/emacs23/site-lisp/dictionaries-common/flyspell.elc
Setting up libhunspell-dev (1.3.2-4) ...
Processing triggers for dictionaries-common ...
Setting up hunspell-en-us (20070829-4ubuntu3) ...
Processing triggers for libc-bin ...
ldconfig deferred processing now taking place
travis_fold:end:before_install.1travis_fold:start:before_install.2$ cd Text-Hoborg
travis_fold:end:before_install.2travis_fold:start:install$ cpanm --quiet --installdeps --notest .
Successfully installed Text-Hunspell-2.08
Successfully installed Lingua-EN-Syllable-0.251
Successfully installed Lingua-EN-Fathom-1.15
3 distributions installed
travis_fold:end:install$ perl Makefile.PL && make test
Writing Makefile for Text::Hoborg
Writing MYMETA.yml and MYMETA.json
cp lib/Text/Hoborg.pm blib/lib/Text/Hoborg.pm
PERL_DL_NONLAZY=1 /home/travis/perl5/perlbrew/perls/5.16/bin/perl "-MExtUtils::Command::MM" "-e" "test_harness(0, 'blib/lib', 'blib/arch')" t/*.t
t/00.load.t ......... t/00.load.t ......... 1/? # Testing Text::Hoborg 0.0.3
t/00.load.t ......... 2305/? 
#   Failed test 'Checking losum'
#   at t/00.load.t line 29.

#   Failed test 'Checking honke'
#   at t/00.load.t line 29.
t/00.load.t ......... 13729/? # Looks like you failed 2 tests of 15244.
                               t/00.load.t ......... Dubious, test returned 2 (wstat 512, 0x200)
Failed 2/15244 subtests 
t/01.readability.t .. # Testing Text::Hoborg 0.0.3
# Fog = 8.87326905097437
# Kincaid = 6.86827055966624
# Flesch = 73.172099653308
t/01.readability.t .. 1/?                            t/01.readability.t .. ok

Test Summary Report
-------------------
t/00.load.t       (Wstat: 512 Tests: 15244 Failed: 2)
  Failed tests:  10311, 11115
  Non-zero exit status: 2
Files=2, Tests=15250,  3 wallclock secs ( 1.21 usr  0.07 sys +  2.49 cusr  0.05 csys =  3.82 CPU)
Result: FAIL
Failed 1/2 test programs. 2/15250 subtests failed.
make: *** [test_dynamic] Error 255

The command "make test" exited with 2.

Done. Your build exited with 1.
