Using worker: worker-linux-6-1.bb.travis-ci.org:travis-linux-2

travis_fold:start:git.1$ git clone --depth=50 --branch=master git://github.com/JJ/hoborg.git JJ/hoborg
Cloning into 'JJ/hoborg'...
remote: Counting objects: 296, done.ote: Compressing objects:   0% (1/209)   ote: Compressing objects:   1% (3/209)   ote: Compressing objects:   2% (5/209)   ote: Compressing objects:   3% (7/209)   ote: Compressing objects:   4% (9/209)   ote: Compressing objects:   5% (11/209)   ote: Compressing objects:   6% (13/209)   ote: Compressing objects:   7% (15/209)   ote: Compressing objects:   8% (17/209)   ote: Compressing objects:   9% (19/209)   ote: Compressing objects:  10% (21/209)   ote: Compressing objects:  11% (23/209)   ote: Compressing objects:  12% (26/209)   ote: Compressing objects:  13% (28/209)   ote: Compressing objects:  14% (30/209)   ote: Compressing objects:  15% (32/209)   ote: Compressing objects:  16% (34/209)   ote: Compressing objects:  17% (36/209)   ote: Compressing objects:  18% (38/209)   ote: Compressing objects:  19% (40/209)   ote: Compressing objects:  20% (42/209)   ote: Compressing objects:  21% (44/209)   ote: Compressing objects:  22% (46/209)   ote: Compressing objects:  23% (49/209)   ote: Compressing objects:  24% (51/209)   ote: Compressing objects:  25% (53/209)   ote: Compressing objects:  26% (55/209)   ote: Compressing objects:  27% (57/209)   ote: Compressing objects:  28% (59/209)   ote: Compressing objects:  29% (61/209)   ote: Compressing objects:  30% (63/209)   ote: Compressing objects:  31% (65/209)   ote: Compressing objects:  32% (67/209)   ote: Compressing objects:  33% (69/209)   ote: Compressing objects:  34% (72/209)   ote: Compressing objects:  35% (74/209)   ote: Compressing objects:  36% (76/209)   ote: Compressing objects:  37% (78/209)   ote: Compressing objects:  38% (80/209)   ote: Compressing objects:  39% (82/209)   ote: Compressing objects:  40% (84/209)   ote: Compressing objects:  41% (86/209)   ote: Compressing objects:  42% (88/209)   ote: Compressing objects:  43% (90/209)   ote: Compressing objects:  44% (92/209)   ote: Compressing objects:  45% (95/209)   ote: Compressing objects:  46% (97/209)   ote: Compressing objects:  47% (99/209)   ote: Compressing objects:  48% (101/209)   ote: Compressing objects:  49% (103/209)   ote: Compressing objects:  50% (105/209)   ote: Compressing objects:  51% (107/209)   ote: Compressing objects:  52% (109/209)   ote: Compressing objects:  53% (111/209)   ote: Compressing objects:  54% (113/209)   ote: Compressing objects:  55% (115/209)   ote: Compressing objects:  56% (118/209)   ote: Compressing objects:  57% (120/209)   ote: Compressing objects:  58% (122/209)   ote: Compressing objects:  59% (124/209)   ote: Compressing objects:  60% (126/209)   ote: Compressing objects:  61% (128/209)   ote: Compressing objects:  62% (130/209)   ote: Compressing objects:  63% (132/209)   ote: Compressing objects:  64% (134/209)   ote: Compressing objects:  65% (136/209)   ote: Compressing objects:  66% (138/209)   ote: Compressing objects:  67% (141/209)   ote: Compressing objects:  68% (143/209)   ote: Compressing objects:  69% (145/209)   ote: Compressing objects:  70% (147/209)   ote: Compressing objects:  71% (149/209)   ote: Compressing objects:  72% (151/209)   ote: Compressing objects:  73% (153/209)   ote: Compressing objects:  74% (155/209)   ote: Compressing objects:  75% (157/209)   ote: Compressing objects:  76% (159/209)   ote: Compressing objects:  77% (161/209)   ote: Compressing objects:  78% (164/209)   ote: Compressing objects:  79% (166/209)   ote: Compressing objects:  80% (168/209)   ote: Compressing objects:  81% (170/209)   ote: Compressing objects:  82% (172/209)   ote: Compressing objects:  83% (174/209)   ote: Compressing objects:  84% (176/209)   ote: Compressing objects:  85% (178/209)   ote: Compressing objects:  86% (180/209)   ote: Compressing objects:  87% (182/209)   ote: Compressing objects:  88% (184/209)   ote: Compressing objects:  89% (187/209)   ote: Compressing objects:  90% (189/209)   ote: Compressing objects:  91% (191/209)   ote: Compressing objects:  92% (193/209)   ote: Compressing objects:  93% (195/209)   ote: Compressing objects:  94% (197/209)   ote: Compressing objects:  95% (199/209)   ote: Compressing objects:  96% (201/209)   ote: Compressing objects:  97% (203/209)   ote: Compressing objects:  98% (205/209)   ote: Compressing objects:  99% (207/209)   ote: Compressing objects: 100% (209/209)   ote: Compressing objects: 100% (209/209), done.ote: Total 296 (delta 183), reused 185 (delta 80)ay be copied only under the terms of either the Artistic License or the
GNU General Public License, which may be found in the Perl 5 source kit.

Complete documentation for Perl, including FAQ lists, should be found on
this system using "man perl" or "perldoc perl".  If you have access to the
Internet, point your browser at http://www.perl.org/, the Perl Home Page.

$ cpanm --version
cpanm (App::cpanminus) version 1.6922 (/home/travis/perl5/perlbrew/bin/cpanm)
perl version 5.016003 (/home/travis/perl5/perlbrew/perls/5.16/bin/perl)

  %Config:
    archname=x86_64-linux
    installsitelib=/home/travis/perl5/perlbrew/perls/5.16/lib/site_perl/5.16.3
    installsitebin=/home/travis/perl5/perlbrew/perls/5.16/bin
    installman1dir=/home/travis/perl5/perlbrew/perls/5.16/man/man1
    installman3dir=/home/travis/perl5/perlbrew/perls/5.16/man/man3
    sitelibexp=/home/travis/perl5/perlbrew/perls/5.16/lib/site_perl/5.16.3
    archlibexp=/home/travis/perl5/perlbrew/perls/5.16/lib/5.16.3/x86_64-linux
    privlibexp=/home/travis/perl5/perlbrew/perls/5.16/lib/5.16.3
  %ENV:
    PERLBREW_BASHRC_VERSION=0.64
    PERLBREW_HOME=/home/travis/.perlbrew
    PERLBREW_MANPATH=/home/travis/perl5/perlbrew/perls/5.16/man
    PERLBREW_PATH=/home/travis/perl5/perlbrew/bin:/home/travis/perl5/perlbrew/perls/5.16/bin
    PERLBREW_PERL=5.16
    PERLBREW_ROOT=/home/travis/perl5/perlbrew
    PERLBREW_VERSION=0.64
  @INC:
    /home/travis/perl5/perlbrew/perls/5.16/lib/site_perl/5.16.3/x86_64-linux
    /home/travis/perl5/perlbrew/perls/5.16/lib/site_perl/5.16.3
    /home/travis/perl5/perlbrew/perls/5.16/lib/5.16.3/x86_64-linux
    /home/travis/perl5/perlbrew/perls/5.16/lib/5.16.3
    .
travis_fold:start:before_install.1$ sudo apt-get install libhunspell-1.3-0 hunspell-en-us libhunspell-dev
Reading package lists... 0%Reading package lists... 0%Reading package lists... 1%Reading package lists... 7%Reading package lists... 7%Reading package lists... 7%Reading package lists... 7%Reading package lists... 28%Reading package lists... 30%Reading package lists... 30%Reading package lists... 30%Reading package lists... 30%Reading package lists... 37%Reading package lists... 37%Reading package lists... 38%Reading package lists... 38%Reading package lists... 60%Reading package lists... 61%Reading package lists... 61%Reading package lists... 61%Reading package lists... 61%Reading package lists... 65%Reading package lists... 65%Reading package lists... 65%Reading package lists... 65%Reading package lists... 65%Reading package lists... 65%Reading package lists... 79%Reading package lists... 79%Reading package lists... 80%Reading package lists... 83%Reading package lists... 83%Reading package lists... 83%Reading package lists... 83%Reading package lists... 84%Reading package lists... 84%Reading package lists... 84%Reading package lists... 84%Reading package lists... 88%Reading package lists... 88%Reading package lists... 88%Reading package lists... 88%Reading package lists... 89%Reading package lists... 89%Reading package lists... 89%Reading package lists... 89%Reading package lists... 91%Reading package lists... 91%Reading package lists... 91%Reading package lists... 91%Reading package lists... 91%Reading package lists... 91%Reading package lists... 92%Reading package lists... 92%Reading package lists... 92%Reading package lists... 92%Reading package lists... 92%Reading package lists... 92%Reading package lists... 92%Reading package lists... 92%Reading package lists... 92%Reading package lists... 92%Reading package lists... 92%Reading package lists... 92%Reading package lists... 92%Reading package lists... 92%Reading package lists... 92%Reading package lists... 92%Reading package lists... 92%Reading package lists... 92%Reading package lists... 92%Reading package lists... 92%Reading package lists... 92%Reading package lists... 92%Reading package lists... 92%Reading package lists... 92%Reading package lists... 92%Reading package lists... 92%Reading package lists... 94%Reading package lists... 94%Reading package lists... 94%Reading package lists... 94%Reading package lists... 95%Reading package lists... 95%Reading package lists... 95%Reading package lists... 95%Reading package lists... 97%Reading package lists... 97%Reading package lists... 97%Reading package lists... 97%Reading package lists... 97%Reading package lists... 97%Reading package lists... 97%Reading package lists... 97%Reading package lists... 98%Reading package lists... 98%Reading package lists... 98%Reading package lists... 98%Reading package lists... 98%Reading package lists... 98%Reading package lists... 99%Reading package lists... 99%Reading package lists... 99%Reading package lists... 99%Reading package lists... 99%Reading package lists... 99%Reading package lists... 99%Reading package lists... 99%Reading package lists... 99%Reading package lists... 99%Reading package lists... 99%Reading package lists... 99%Reading package lists... 99%Reading package lists... 99%Reading package lists... 99%Reading package lists... 99%Reading package lists... 99%Reading package lists... 99%Reading package lists... 99%Reading package lists... 99%Reading package lists... 99%Reading package lists... 99%Reading package lists... 99%Reading package lists... 99%Reading package lists... 99%Reading package lists... 99%Reading package lists... 99%Reading package lists... 99%Reading package lists... 99%Reading package lists... 99%Reading package lists... Done
Building dependency tree... 0%Building dependency tree... 0%Building dependency tree... 0%Building dependency tree... 50%Building dependency tree... 50%Building dependency tree       
Reading state information... 0%Reading state information... 0%Reading state information... Done
The following extra packages will be installed:
  dictionaries-common
Suggested packages:
  ispell jed-extra hunspell openoffice.org-hunspell openoffice.org-core
The following NEW packages will be installed:
  dictionaries-common hunspell-en-us libhunspell-1.3-0 libhunspell-dev
0 upgraded, 4 newly installed, 0 to remove and 0 not upgraded.
Need to get 848 kB of archives.
After this operation, 2,778 kB of additional disk space will be used.
0% [Working]            0% [Connecting to us.archive.ubuntu.com (2001:67c:1562::13)]                                                            Get:1 http://us.archive.ubuntu.com/ubuntu/ precise/main libhunspell-1.3-0 amd64 1.3.2-4 [142 kB]
                                                            1% [1 libhunspell-1.3-0 5,403 B/142 kB 4%]                                          17% [Working]             Get:2 http://us.archive.ubuntu.com/ubuntu/ precise/main dictionaries-common all 1.12.1ubuntu2 [246 kB]
             17% [2 dictionaries-common 1,905 B/246 kB 1%]                                             46% [Working]             Get:3 http://us.archive.ubuntu.com/ubuntu/ precise/main hunspell-en-us all 20070829-4ubuntu3 [248 kB]
             46% [3 hunspell-en-us 1,691 B/248 kB 1%]                                        75% [Waiting for headers]                         Get:4 http://us.archive.ubuntu.com/ubuntu/ precise/main libhunspell-dev amd64 1.3.2-4 [213 kB]
                         75% [4 libhunspell-dev 2,823 B/213 kB 1%]                                         100% [Working]              Fetched 848 kB in 1s (680 kB/s)
Preconfiguring packages ...
Selecting previously unselected package libhunspell-1.3-0.
(Reading database ... (Reading database ... 5%(Reading database ... 10%(Reading database ... 15%(Reading database ... 20%(Reading database ... 25%(Reading database ... 30%(Reading database ... 35%(Reading database ... 40%(Reading database ... 45%(Reading database ... 50%(Reading database ... 55%(Reading database ... 60%(Reading database ... 65%(Reading database ... 70%(Reading database ... 75%(Reading database ... 80%(Reading database ... 85%(Reading database ... 90%(Reading database ... 95%(Reading database ... 100%(Reading database ... 59021 files and directories currently installed.)
Unpacking libhunspell-1.3-0 (from .../libhunspell-1.3-0_1.3.2-4_amd64.deb) ...
Selecting previously unselected package dictionaries-common.
Unpacking dictionaries-common (from .../dictionaries-common_1.12.1ubuntu2_all.deb) ...
Adding 'diversion of /usr/share/dict/words to /usr/share/dict/words.pre-dictionaries-common by dictionaries-common'
Selecting previously unselected package hunspell-en-us.
Unpacking hunspell-en-us (from .../hunspell-en-us_20070829-4ubuntu3_all.deb) ...
Selecting previously unselected package libhunspell-dev.
Unpacking libhunspell-dev (from .../libhunspell-dev_1.3.2-4_amd64.deb) ...
Processing triggers for man-db ...
Setting up libhunspell-1.3-0 (1.3.2-4) ...
Setting up dictionaries-common (1.12.1ubuntu2) ...
install/dictionaries-common: Byte-compiling for emacsen flavour emacs23
Wrote /usr/share/emacs23/site-lisp/dictionaries-common/debian-ispell.elc
Wrote /usr/share/emacs23/site-lisp/dictionaries-common/ispell.elc
Wrote /usr/share/emacs23/site-lisp/dictionaries-common/flyspell.elc
Setting up libhunspell-dev (1.3.2-4) ...
Processing triggers for dictionaries-common ...
Setting up hunspell-en-us (20070829-4ubuntu3) ...
Processing triggers for libc-bin ...
ldconfig deferred processing now taking place
travis_fold:end:before_install.1travis_fold:start:before_install.2$ cd Text-Hoborg
travis_fold:end:before_install.2travis_fold:start:install$ cpanm --quiet --installdeps --notest .
Successfully installed Text-Hunspell-2.08
Successfully installed Lingua-EN-Syllable-0.251
Successfully installed Lingua-EN-Fathom-1.15
3 distributions installed
travis_fold:end:install$ perl Makefile.PL && make test
Writing Makefile for Text::Hoborg
Writing MYMETA.yml and MYMETA.json
cp lib/Text/Hoborg.pm blib/lib/Text/Hoborg.pm
cp lib/Text/Hoborg/Manuel.pod blib/lib/Text/Hoborg/Manuel.pod
PERL_DL_NONLAZY=1 /home/travis/perl5/perlbrew/perls/5.16/bin/perl "-MExtUtils::Command::MM" "-e" "test_harness(0, 'blib/lib', 'blib/arch')" t/*.t
t/00.load.t ......... t/00.load.t ......... 1/? # Testing Text::Hoborg 0.0.4 in ../text

#   Failed test 'Checking Facebook in text'
#   at t/00.load.t line 31.
t/00.load.t ......... 146/? t/00.load.t ......... 11741/? t/00.load.t ......... 22079/? # Looks like you failed 1 test of 29909.
                               t/00.load.t ......... Dubious, test returned 1 (wstat 256, 0x100)
Failed 1/29909 subtests 
t/01.readability.t .. # Testing Text::Hoborg 0.0.4
# Fog = 9.05456733355091
# Kincaid = 6.92142851673106
# Flesch = 73.375179271101
t/01.readability.t .. 1/?                            t/01.readability.t .. ok

Test Summary Report
-------------------
t/00.load.t       (Wstat: 256 Tests: 29909 Failed: 1)
  Failed test:  59
  Non-zero exit status: 1
Files=2, Tests=29915,  5 wallclock secs ( 2.53 usr  0.11 sys +  4.87 cusr  0.07 csys =  7.58 CPU)
Result: FAIL
Failed 1/2 test programs. 1/29915 subtests failed.
make: *** [test_dynamic] Error 255

The command "make test" exited with 2.

Done. Your build exited with 1.
