travis_fold:start:git.1$ git clone --depth=50 --branch=master git://github.com/JJ/hoborg.git JJ/hoborg
Cloning into 'JJ/hoborg'...
remote: Counting objects: 264, done.ote: Compressing objects:   0% (1/138)   ote: Compressing objects:   1% (2/138)   ote: Compressing objects:   2% (3/138)   ote: Compressing objects:   3% (5/138)   ote: Compressing objects:   4% (6/138)   ote: Compressing objects:   5% (7/138)   ote: Compressing objects:   6% (9/138)   ote: Compressing objects:   7% (10/138)   ote: Compressing objects:   8% (12/138)   ote: Compressing objects:   9% (13/138)   ote: Compressing objects:  10% (14/138)   ote: Compressing objects:  11% (16/138)   ote: Compressing objects:  12% (17/138)   ote: Compressing objects:  13% (18/138)   ote: Compressing objects:  14% (20/138)   ote: Compressing objects:  15% (21/138)   ote: Compressing objects:  16% (23/138)   ote: Compressing objects:  17% (24/138)   ote: Compressing objects:  18% (25/138)   ote: Compressing objects:  19% (27/138)   ote: Compressing objects:  20% (28/138)   ote: Compressing objects:  21% (29/138)   ote: Compressing objects:  22% (31/138)   ote: Compressing objects:  23% (32/138)   ote: Compressing objects:  24% (34/138)   ote: Compressing objects:  25% (35/138)   ote: Compressing objects:  26% (36/138)   ote: Compressing objects:  27% (38/138)   ote: Compressing objects:  28% (39/138)   ote: Compressing objects:  29% (41/138)   ote: Compressing objects:  30% (42/138)   ote: Compressing objects:  31% (43/138)   ote: Compressing objects:  32% (45/138)   ote: Compressing objects:  33% (46/138)   ote: Compressing objects:  34% (47/138)   ote: Compressing objects:  35% (49/138)   ote: Compressing objects:  36% (50/138)   ote: Compressing objects:  37% (52/138)   ote: Compressing objects:  38% (53/138)   ote: Compressing objects:  39% (54/138)   ote: Compressing objects:  40% (56/138)   ote: Compressing objects:  41% (57/138)   ote: Compressing objects:  42% (58/138)   ote: Compressing objects:  43% (60/138)   ote: Compressing objects:  44% (61/138)   ote: Compressing objects:  45% (63/138)   ote: Compressing objects:  46% (64/138)   ote: Compressing objects:  47% (65/138)   ote: Compressing objects:  48% (67/138)   ote: Compressing objects:  49% (68/138)   ote: Compressing objects:  50% (69/138)   ote: Compressing objects:  51% (71/138)   ote: Compressing objects:  52% (72/138)   ote: Compressing objects:  53% (74/138)   ote: Compressing objects:  54% (75/138)   ote: Compressing objects:  55% (76/138)   ote: Compressing objects:  56% (78/138)   ote: Compressing objects:  57% (79/138)   ote: Compressing objects:  58% (81/138)   ote: Compressing objects:  59% (82/138)   ote: Compressing objects:  60% (83/138)   ote: Compressing objects:  61% (85/138)   ote: Compressing objects:  62% (86/138)   ote: Compressing objects:  63% (87/138)   ote: Compressing objects:  64% (89/138)   ote: Compressing objects:  65% (90/138)   ote: Compressing objects:  66% (92/138)   ote: Compressing objects:  67% (93/138)   ote: Compressing objects:  68% (94/138)   ote: Compressing objects:  69% (96/138)   ote: Compressing objects:  70% (97/138)   ote: Compressing objects:  71% (98/138)   ote: Compressing objects:  72% (100/138)   ote: Compressing objects:  73% (101/138)   ote: Compressing objects:  74% (103/138)   ote: Compressing objects:  75% (104/138)   ote: Compressing objects:  76% (105/138)   ote: Compressing objects:  77% (107/138)   ote: Compressing objects:  78% (108/138)   ote: Compressing objects:  79% (110/138)   ote: Compressing objects:  80% (111/138)   ote: Compressing objects:  81% (112/138)   ote: Compressing objects:  82% (114/138)   ote: Compressing objects:  83% (115/138)   ote: Compressing objects:  84% (116/138)   ote: Compressing objects:  85% (118/138)   ote: Compressing objects:  86% (119/138)   ote: Compressing objects:  87% (121/138)   ote: Compressing objects:  88% (122/138)   ote: Compressing objects:  89% (123/138)   ote: Compressing objects:  90% (125/138)   ote: Compressing objects:  91% (126/138)   ote: Compressing objects:  92% (127/138)   ote: Compressing objects:  93% (129/138)   ote: Compressing objects:  94% (130/138)   ote: Compressing objects:  95% (132/138)   ote: Compressing objects:  96% (133/138)   ote: Compressing objects:  97% (134/138)   ote: Compressing objects:  98% (136/138)   ote: Compressing objects:  99% (137/138)   ote: Compressing objects: 100% (138/138)   ote: Compressing objects: 100% (138/138), done.ote: Total 264 (delta 161), reused 213 (delta 120)ay be copied only under the terms of either the Artistic License or the
GNU General Public License, which may be found in the Perl 5 source kit.

Complete documentation for Perl, including FAQ lists, should be found on
this system using "man perl" or "perldoc perl".  If you have access to the
Internet, point your browser at http://www.perl.org/, the Perl Home Page.

$ cpanm --version
cpanm (App::cpanminus) version 1.6102
travis_fold:start:before_install.1$ sudo apt-get install libhunspell-1.3-0 hunspell-en-us libhunspell-dev
Reading package lists... 0%Reading package lists... 0%Reading package lists... 1%Reading package lists... 7%Reading package lists... 7%Reading package lists... 7%Reading package lists... 7%Reading package lists... 29%Reading package lists... 31%Reading package lists... 31%Reading package lists... 31%Reading package lists... 31%Reading package lists... 38%Reading package lists... 38%Reading package lists... 39%Reading package lists... 39%Reading package lists... 62%Reading package lists... 62%Reading package lists... 63%Reading package lists... 63%Reading package lists... 63%Reading package lists... 66%Reading package lists... 66%Reading package lists... 67%Reading package lists... 67%Reading package lists... 67%Reading package lists... 67%Reading package lists... 81%Reading package lists... 81%Reading package lists... 84%Reading package lists... 84%Reading package lists... 85%Reading package lists... 85%Reading package lists... 86%Reading package lists... 86%Reading package lists... 86%Reading package lists... 86%Reading package lists... 89%Reading package lists... 89%Reading package lists... 90%Reading package lists... 90%Reading package lists... 90%Reading package lists... 91%Reading package lists... 91%Reading package lists... 91%Reading package lists... 91%Reading package lists... 93%Reading package lists... 93%Reading package lists... 93%Reading package lists... 93%Reading package lists... 93%Reading package lists... 93%Reading package lists... 93%Reading package lists... 93%Reading package lists... 93%Reading package lists... 93%Reading package lists... 93%Reading package lists... 93%Reading package lists... 93%Reading package lists... 93%Reading package lists... 93%Reading package lists... 93%Reading package lists... 93%Reading package lists... 93%Reading package lists... 93%Reading package lists... 93%Reading package lists... 93%Reading package lists... 93%Reading package lists... 93%Reading package lists... 93%Reading package lists... 93%Reading package lists... 93%Reading package lists... 93%Reading package lists... 93%Reading package lists... 93%Reading package lists... 93%Reading package lists... 93%Reading package lists... 93%Reading package lists... 95%Reading package lists... 95%Reading package lists... 95%Reading package lists... 95%Reading package lists... 95%Reading package lists... 95%Reading package lists... 95%Reading package lists... 95%Reading package lists... 97%Reading package lists... 97%Reading package lists... 97%Reading package lists... 97%Reading package lists... 97%Reading package lists... 97%Reading package lists... 97%Reading package lists... 97%Reading package lists... 98%Reading package lists... 98%Reading package lists... 98%Reading package lists... 98%Reading package lists... 98%Reading package lists... 98%Reading package lists... 98%Reading package lists... 98%Reading package lists... 98%Reading package lists... 98%Reading package lists... 99%Reading package lists... 99%Reading package lists... 99%Reading package lists... 99%Reading package lists... 99%Reading package lists... 99%Reading package lists... 99%Reading package lists... 99%Reading package lists... 99%Reading package lists... 99%Reading package lists... 99%Reading package lists... 99%Reading package lists... 99%Reading package lists... 99%Reading package lists... 99%Reading package lists... 99%Reading package lists... 99%Reading package lists... 99%Reading package lists... 99%Reading package lists... 99%Reading package lists... 99%Reading package lists... 99%Reading package lists... 99%Reading package lists... 99%Reading package lists... 99%Reading package lists... 99%Reading package lists... Done
Building dependency tree... 0%Building dependency tree... 0%Building dependency tree... 50%Building dependency tree... 50%Building dependency tree       
Reading state information... 0%Reading state information... 0%Reading state information... Done
The following extra packages will be installed:
  dictionaries-common
Suggested packages:
  ispell jed-extra hunspell openoffice.org-hunspell openoffice.org-core
The following NEW packages will be installed:
  dictionaries-common hunspell-en-us libhunspell-1.3-0 libhunspell-dev
0 upgraded, 4 newly installed, 0 to remove and 0 not upgraded.
Need to get 848 kB of archives.
After this operation, 2,778 kB of additional disk space will be used.
0% [Working]            Get:1 http://us.archive.ubuntu.com/ubuntu/ precise/main libhunspell-1.3-0 amd64 1.3.2-4 [142 kB]
            2% [1 libhunspell-1.3-0 14.0 kB/142 kB 10%]                                           17% [Waiting for headers]                         Get:2 http://us.archive.ubuntu.com/ubuntu/ precise/main dictionaries-common all 1.12.1ubuntu2 [246 kB]
                         17% [2 dictionaries-common 477 B/246 kB 0%]                                           46% [Waiting for headers]                         Get:3 http://us.archive.ubuntu.com/ubuntu/ precise/main hunspell-en-us all 20070829-4ubuntu3 [248 kB]
                         46% [3 hunspell-en-us 5,063 B/248 kB 2%]                                        75% [Waiting for headers]                         Get:4 http://us.archive.ubuntu.com/ubuntu/ precise/main libhunspell-dev amd64 1.3.2-4 [213 kB]
                         76% [4 libhunspell-dev 9,963 B/213 kB 5%]                                         100% [Working]              Fetched 848 kB in 1s (838 kB/s)
Preconfiguring packages ...
Selecting previously unselected package libhunspell-1.3-0.
(Reading database ... (Reading database ... 5%(Reading database ... 10%(Reading database ... 15%(Reading database ... 20%(Reading database ... 25%(Reading database ... 30%(Reading database ... 35%(Reading database ... 40%(Reading database ... 45%(Reading database ... 50%(Reading database ... 55%(Reading database ... 60%(Reading database ... 65%(Reading database ... 70%(Reading database ... 75%(Reading database ... 80%(Reading database ... 85%(Reading database ... 90%(Reading database ... 95%(Reading database ... 100%(Reading database ... 59321 files and directories currently installed.)
Unpacking libhunspell-1.3-0 (from .../libhunspell-1.3-0_1.3.2-4_amd64.deb) ...
Selecting previously unselected package dictionaries-common.
Unpacking dictionaries-common (from .../dictionaries-common_1.12.1ubuntu2_all.deb) ...
Adding 'diversion of /usr/share/dict/words to /usr/share/dict/words.pre-dictionaries-common by dictionaries-common'
Selecting previously unselected package hunspell-en-us.
Unpacking hunspell-en-us (from .../hunspell-en-us_20070829-4ubuntu3_all.deb) ...
Selecting previously unselected package libhunspell-dev.
Unpacking libhunspell-dev (from .../libhunspell-dev_1.3.2-4_amd64.deb) ...
Processing triggers for man-db ...
Setting up libhunspell-1.3-0 (1.3.2-4) ...
Setting up dictionaries-common (1.12.1ubuntu2) ...
Wrote /usr/share/emacs23/site-lisp/dictionaries-common/ispell.elc
Wrote /usr/share/emacs23/site-lisp/dictionaries-common/flyspell.elc
Setting up libhunspell-dev (1.3.2-4) ...
Processing triggers for dictionaries-common ...
Setting up hunspell-en-us (20070829-4ubuntu3) ...
Processing triggers for libc-bin ...
ldconfig deferred processing now taking place
travis_fold:end:before_install.1travis_fold:start:before_install.2$ cd Text-Hoborg
travis_fold:end:before_install.2travis_fold:start:install$ cpanm --quiet --installdeps --notest .
Successfully installed Text-Hunspell-2.08
Successfully installed Lingua-EN-Syllable-0.251
Successfully installed Lingua-EN-Fathom-1.15
3 distributions installed
travis_fold:end:install$ perl Makefile.PL && make test
Writing Makefile for Text::Hoborg
Writing MYMETA.yml and MYMETA.json
cp lib/Text/Hoborg.pm blib/lib/Text/Hoborg.pm
PERL_DL_NONLAZY=1 /home/travis/perl5/perlbrew/perls/5.16/bin/perl "-MExtUtils::Command::MM" "-e" "test_harness(0, 'blib/lib', 'blib/arch')" t/*.t
t/00.load.t ......... t/00.load.t ......... 1/? # Testing Text::Hoborg 0.0.3
t/00.load.t ......... 135/? 
#   Failed test 'Eyebrowless OK'
#   at t/00.load.t line 29.
# Looks like you failed 1 test of 10645.
                               t/00.load.t ......... Dubious, test returned 1 (wstat 256, 0x100)
Failed 1/10645 subtests 
t/01.readability.t .. # Testing Text::Hoborg 0.0.3
# Fog = 8.77588859541485
# Kincaid = 6.74010888123364
# Flesch = 73.1240551893696
t/01.readability.t .. 1/?                            t/01.readability.t .. ok

Test Summary Report
-------------------
t/00.load.t       (Wstat: 256 Tests: 10645 Failed: 1)
  Failed test:  5448
  Non-zero exit status: 1
Files=2, Tests=10651,  2 wallclock secs ( 0.95 usr  0.02 sys +  1.78 cusr  0.03 csys =  2.78 CPU)
Result: FAIL
Failed 1/2 test programs. 1/10651 subtests failed.
make: *** [test_dynamic] Error 255

The command "make test" exited with 2.

Done. Your build exited with 1.
