Using worker: worker-linux-5-1.bb.travis-ci.org:travis-linux-10

travis_fold:start:git.1$ git clone --depth=50 --branch=master git://github.com/JJ/hoborg.git JJ/hoborg
Cloning into 'JJ/hoborg'...
remote: Counting objects: 223, done.ote: Compressing objects:   0% (1/128)   ote: Compressing objects:   1% (2/128)   ote: Compressing objects:   2% (3/128)   ote: Compressing objects:   3% (4/128)   ote: Compressing objects:   4% (6/128)   ote: Compressing objects:   5% (7/128)   ote: Compressing objects:   6% (8/128)   ote: Compressing objects:   7% (9/128)   ote: Compressing objects:   8% (11/128)   ote: Compressing objects:   9% (12/128)   ote: Compressing objects:  10% (13/128)   ote: Compressing objects:  11% (15/128)   ote: Compressing objects:  12% (16/128)   ote: Compressing objects:  13% (17/128)   ote: Compressing objects:  14% (18/128)   ote: Compressing objects:  15% (20/128)   ote: Compressing objects:  16% (21/128)   ote: Compressing objects:  17% (22/128)   ote: Compressing objects:  18% (24/128)   ote: Compressing objects:  19% (25/128)   ote: Compressing objects:  20% (26/128)   ote: Compressing objects:  21% (27/128)   ote: Compressing objects:  22% (29/128)   ote: Compressing objects:  23% (30/128)   ote: Compressing objects:  24% (31/128)   ote: Compressing objects:  25% (32/128)   ote: Compressing objects:  26% (34/128)   ote: Compressing objects:  27% (35/128)   ote: Compressing objects:  28% (36/128)   ote: Compressing objects:  29% (38/128)   ote: Compressing objects:  30% (39/128)   ote: Compressing objects:  31% (40/128)   ote: Compressing objects:  32% (41/128)   ote: Compressing objects:  33% (43/128)   ote: Compressing objects:  34% (44/128)   ote: Compressing objects:  35% (45/128)   ote: Compressing objects:  36% (47/128)   ote: Compressing objects:  37% (48/128)   ote: Compressing objects:  38% (49/128)   ote: Compressing objects:  39% (50/128)   ote: Compressing objects:  40% (52/128)   ote: Compressing objects:  41% (53/128)   ote: Compressing objects:  42% (54/128)   ote: Compressing objects:  43% (56/128)   ote: Compressing objects:  44% (57/128)   ote: Compressing objects:  45% (58/128)   ote: Compressing objects:  46% (59/128)   ote: Compressing objects:  47% (61/128)   ote: Compressing objects:  48% (62/128)   ote: Compressing objects:  49% (63/128)   ote: Compressing objects:  50% (64/128)   ote: Compressing objects:  51% (66/128)   ote: Compressing objects:  52% (67/128)   ote: Compressing objects:  53% (68/128)   ote: Compressing objects:  54% (70/128)   ote: Compressing objects:  55% (71/128)   ote: Compressing objects:  56% (72/128)   ote: Compressing objects:  57% (73/128)   ote: Compressing objects:  58% (75/128)   ote: Compressing objects:  59% (76/128)   ote: Compressing objects:  60% (77/128)   ote: Compressing objects:  61% (79/128)   ote: Compressing objects:  62% (80/128)   ote: Compressing objects:  63% (81/128)   ote: Compressing objects:  64% (82/128)   ote: Compressing objects:  65% (84/128)   ote: Compressing objects:  66% (85/128)   ote: Compressing objects:  67% (86/128)   ote: Compressing objects:  68% (88/128)   ote: Compressing objects:  69% (89/128)   ote: Compressing objects:  70% (90/128)   ote: Compressing objects:  71% (91/128)   ote: Compressing objects:  72% (93/128)   ote: Compressing objects:  73% (94/128)   ote: Compressing objects:  74% (95/128)   ote: Compressing objects:  75% (96/128)   ote: Compressing objects:  76% (98/128)   ote: Compressing objects:  77% (99/128)   ote: Compressing objects:  78% (100/128)   ote: Compressing objects:  79% (102/128)   ote: Compressing objects:  80% (103/128)   ote: Compressing objects:  81% (104/128)   ote: Compressing objects:  82% (105/128)   ote: Compressing objects:  83% (107/128)   ote: Compressing objects:  84% (108/128)   ote: Compressing objects:  85% (109/128)   ote: Compressing objects:  86% (111/128)   ote: Compressing objects:  87% (112/128)   ote: Compressing objects:  88% (113/128)   ote: Compressing objects:  89% (114/128)   ote: Compressing objects:  90% (116/128)   ote: Compressing objects:  91% (117/128)   ote: Compressing objects:  92% (118/128)   ote: Compressing objects:  93% (120/128)   ote: Compressing objects:  94% (121/128)   ote: Compressing objects:  95% (122/128)   ote: Compressing objects:  96% (123/128)   ote: Compressing objects:  97% (125/128)   ote: Compressing objects:  98% (126/128)   ote: Compressing objects:  99% (127/128)   ote: Compressing objects: 100% (128/128)   ote: Compressing objects: 100% (128/128), done.ote: Total 223 (delta 121), reused 188 (delta 92)ay be copied only under the terms of either the Artistic License or the
GNU General Public License, which may be found in the Perl 5 source kit.

Complete documentation for Perl, including FAQ lists, should be found on
this system using "man perl" or "perldoc perl".  If you have access to the
Internet, point your browser at http://www.perl.org/, the Perl Home Page.

$ cpanm --version
cpanm (App::cpanminus) version 1.6102
travis_fold:start:before_install.1$ sudo apt-get install libhunspell-1.3-0 hunspell-en-us libhunspell-dev
Reading package lists... 0%Reading package lists... 0%Reading package lists... 1%Reading package lists... 7%Reading package lists... 7%Reading package lists... 7%Reading package lists... 7%Reading package lists... 29%Reading package lists... 31%Reading package lists... 31%Reading package lists... 31%Reading package lists... 31%Reading package lists... 38%Reading package lists... 38%Reading package lists... 39%Reading package lists... 39%Reading package lists... 62%Reading package lists... 62%Reading package lists... 63%Reading package lists... 63%Reading package lists... 64%Reading package lists... 66%Reading package lists... 66%Reading package lists... 67%Reading package lists... 67%Reading package lists... 67%Reading package lists... 67%Reading package lists... 81%Reading package lists... 81%Reading package lists... 84%Reading package lists... 84%Reading package lists... 85%Reading package lists... 85%Reading package lists... 86%Reading package lists... 86%Reading package lists... 86%Reading package lists... 86%Reading package lists... 89%Reading package lists... 89%Reading package lists... 90%Reading package lists... 90%Reading package lists... 91%Reading package lists... 91%Reading package lists... 91%Reading package lists... 91%Reading package lists... 91%Reading package lists... 93%Reading package lists... 93%Reading package lists... 93%Reading package lists... 93%Reading package lists... 93%Reading package lists... 93%Reading package lists... 93%Reading package lists... 93%Reading package lists... 93%Reading package lists... 93%Reading package lists... 93%Reading package lists... 93%Reading package lists... 93%Reading package lists... 93%Reading package lists... 93%Reading package lists... 93%Reading package lists... 93%Reading package lists... 93%Reading package lists... 93%Reading package lists... 93%Reading package lists... 93%Reading package lists... 93%Reading package lists... 93%Reading package lists... 93%Reading package lists... 93%Reading package lists... 93%Reading package lists... 93%Reading package lists... 93%Reading package lists... 93%Reading package lists... 93%Reading package lists... 93%Reading package lists... 93%Reading package lists... 95%Reading package lists... 95%Reading package lists... 95%Reading package lists... 95%Reading package lists... 95%Reading package lists... 95%Reading package lists... 95%Reading package lists... 95%Reading package lists... 97%Reading package lists... 97%Reading package lists... 97%Reading package lists... 97%Reading package lists... 97%Reading package lists... 97%Reading package lists... 97%Reading package lists... 97%Reading package lists... 98%Reading package lists... 98%Reading package lists... 98%Reading package lists... 98%Reading package lists... 98%Reading package lists... 98%Reading package lists... 98%Reading package lists... 98%Reading package lists... 98%Reading package lists... 98%Reading package lists... 99%Reading package lists... 99%Reading package lists... 99%Reading package lists... 99%Reading package lists... 99%Reading package lists... 99%Reading package lists... 99%Reading package lists... 99%Reading package lists... 99%Reading package lists... 99%Reading package lists... 99%Reading package lists... 99%Reading package lists... 99%Reading package lists... 99%Reading package lists... 99%Reading package lists... 99%Reading package lists... 99%Reading package lists... 99%Reading package lists... 99%Reading package lists... 99%Reading package lists... 99%Reading package lists... 99%Reading package lists... 99%Reading package lists... 99%Reading package lists... 99%Reading package lists... 99%Reading package lists... Done
Building dependency tree... 0%Building dependency tree... 0%Building dependency tree... 50%Building dependency tree... 50%Building dependency tree       
Reading state information... 0%Reading state information... 0%Reading state information... Done
The following extra packages will be installed:
  dictionaries-common
Suggested packages:
  ispell jed-extra hunspell openoffice.org-hunspell openoffice.org-core
The following NEW packages will be installed:
  dictionaries-common hunspell-en-us libhunspell-1.3-0 libhunspell-dev
0 upgraded, 4 newly installed, 0 to remove and 0 not upgraded.
Need to get 848 kB of archives.
After this operation, 2,778 kB of additional disk space will be used.
0% [Working]            Get:1 http://us.archive.ubuntu.com/ubuntu/ precise/main libhunspell-1.3-0 amd64 1.3.2-4 [142 kB]
            2% [1 libhunspell-1.3-0 14.2 kB/142 kB 10%]                                           17% [Working]             Get:2 http://us.archive.ubuntu.com/ubuntu/ precise/main dictionaries-common all 1.12.1ubuntu2 [246 kB]
             22% [2 dictionaries-common 41.0 kB/246 kB 17%]                                              46% [Working]             Get:3 http://us.archive.ubuntu.com/ubuntu/ precise/main hunspell-en-us all 20070829-4ubuntu3 [248 kB]
             46% [3 hunspell-en-us 5,063 B/248 kB 2%]                                        75% [Working]             Get:4 http://us.archive.ubuntu.com/ubuntu/ precise/main libhunspell-dev amd64 1.3.2-4 [213 kB]
             75% [4 libhunspell-dev 0 B/213 kB 0%]                                     100% [Working]              Fetched 848 kB in 0s (2,401 kB/s)
Preconfiguring packages ...
Selecting previously unselected package libhunspell-1.3-0.
(Reading database ... (Reading database ... 5%(Reading database ... 10%(Reading database ... 15%(Reading database ... 20%(Reading database ... 25%(Reading database ... 30%(Reading database ... 35%(Reading database ... 40%(Reading database ... 45%(Reading database ... 50%(Reading database ... 55%(Reading database ... 60%(Reading database ... 65%(Reading database ... 70%(Reading database ... 75%(Reading database ... 80%(Reading database ... 85%(Reading database ... 90%(Reading database ... 95%(Reading database ... 100%(Reading database ... 59321 files and directories currently installed.)
Unpacking libhunspell-1.3-0 (from .../libhunspell-1.3-0_1.3.2-4_amd64.deb) ...
Selecting previously unselected package dictionaries-common.
Unpacking dictionaries-common (from .../dictionaries-common_1.12.1ubuntu2_all.deb) ...
Adding 'diversion of /usr/share/dict/words to /usr/share/dict/words.pre-dictionaries-common by dictionaries-common'
Selecting previously unselected package hunspell-en-us.
Unpacking hunspell-en-us (from .../hunspell-en-us_20070829-4ubuntu3_all.deb) ...
Selecting previously unselected package libhunspell-dev.
Unpacking libhunspell-dev (from .../libhunspell-dev_1.3.2-4_amd64.deb) ...
Processing triggers for man-db ...
Setting up libhunspell-1.3-0 (1.3.2-4) ...
Setting up dictionaries-common (1.12.1ubuntu2) ...
install/dictionaries-common: Byte-compiling for emacsen flavour emacs23
Wrote /usr/share/emacs23/site-lisp/dictionaries-common/debian-ispell.elc
Wrote /usr/share/emacs23/site-lisp/dictionaries-common/ispell.elc
Wrote /usr/share/emacs23/site-lisp/dictionaries-common/flyspell.elc
Setting up libhunspell-dev (1.3.2-4) ...
Processing triggers for dictionaries-common ...
Setting up hunspell-en-us (20070829-4ubuntu3) ...
Processing triggers for libc-bin ...
ldconfig deferred processing now taking place
travis_fold:end:before_install.1travis_fold:start:before_install.2$ cd Text-Hoborg
travis_fold:end:before_install.2travis_fold:start:install$ cpanm --quiet --installdeps --notest .
Successfully installed Text-Hunspell-2.08
1 distribution installed
travis_fold:end:install$ cd Text-Hoborg; perl Makefile.PL && make test
/home/travis/build.sh: line 149: cd: Text-Hoborg: No such file or directory
Writing Makefile for Text::Hoborg
Writing MYMETA.yml and MYMETA.json
cp lib/Text/Hoborg.pm blib/lib/Text/Hoborg.pm
PERL_DL_NONLAZY=1 /home/travis/perl5/perlbrew/perls/5.16/bin/perl "-MExtUtils::Command::MM" "-e" "test_harness(0, 'blib/lib', 'blib/arch')" t/*.t
t/00.load.t .. t/00.load.t .. 1/? # Testing Text::Hoborg 0.0.3

#   Failed test 'Ribera OK'
#   at t/00.load.t line 30.

#   Failed test 'umpirialist OK'
#   at t/00.load.t line 30.

#   Failed test 'umpirialist OK'
#   at t/00.load.t line 30.

#   Failed test 'umpirialistic OK'
#   at t/00.load.t line 30.
t/00.load.t .. 3035/? # Looks like you failed 4 tests of 3490.
                       t/00.load.t .. Dubious, test returned 4 (wstat 1024, 0x400)
Failed 4/3490 subtests 

Test Summary Report
-------------------
t/00.load.t (Wstat: 1024 Tests: 3490 Failed: 4)
  Failed tests:  1635, 1712, 1721, 1724
  Non-zero exit status: 4
Files=1, Tests=3490,  1 wallclock secs ( 0.32 usr  0.02 sys +  0.39 cusr  0.01 csys =  0.74 CPU)
Result: FAIL
Failed 1/1 test programs. 4/3490 subtests failed.
make: *** [test_dynamic] Error 4

The command "make test" exited with 2.

Done. Your build exited with 1.
